Using device: cuda:0
Files already downloaded and verified
Files already downloaded and verified
Epoch 1/100
----------
train Loss: 2.3065 Acc: 0.0978
test  Loss: 2.3061 Acc: 0.1000
Epoch 2/100
----------
train Loss: 2.3063 Acc: 0.0986
test  Loss: 2.3067 Acc: 0.1000
Epoch 3/100
----------
train Loss: 2.3063 Acc: 0.1002
test  Loss: 2.3062 Acc: 0.1000
Epoch 4/100
----------
train Loss: 2.3057 Acc: 0.1020
test  Loss: 2.3040 Acc: 0.1000
Epoch 5/100
----------
train Loss: 2.3064 Acc: 0.1007
test  Loss: 2.3091 Acc: 0.1000
Epoch 6/100
----------
train Loss: 2.3065 Acc: 0.0989
test  Loss: 2.3046 Acc: 0.1000
Epoch 7/100
----------
train Loss: 2.3057 Acc: 0.0990
test  Loss: 2.3080 Acc: 0.1000
Epoch 8/100
----------
train Loss: 2.3059 Acc: 0.1005
test  Loss: 2.3057 Acc: 0.1000
Epoch 9/100
----------
train Loss: 2.3064 Acc: 0.0979
test  Loss: 2.3058 Acc: 0.1015
Epoch 10/100
----------
train Loss: 2.2857 Acc: 0.1201
test  Loss: 2.2738 Acc: 0.1272
Epoch 11/100
----------
train Loss: 2.2604 Acc: 0.1362
test  Loss: 2.2586 Acc: 0.1353
Epoch 12/100
----------
train Loss: 2.2466 Acc: 0.1431
test  Loss: 2.2396 Acc: 0.1467
Epoch 13/100
----------
train Loss: 2.2362 Acc: 0.1493
test  Loss: 2.2425 Acc: 0.1445
Epoch 14/100
----------
train Loss: 2.2279 Acc: 0.1517
test  Loss: 2.2362 Acc: 0.1503
Epoch 15/100
----------
train Loss: 2.2230 Acc: 0.1551
test  Loss: 2.2413 Acc: 0.1465
Epoch 16/100
----------
train Loss: 2.2179 Acc: 0.1567
test  Loss: 2.2328 Acc: 0.1488
Epoch 17/100
----------
train Loss: 2.2147 Acc: 0.1603
test  Loss: 2.2363 Acc: 0.1540
Epoch 18/100
----------
train Loss: 2.2095 Acc: 0.1604
test  Loss: 2.2400 Acc: 0.1431
Epoch 19/100
----------
train Loss: 2.2034 Acc: 0.1660
test  Loss: 2.2387 Acc: 0.1554
Epoch 20/100
----------
train Loss: 2.1696 Acc: 0.1778
test  Loss: 2.2645 Acc: 0.1562
Epoch 21/100
----------
train Loss: 2.1479 Acc: 0.1899
test  Loss: 2.2693 Acc: 0.1555
Epoch 22/100
----------
train Loss: 2.1313 Acc: 0.1957
test  Loss: 2.2714 Acc: 0.1497
Epoch 23/100
----------
train Loss: 2.1193 Acc: 0.2016
test  Loss: 2.2676 Acc: 0.1595
Epoch 24/100
----------
train Loss: 2.1047 Acc: 0.2084
test  Loss: 2.2769 Acc: 0.1561
Epoch 25/100
----------
train Loss: 2.0918 Acc: 0.2167
test  Loss: 2.3099 Acc: 0.1506
Epoch 26/100
----------
train Loss: 2.0839 Acc: 0.2188
test  Loss: 2.3155 Acc: 0.1463
Epoch 27/100
----------
train Loss: 2.0694 Acc: 0.2265
test  Loss: 2.4519 Acc: 0.1448
Epoch 28/100
----------
train Loss: 2.0580 Acc: 0.2316
test  Loss: 2.3927 Acc: 0.1475
Epoch 29/100
----------
train Loss: 2.0445 Acc: 0.2366
test  Loss: 2.3796 Acc: 0.1490
Epoch 30/100
----------
train Loss: 1.9357 Acc: 0.2821
test  Loss: 2.4699 Acc: 0.1457
Epoch 31/100
----------
train Loss: 1.8754 Acc: 0.3046
test  Loss: 2.5569 Acc: 0.1436
Epoch 32/100
----------
train Loss: 1.8414 Acc: 0.3201
test  Loss: 2.5626 Acc: 0.1448
Epoch 33/100
----------
train Loss: 1.8106 Acc: 0.3338
test  Loss: 2.6493 Acc: 0.1482
Epoch 34/100
----------
train Loss: 1.7785 Acc: 0.3448
test  Loss: 2.8223 Acc: 0.1487
Epoch 35/100
----------
train Loss: 1.7503 Acc: 0.3596
test  Loss: 2.7726 Acc: 0.1429
Epoch 36/100
----------
train Loss: 1.7270 Acc: 0.3656
test  Loss: 3.0110 Acc: 0.1471
Epoch 37/100
----------
train Loss: 1.6963 Acc: 0.3761
test  Loss: 2.9559 Acc: 0.1450
Epoch 38/100
----------
train Loss: 1.6630 Acc: 0.3909
test  Loss: 3.0927 Acc: 0.1447
Epoch 39/100
----------
train Loss: 1.6420 Acc: 0.3956
test  Loss: 3.1066 Acc: 0.1394
Epoch 40/100
----------
train Loss: 1.4202 Acc: 0.4768
test  Loss: 3.4780 Acc: 0.1473
Epoch 41/100
----------
train Loss: 1.3074 Acc: 0.5148
test  Loss: 3.7619 Acc: 0.1470
Epoch 42/100
----------
train Loss: 1.2505 Acc: 0.5383
test  Loss: 4.1190 Acc: 0.1430
Epoch 43/100
----------
train Loss: 1.2042 Acc: 0.5560
test  Loss: 4.2830 Acc: 0.1403
Epoch 44/100
----------
train Loss: 1.1743 Acc: 0.5652
test  Loss: 4.5672 Acc: 0.1418
Epoch 45/100
----------
train Loss: 1.1458 Acc: 0.5770
test  Loss: 4.7409 Acc: 0.1396
Epoch 46/100
----------
train Loss: 1.1258 Acc: 0.5845
test  Loss: 4.9062 Acc: 0.1398
Epoch 47/100
----------
train Loss: 1.0955 Acc: 0.5970
test  Loss: 5.2055 Acc: 0.1438
Epoch 48/100
----------
train Loss: 1.0862 Acc: 0.6020
test  Loss: 5.2888 Acc: 0.1453
Epoch 49/100
----------
train Loss: 1.0454 Acc: 0.6151
test  Loss: 5.3626 Acc: 0.1402
Epoch 50/100
----------
train Loss: 0.8103 Acc: 0.7006
test  Loss: 6.2886 Acc: 0.1405
Epoch 51/100
----------
train Loss: 0.6831 Acc: 0.7508
test  Loss: 6.7799 Acc: 0.1423
Epoch 52/100
----------
train Loss: 0.6192 Acc: 0.7744
test  Loss: 7.3826 Acc: 0.1425
Epoch 53/100
----------
train Loss: 0.5710 Acc: 0.7936
test  Loss: 7.7148 Acc: 0.1395
Epoch 54/100
----------
train Loss: 0.5274 Acc: 0.8094
test  Loss: 8.4436 Acc: 0.1400
Epoch 55/100
----------
train Loss: 0.4901 Acc: 0.8263
test  Loss: 8.9855 Acc: 0.1406
Epoch 56/100
----------
train Loss: 0.4592 Acc: 0.8367
test  Loss: 9.1468 Acc: 0.1408
Epoch 57/100
----------
train Loss: 0.4317 Acc: 0.8457
test  Loss: 9.6446 Acc: 0.1403
Epoch 58/100
----------
train Loss: 0.4067 Acc: 0.8569
test  Loss: 10.3292 Acc: 0.1415
Epoch 59/100
----------
train Loss: 0.4227 Acc: 0.8478
test  Loss: 10.3780 Acc: 0.1382
Epoch 60/100
----------
train Loss: 0.3375 Acc: 0.8818
test  Loss: 11.0261 Acc: 0.1406
Epoch 61/100
----------
train Loss: 0.2817 Acc: 0.9056
test  Loss: 11.4071 Acc: 0.1410
Epoch 62/100
----------
train Loss: 0.2582 Acc: 0.9148
test  Loss: 11.9152 Acc: 0.1401
Epoch 63/100
----------
train Loss: 0.2416 Acc: 0.9217
test  Loss: 12.2338 Acc: 0.1404
Epoch 64/100
----------
train Loss: 0.2282 Acc: 0.9270
test  Loss: 12.4645 Acc: 0.1396
Epoch 65/100
----------
train Loss: 0.2168 Acc: 0.9309
test  Loss: 12.7980 Acc: 0.1386
Epoch 66/100
----------
train Loss: 0.2072 Acc: 0.9345
test  Loss: 13.0448 Acc: 0.1386
Epoch 67/100
----------
train Loss: 0.1981 Acc: 0.9375
test  Loss: 13.3927 Acc: 0.1387
Epoch 68/100
----------
train Loss: 0.1899 Acc: 0.9399
test  Loss: 13.6641 Acc: 0.1388
Epoch 69/100
----------
train Loss: 0.1823 Acc: 0.9429
test  Loss: 13.9827 Acc: 0.1393
Epoch 70/100
----------
train Loss: 0.1705 Acc: 0.9460
test  Loss: 14.1683 Acc: 0.1394
Epoch 71/100
----------
train Loss: 0.1656 Acc: 0.9478
test  Loss: 14.3668 Acc: 0.1379
Epoch 72/100
----------
train Loss: 0.1622 Acc: 0.9488
test  Loss: 14.5304 Acc: 0.1380
Epoch 73/100
----------
train Loss: 0.1592 Acc: 0.9497
test  Loss: 14.6710 Acc: 0.1376
Epoch 74/100
----------
train Loss: 0.1563 Acc: 0.9508
test  Loss: 14.7941 Acc: 0.1383
Epoch 75/100
----------
train Loss: 0.1536 Acc: 0.9514
test  Loss: 14.9036 Acc: 0.1384
Epoch 76/100
----------
train Loss: 0.1511 Acc: 0.9523
test  Loss: 15.0836 Acc: 0.1386
Epoch 77/100
----------
train Loss: 0.1487 Acc: 0.9533
test  Loss: 15.1690 Acc: 0.1383
Epoch 78/100
----------
train Loss: 0.1464 Acc: 0.9536
test  Loss: 15.3276 Acc: 0.1395
Epoch 79/100
----------
train Loss: 0.1442 Acc: 0.9543
test  Loss: 15.4585 Acc: 0.1390
Epoch 80/100
----------
train Loss: 0.1406 Acc: 0.9555
test  Loss: 15.5297 Acc: 0.1395
Epoch 81/100
----------
train Loss: 0.1392 Acc: 0.9558
test  Loss: 15.6264 Acc: 0.1393
Epoch 82/100
----------
train Loss: 0.1381 Acc: 0.9562
test  Loss: 15.6870 Acc: 0.1398
Epoch 83/100
----------
train Loss: 0.1370 Acc: 0.9567
test  Loss: 15.7643 Acc: 0.1397
Epoch 84/100
----------
train Loss: 0.1359 Acc: 0.9570
test  Loss: 15.8078 Acc: 0.1398
Epoch 85/100
----------
train Loss: 0.1350 Acc: 0.9573
test  Loss: 15.8801 Acc: 0.1399
Epoch 86/100
----------
train Loss: 0.1340 Acc: 0.9575
test  Loss: 15.9438 Acc: 0.1397
Epoch 87/100
----------
train Loss: 0.1331 Acc: 0.9582
test  Loss: 15.9962 Acc: 0.1397
Epoch 88/100
----------
train Loss: 0.1321 Acc: 0.9583
test  Loss: 16.0548 Acc: 0.1394
Epoch 89/100
----------
train Loss: 0.1313 Acc: 0.9587
test  Loss: 16.1138 Acc: 0.1406
Epoch 90/100
----------
train Loss: 0.1297 Acc: 0.9589
test  Loss: 16.1749 Acc: 0.1402
Epoch 91/100
----------
train Loss: 0.1292 Acc: 0.9592
test  Loss: 16.2068 Acc: 0.1405
Epoch 92/100
----------
train Loss: 0.1287 Acc: 0.9592
test  Loss: 16.2444 Acc: 0.1400
Epoch 93/100
----------
train Loss: 0.1283 Acc: 0.9594
test  Loss: 16.2736 Acc: 0.1404
Epoch 94/100
----------
train Loss: 0.1278 Acc: 0.9595
test  Loss: 16.3023 Acc: 0.1406
Epoch 95/100
----------
train Loss: 0.1274 Acc: 0.9597
test  Loss: 16.3313 Acc: 0.1403
Epoch 96/100
----------
train Loss: 0.1270 Acc: 0.9599
test  Loss: 16.3607 Acc: 0.1404
Epoch 97/100
----------
train Loss: 0.1266 Acc: 0.9599
test  Loss: 16.3965 Acc: 0.1407
Epoch 98/100
----------
train Loss: 0.1262 Acc: 0.9601
test  Loss: 16.4231 Acc: 0.1406
Epoch 99/100
----------
train Loss: 0.1258 Acc: 0.9603
test  Loss: 16.4501 Acc: 0.1408
Epoch 100/100
----------
train Loss: 0.1251 Acc: 0.9604
test  Loss: 16.4714 Acc: 0.1409
Training complete in 49m 45s
Best val Acc: 0.159500
Accuracy of the network on the 10000 test images: 15.00
Accuracy of horse : 2.70
Accuracy of car   : 9.20
Accuracy of deer  : 6.40
Accuracy of dog   : 21.90
Accuracy of frog  : 45.00
Accuracy of cat   : 3.70
Accuracy of plane : 35.10
Accuracy of truck : 11.00
Accuracy of ship  : 14.70
Accuracy of bird  : 9.80
