Using device: cuda:0
Training with the following hyper-patameters:
learning-rate = 0.01
batch-size = 16
momentum = 0.9
Files already downloaded and verified
Files already downloaded and verified
Epoch 1/10
----------
train Loss: 14.4297 Acc: 0.1012
test  Loss: 14.5094 Acc: 0.1009
Epoch 2/10
----------
train Loss: 14.4734 Acc: 0.1065
test  Loss: 14.3014 Acc: 0.1221
Epoch 3/10
----------
train Loss: 14.4636 Acc: 0.1310
test  Loss: 14.2535 Acc: 0.1491
Epoch 4/10
----------
train Loss: 14.4102 Acc: 0.1484
test  Loss: 14.3696 Acc: 0.1528
Epoch 5/10
----------
> /mobileye/algo_OBJD/alonnt/Documents/AppliedDeepLearning/project/cifar10/ContinuousnessLoss.py(66)forward()
-> s = "stop here"
(Pdb) 