Using device: cuda:0
Files already downloaded and verified
Files already downloaded and verified
Epoch 1/100
----------
train Loss: 2.3066 Acc: 0.1000
test  Loss: 2.3037 Acc: 0.1000
Epoch 2/100
----------
train Loss: 2.2989 Acc: 0.1104
test  Loss: 2.2819 Acc: 0.1198
Epoch 3/100
----------
train Loss: 2.2788 Acc: 0.1249
test  Loss: 2.2590 Acc: 0.1383
Epoch 4/100
----------
train Loss: 2.2667 Acc: 0.1360
test  Loss: 2.2605 Acc: 0.1433
Epoch 5/100
----------
train Loss: 2.2626 Acc: 0.1383
test  Loss: 2.2507 Acc: 0.1486
Epoch 6/100
----------
train Loss: 2.2556 Acc: 0.1410
test  Loss: 2.2493 Acc: 0.1367
Epoch 7/100
----------
train Loss: 2.2569 Acc: 0.1417
test  Loss: 2.2560 Acc: 0.1374
Epoch 8/100
----------
train Loss: 2.2586 Acc: 0.1384
test  Loss: 2.2868 Acc: 0.1239
Epoch 9/100
----------
train Loss: 2.2615 Acc: 0.1377
test  Loss: 2.2653 Acc: 0.1327
Epoch 10/100
----------
train Loss: 2.2350 Acc: 0.1516
test  Loss: 2.2397 Acc: 0.1487
Epoch 11/100
----------
train Loss: 2.2241 Acc: 0.1543
test  Loss: 2.2496 Acc: 0.1504
Epoch 12/100
----------
train Loss: 2.2174 Acc: 0.1615
test  Loss: 2.2329 Acc: 0.1535
Epoch 13/100
----------
train Loss: 2.2138 Acc: 0.1608
test  Loss: 2.2360 Acc: 0.1489
Epoch 14/100
----------
train Loss: 2.2058 Acc: 0.1668
test  Loss: 2.2305 Acc: 0.1521
Epoch 15/100
----------
train Loss: 2.2013 Acc: 0.1679
test  Loss: 2.2414 Acc: 0.1522
Epoch 16/100
----------
train Loss: 2.1968 Acc: 0.1690
test  Loss: 2.2338 Acc: 0.1553
Epoch 17/100
----------
train Loss: 2.1939 Acc: 0.1706
test  Loss: 2.2416 Acc: 0.1574
Epoch 18/100
----------
train Loss: 2.1920 Acc: 0.1731
test  Loss: 2.2438 Acc: 0.1523
Epoch 19/100
----------
train Loss: 2.1878 Acc: 0.1743
test  Loss: 2.2352 Acc: 0.1560
Epoch 20/100
----------
train Loss: 2.1506 Acc: 0.1917
test  Loss: 2.2381 Acc: 0.1562
Epoch 21/100
----------
train Loss: 2.1259 Acc: 0.1994
test  Loss: 2.2429 Acc: 0.1513
Epoch 22/100
----------
train Loss: 2.1096 Acc: 0.2077
test  Loss: 2.2638 Acc: 0.1595
Epoch 23/100
----------
train Loss: 2.0947 Acc: 0.2127
test  Loss: 2.2798 Acc: 0.1578
Epoch 24/100
----------
train Loss: 2.0804 Acc: 0.2205
test  Loss: 2.2810 Acc: 0.1542
Epoch 25/100
----------
train Loss: 2.0670 Acc: 0.2255
test  Loss: 2.2987 Acc: 0.1568
Epoch 26/100
----------
train Loss: 2.0505 Acc: 0.2353
test  Loss: 2.3775 Acc: 0.1594
Epoch 27/100
----------
train Loss: 2.0385 Acc: 0.2404
test  Loss: 2.3650 Acc: 0.1557
Epoch 28/100
----------
train Loss: 2.0253 Acc: 0.2460
test  Loss: 2.3662 Acc: 0.1569
Epoch 29/100
----------
train Loss: 2.0149 Acc: 0.2492
test  Loss: 2.4051 Acc: 0.1493
Epoch 30/100
----------
train Loss: 1.9115 Acc: 0.2892
test  Loss: 2.5548 Acc: 0.1555
Epoch 31/100
----------
train Loss: 1.8470 Acc: 0.3144
test  Loss: 2.6003 Acc: 0.1513
Epoch 32/100
----------
train Loss: 1.8118 Acc: 0.3279
test  Loss: 2.6402 Acc: 0.1575
Epoch 33/100
----------
train Loss: 1.7790 Acc: 0.3404
test  Loss: 2.7796 Acc: 0.1495
Epoch 34/100
----------
train Loss: 1.7521 Acc: 0.3541
test  Loss: 2.8525 Acc: 0.1491
Epoch 35/100
----------
train Loss: 1.7292 Acc: 0.3592
test  Loss: 2.9643 Acc: 0.1510
Epoch 36/100
----------
train Loss: 1.7010 Acc: 0.3722
test  Loss: 2.9722 Acc: 0.1553
Epoch 37/100
----------
train Loss: 1.6864 Acc: 0.3783
test  Loss: 2.9717 Acc: 0.1530
Epoch 38/100
----------
train Loss: 1.6603 Acc: 0.3899
test  Loss: 3.1127 Acc: 0.1527
Epoch 39/100
----------
train Loss: 1.6411 Acc: 0.3989
test  Loss: 3.2595 Acc: 0.1465
Epoch 40/100
----------
train Loss: 1.4750 Acc: 0.4582
test  Loss: 3.4629 Acc: 0.1487
Epoch 41/100
----------
train Loss: 1.3703 Acc: 0.4925
test  Loss: 3.7798 Acc: 0.1505
Epoch 42/100
----------
train Loss: 1.3129 Acc: 0.5167
test  Loss: 4.0196 Acc: 0.1493
Epoch 43/100
----------
train Loss: 1.2763 Acc: 0.5312
test  Loss: 4.2326 Acc: 0.1501
Epoch 44/100
----------
train Loss: 1.2422 Acc: 0.5418
test  Loss: 4.4947 Acc: 0.1470
Epoch 45/100
----------
train Loss: 1.2084 Acc: 0.5532
test  Loss: 4.5311 Acc: 0.1521
Epoch 46/100
----------
train Loss: 1.1842 Acc: 0.5642
test  Loss: 4.7475 Acc: 0.1462
Epoch 47/100
----------
train Loss: 1.1657 Acc: 0.5705
test  Loss: 5.0710 Acc: 0.1482
Epoch 48/100
----------
train Loss: 1.1544 Acc: 0.5716
test  Loss: 5.0972 Acc: 0.1484
Epoch 49/100
----------
train Loss: 1.1303 Acc: 0.5814
test  Loss: 5.0713 Acc: 0.1470
Epoch 50/100
----------
train Loss: 0.9891 Acc: 0.6316
test  Loss: 5.7145 Acc: 0.1476
Epoch 51/100
----------
train Loss: 0.9088 Acc: 0.6613
test  Loss: 6.0820 Acc: 0.1515
Epoch 52/100
----------
train Loss: 0.8656 Acc: 0.6771
test  Loss: 6.3969 Acc: 0.1501
Epoch 53/100
----------
train Loss: 0.8340 Acc: 0.6893
test  Loss: 6.6167 Acc: 0.1491
Epoch 54/100
----------
train Loss: 0.8086 Acc: 0.7000
test  Loss: 6.8532 Acc: 0.1483
Epoch 55/100
----------
train Loss: 0.7844 Acc: 0.7078
test  Loss: 7.1625 Acc: 0.1486
Epoch 56/100
----------
train Loss: 0.7661 Acc: 0.7149
test  Loss: 7.3704 Acc: 0.1477
Epoch 57/100
----------
train Loss: 0.7475 Acc: 0.7205
test  Loss: 7.8340 Acc: 0.1475
Epoch 58/100
----------
train Loss: 0.7291 Acc: 0.7271
test  Loss: 8.1105 Acc: 0.1477
Epoch 59/100
----------
train Loss: 0.7134 Acc: 0.7323
test  Loss: 8.3383 Acc: 0.1471
Epoch 60/100
----------
train Loss: 0.6755 Acc: 0.7460
test  Loss: 8.5597 Acc: 0.1459
Epoch 61/100
----------
train Loss: 0.6560 Acc: 0.7532
test  Loss: 8.7035 Acc: 0.1466
Epoch 62/100
----------
train Loss: 0.6447 Acc: 0.7573
test  Loss: 8.9014 Acc: 0.1466
Epoch 63/100
----------
train Loss: 0.6357 Acc: 0.7608
test  Loss: 9.1161 Acc: 0.1468
Epoch 64/100
----------
train Loss: 0.6283 Acc: 0.7629
test  Loss: 9.2400 Acc: 0.1482
Epoch 65/100
----------
train Loss: 0.6211 Acc: 0.7646
test  Loss: 9.4350 Acc: 0.1454
Epoch 66/100
----------
train Loss: 0.6152 Acc: 0.7660
test  Loss: 9.5267 Acc: 0.1435
Epoch 67/100
----------
train Loss: 0.6089 Acc: 0.7695
test  Loss: 9.8046 Acc: 0.1450
Epoch 68/100
----------
train Loss: 0.6028 Acc: 0.7710
test  Loss: 9.8884 Acc: 0.1436
Epoch 69/100
----------
train Loss: 0.5974 Acc: 0.7736
test  Loss: 10.0618 Acc: 0.1429
Epoch 70/100
----------
train Loss: 0.5880 Acc: 0.7755
test  Loss: 10.1774 Acc: 0.1445
Epoch 71/100
----------
train Loss: 0.5837 Acc: 0.7777
test  Loss: 10.3115 Acc: 0.1445
Epoch 72/100
----------
train Loss: 0.5807 Acc: 0.7775
test  Loss: 10.3887 Acc: 0.1445
Epoch 73/100
----------
train Loss: 0.5780 Acc: 0.7792
test  Loss: 10.4394 Acc: 0.1442
Epoch 74/100
----------
train Loss: 0.5756 Acc: 0.7792
test  Loss: 10.5331 Acc: 0.1453
Epoch 75/100
----------
train Loss: 0.5733 Acc: 0.7802
test  Loss: 10.5850 Acc: 0.1436
Epoch 76/100
----------
train Loss: 0.5709 Acc: 0.7810
test  Loss: 10.6815 Acc: 0.1452
Epoch 77/100
----------
train Loss: 0.5688 Acc: 0.7816
test  Loss: 10.7928 Acc: 0.1447
Epoch 78/100
----------
train Loss: 0.5666 Acc: 0.7822
test  Loss: 10.8567 Acc: 0.1445
Epoch 79/100
----------
train Loss: 0.5646 Acc: 0.7828
test  Loss: 10.8874 Acc: 0.1460
Epoch 80/100
----------
train Loss: 0.5611 Acc: 0.7840
test  Loss: 10.9860 Acc: 0.1450
Epoch 81/100
----------
train Loss: 0.5596 Acc: 0.7845
test  Loss: 11.0143 Acc: 0.1444
Epoch 82/100
----------
train Loss: 0.5584 Acc: 0.7851
test  Loss: 11.0706 Acc: 0.1448
Epoch 83/100
----------
train Loss: 0.5575 Acc: 0.7851
test  Loss: 11.1193 Acc: 0.1448
Epoch 84/100
----------
train Loss: 0.5565 Acc: 0.7857
test  Loss: 11.1497 Acc: 0.1452
Epoch 85/100
----------
train Loss: 0.5555 Acc: 0.7857
test  Loss: 11.1679 Acc: 0.1459
Epoch 86/100
----------
train Loss: 0.5545 Acc: 0.7861
test  Loss: 11.2251 Acc: 0.1455
Epoch 87/100
----------
train Loss: 0.5536 Acc: 0.7861
test  Loss: 11.2366 Acc: 0.1450
Epoch 88/100
----------
train Loss: 0.5527 Acc: 0.7866
test  Loss: 11.2862 Acc: 0.1457
Epoch 89/100
----------
train Loss: 0.5518 Acc: 0.7868
test  Loss: 11.3223 Acc: 0.1451
Epoch 90/100
----------
train Loss: 0.5503 Acc: 0.7871
test  Loss: 11.3538 Acc: 0.1451
Epoch 91/100
----------
train Loss: 0.5497 Acc: 0.7870
test  Loss: 11.3877 Acc: 0.1455
Epoch 92/100
----------
train Loss: 0.5492 Acc: 0.7871
test  Loss: 11.4023 Acc: 0.1453
Epoch 93/100
----------
train Loss: 0.5488 Acc: 0.7874
test  Loss: 11.4251 Acc: 0.1452
Epoch 94/100
----------
train Loss: 0.5483 Acc: 0.7875
test  Loss: 11.4455 Acc: 0.1451
Epoch 95/100
----------
train Loss: 0.5479 Acc: 0.7872
test  Loss: 11.4626 Acc: 0.1456
Epoch 96/100
----------
train Loss: 0.5474 Acc: 0.7877
test  Loss: 11.4862 Acc: 0.1457
Epoch 97/100
----------
train Loss: 0.5470 Acc: 0.7882
test  Loss: 11.5003 Acc: 0.1454
Epoch 98/100
----------
train Loss: 0.5466 Acc: 0.7882
test  Loss: 11.5140 Acc: 0.1451
Epoch 99/100
----------
train Loss: 0.5462 Acc: 0.7882
test  Loss: 11.5261 Acc: 0.1457
Epoch 100/100
----------
train Loss: 0.5454 Acc: 0.7883
test  Loss: 11.5458 Acc: 0.1457
Training complete in 47m 27s
Best val Acc: 0.159500
Accuracy of the network on the 10000 test images: 15.00
Accuracy of horse : 10.60
Accuracy of car   : 5.30
Accuracy of deer  : 6.40
Accuracy of dog   : 8.80
Accuracy of frog  : 66.50
Accuracy of cat   : 2.10
Accuracy of plane : 29.00
Accuracy of truck : 13.30
Accuracy of ship  : 13.00
Accuracy of bird  : 4.50
