Started at 2019-08-25_21-20-27
Using device: cuda:2
Initializing the embedding layer with a random 3D polynomial.
The coefficients are in the file ./embeddings/polynomial_coefficients_2019-08-25_21-20-27
#################################################################################
#################################################################################
#################################################################################
Training with the following hyper-parameters:
learning-rate = 0.001
batch-size = 128
momentum = 0.9
weight-decay = 0.001
#################################################################################
Files already downloaded and verified
Files already downloaded and verified
Epoch 1/100
----------
train Loss: 2.7099 Acc: 0.1009 Embedding-Loss: 0.4073 Classification-Loss: 2.3027
test  Loss: 2.6956 Acc: 0.1103 Embedding-Loss: 0.3968 Classification-Loss: 2.2988
Epoch 2/100
----------
train Loss: 2.6378 Acc: 0.1612 Embedding-Loss: 0.3501 Classification-Loss: 2.2878
test  Loss: 2.4830 Acc: 0.1923 Embedding-Loss: 0.2254 Classification-Loss: 2.2576
Epoch 3/100
----------
train Loss: 2.4815 Acc: 0.2216 Embedding-Loss: 0.3261 Classification-Loss: 2.1554
test  Loss: 2.4960 Acc: 0.2549 Embedding-Loss: 0.4220 Classification-Loss: 2.0740
Epoch 4/100
----------
train Loss: 2.3471 Acc: 0.2740 Embedding-Loss: 0.3289 Classification-Loss: 2.0182
test  Loss: 2.2449 Acc: 0.3006 Embedding-Loss: 0.3087 Classification-Loss: 1.9361
Epoch 5/100
----------
train Loss: 2.2196 Acc: 0.3234 Embedding-Loss: 0.3358 Classification-Loss: 1.8838
test  Loss: 2.0855 Acc: 0.3480 Embedding-Loss: 0.2657 Classification-Loss: 1.8198
Epoch 6/100
----------
train Loss: 2.1541 Acc: 0.3631 Embedding-Loss: 0.3758 Classification-Loss: 1.7783
test  Loss: 2.1278 Acc: 0.3783 Embedding-Loss: 0.4024 Classification-Loss: 1.7253
Epoch 7/100
----------
train Loss: 2.0415 Acc: 0.3935 Embedding-Loss: 0.3464 Classification-Loss: 1.6951
test  Loss: 2.1719 Acc: 0.4033 Embedding-Loss: 0.5101 Classification-Loss: 1.6618
Epoch 8/100
----------
train Loss: 1.9716 Acc: 0.4141 Embedding-Loss: 0.3412 Classification-Loss: 1.6304
test  Loss: 1.9227 Acc: 0.4203 Embedding-Loss: 0.3202 Classification-Loss: 1.6025
Epoch 9/100
----------
train Loss: 1.9189 Acc: 0.4308 Embedding-Loss: 0.3340 Classification-Loss: 1.5849
test  Loss: 1.8992 Acc: 0.4417 Embedding-Loss: 0.3414 Classification-Loss: 1.5578
Epoch 10/100
----------
train Loss: 1.7250 Acc: 0.4486 Embedding-Loss: 0.1897 Classification-Loss: 1.5352
test  Loss: 1.7287 Acc: 0.4442 Embedding-Loss: 0.1852 Classification-Loss: 1.5435
Epoch 11/100
----------
train Loss: 1.6833 Acc: 0.4536 Embedding-Loss: 0.1657 Classification-Loss: 1.5175
test  Loss: 1.7501 Acc: 0.4510 Embedding-Loss: 0.2264 Classification-Loss: 1.5237
Epoch 12/100
----------
train Loss: 1.6588 Acc: 0.4590 Embedding-Loss: 0.1594 Classification-Loss: 1.4993
test  Loss: 1.7288 Acc: 0.4616 Embedding-Loss: 0.2376 Classification-Loss: 1.4912
Epoch 13/100
----------
train Loss: 1.6569 Acc: 0.4672 Embedding-Loss: 0.1742 Classification-Loss: 1.4826
test  Loss: 1.9342 Acc: 0.4625 Embedding-Loss: 0.4445 Classification-Loss: 1.4897
Epoch 14/100
----------
train Loss: 1.6428 Acc: 0.4741 Embedding-Loss: 0.1781 Classification-Loss: 1.4647
test  Loss: 1.6987 Acc: 0.4728 Embedding-Loss: 0.2366 Classification-Loss: 1.4621
Epoch 15/100
----------
train Loss: 1.6228 Acc: 0.4789 Embedding-Loss: 0.1702 Classification-Loss: 1.4526
test  Loss: 1.6155 Acc: 0.4762 Embedding-Loss: 0.1630 Classification-Loss: 1.4525
Epoch 16/100
----------
train Loss: 1.6183 Acc: 0.4851 Embedding-Loss: 0.1810 Classification-Loss: 1.4373
test  Loss: 1.6049 Acc: 0.4817 Embedding-Loss: 0.1628 Classification-Loss: 1.4421
Epoch 17/100
----------
train Loss: 1.6047 Acc: 0.4887 Embedding-Loss: 0.1781 Classification-Loss: 1.4266
test  Loss: 1.7057 Acc: 0.4684 Embedding-Loss: 0.2441 Classification-Loss: 1.4616
Epoch 18/100
----------
train Loss: 1.6025 Acc: 0.4967 Embedding-Loss: 0.1903 Classification-Loss: 1.4122
test  Loss: 1.5790 Acc: 0.4881 Embedding-Loss: 0.1629 Classification-Loss: 1.4161
Epoch 19/100
----------
train Loss: 1.5702 Acc: 0.5005 Embedding-Loss: 0.1741 Classification-Loss: 1.3962
test  Loss: 1.5716 Acc: 0.4928 Embedding-Loss: 0.1574 Classification-Loss: 1.4142
Epoch 20/100
----------
train Loss: 1.4672 Acc: 0.5094 Embedding-Loss: 0.0904 Classification-Loss: 1.3768
test  Loss: 1.4877 Acc: 0.4966 Embedding-Loss: 0.0835 Classification-Loss: 1.4042
Epoch 21/100
----------
train Loss: 1.4606 Acc: 0.5117 Embedding-Loss: 0.0930 Classification-Loss: 1.3676
test  Loss: 1.4578 Acc: 0.4974 Embedding-Loss: 0.0660 Classification-Loss: 1.3918
Epoch 22/100
----------
train Loss: 1.4458 Acc: 0.5151 Embedding-Loss: 0.0848 Classification-Loss: 1.3610
test  Loss: 1.4790 Acc: 0.4881 Embedding-Loss: 0.0679 Classification-Loss: 1.4111
Epoch 23/100
----------
train Loss: 1.4369 Acc: 0.5159 Embedding-Loss: 0.0815 Classification-Loss: 1.3553
test  Loss: 1.4186 Acc: 0.5015 Embedding-Loss: 0.0328 Classification-Loss: 1.3858
Epoch 24/100
----------
train Loss: 1.4431 Acc: 0.5179 Embedding-Loss: 0.0945 Classification-Loss: 1.3486
test  Loss: 1.4955 Acc: 0.4984 Embedding-Loss: 0.1111 Classification-Loss: 1.3845
Epoch 25/100
----------
train Loss: 1.4358 Acc: 0.5204 Embedding-Loss: 0.0927 Classification-Loss: 1.3431
test  Loss: 1.4752 Acc: 0.5045 Embedding-Loss: 0.0976 Classification-Loss: 1.3776
Epoch 26/100
----------
train Loss: 1.4247 Acc: 0.5236 Embedding-Loss: 0.0888 Classification-Loss: 1.3359
test  Loss: 1.4331 Acc: 0.5014 Embedding-Loss: 0.0549 Classification-Loss: 1.3782
Epoch 27/100
----------
train Loss: 1.4235 Acc: 0.5279 Embedding-Loss: 0.0951 Classification-Loss: 1.3284
test  Loss: 1.5116 Acc: 0.5109 Embedding-Loss: 0.1498 Classification-Loss: 1.3618
Epoch 28/100
----------
train Loss: 1.4115 Acc: 0.5285 Embedding-Loss: 0.0876 Classification-Loss: 1.3239
test  Loss: 1.4261 Acc: 0.5132 Embedding-Loss: 0.0707 Classification-Loss: 1.3554
Epoch 29/100
----------
train Loss: 1.4139 Acc: 0.5313 Embedding-Loss: 0.0974 Classification-Loss: 1.3165
test  Loss: 1.4336 Acc: 0.5092 Embedding-Loss: 0.0784 Classification-Loss: 1.3552
Epoch 30/100
----------
train Loss: 1.3462 Acc: 0.5377 Embedding-Loss: 0.0424 Classification-Loss: 1.3038
test  Loss: 1.4190 Acc: 0.5160 Embedding-Loss: 0.0750 Classification-Loss: 1.3440
Epoch 31/100
----------
train Loss: 1.3471 Acc: 0.5364 Embedding-Loss: 0.0456 Classification-Loss: 1.3015
test  Loss: 1.3728 Acc: 0.5155 Embedding-Loss: 0.0300 Classification-Loss: 1.3428
Epoch 32/100
----------
train Loss: 1.3403 Acc: 0.5389 Embedding-Loss: 0.0431 Classification-Loss: 1.2972
test  Loss: 1.3850 Acc: 0.5165 Embedding-Loss: 0.0427 Classification-Loss: 1.3423
Epoch 33/100
----------
train Loss: 1.3392 Acc: 0.5399 Embedding-Loss: 0.0439 Classification-Loss: 1.2953
test  Loss: 1.3802 Acc: 0.5176 Embedding-Loss: 0.0451 Classification-Loss: 1.3351
Epoch 34/100
----------
train Loss: 1.3444 Acc: 0.5407 Embedding-Loss: 0.0535 Classification-Loss: 1.2909
test  Loss: 1.3656 Acc: 0.5195 Embedding-Loss: 0.0298 Classification-Loss: 1.3358
Epoch 35/100
----------
train Loss: 1.3324 Acc: 0.5410 Embedding-Loss: 0.0443 Classification-Loss: 1.2880
test  Loss: 1.3913 Acc: 0.5192 Embedding-Loss: 0.0539 Classification-Loss: 1.3374
Epoch 36/100
----------
train Loss: 1.3314 Acc: 0.5433 Embedding-Loss: 0.0455 Classification-Loss: 1.2859
test  Loss: 1.3702 Acc: 0.5205 Embedding-Loss: 0.0412 Classification-Loss: 1.3289
Epoch 37/100
----------
train Loss: 1.3263 Acc: 0.5446 Embedding-Loss: 0.0452 Classification-Loss: 1.2811
test  Loss: 1.3691 Acc: 0.5207 Embedding-Loss: 0.0415 Classification-Loss: 1.3277
Epoch 38/100
----------
train Loss: 1.3241 Acc: 0.5459 Embedding-Loss: 0.0452 Classification-Loss: 1.2789
test  Loss: 1.3758 Acc: 0.5199 Embedding-Loss: 0.0338 Classification-Loss: 1.3419
Epoch 39/100
----------
train Loss: 1.3239 Acc: 0.5481 Embedding-Loss: 0.0483 Classification-Loss: 1.2755
test  Loss: 1.3510 Acc: 0.5222 Embedding-Loss: 0.0246 Classification-Loss: 1.3264
Epoch 40/100
----------
train Loss: 1.2919 Acc: 0.5502 Embedding-Loss: 0.0230 Classification-Loss: 1.2689
test  Loss: 1.3378 Acc: 0.5236 Embedding-Loss: 0.0166 Classification-Loss: 1.3212
Epoch 41/100
----------
train Loss: 1.2918 Acc: 0.5505 Embedding-Loss: 0.0246 Classification-Loss: 1.2672
test  Loss: 1.3332 Acc: 0.5255 Embedding-Loss: 0.0160 Classification-Loss: 1.3172
Epoch 42/100
----------
train Loss: 1.2890 Acc: 0.5499 Embedding-Loss: 0.0233 Classification-Loss: 1.2657
test  Loss: 1.3389 Acc: 0.5252 Embedding-Loss: 0.0241 Classification-Loss: 1.3148
Epoch 43/100
----------
train Loss: 1.2856 Acc: 0.5515 Embedding-Loss: 0.0210 Classification-Loss: 1.2646
test  Loss: 1.3298 Acc: 0.5260 Embedding-Loss: 0.0140 Classification-Loss: 1.3159
Epoch 44/100
----------
train Loss: 1.2828 Acc: 0.5526 Embedding-Loss: 0.0202 Classification-Loss: 1.2626
test  Loss: 1.3303 Acc: 0.5257 Embedding-Loss: 0.0177 Classification-Loss: 1.3126
Epoch 45/100
----------
train Loss: 1.2840 Acc: 0.5533 Embedding-Loss: 0.0236 Classification-Loss: 1.2605
test  Loss: 1.3246 Acc: 0.5270 Embedding-Loss: 0.0105 Classification-Loss: 1.3141
Epoch 46/100
----------
train Loss: 1.2800 Acc: 0.5536 Embedding-Loss: 0.0212 Classification-Loss: 1.2588
test  Loss: 1.3292 Acc: 0.5266 Embedding-Loss: 0.0148 Classification-Loss: 1.3144
Epoch 47/100
----------
train Loss: 1.2842 Acc: 0.5538 Embedding-Loss: 0.0261 Classification-Loss: 1.2581
test  Loss: 1.3598 Acc: 0.5289 Embedding-Loss: 0.0484 Classification-Loss: 1.3114
Epoch 48/100
----------
train Loss: 1.2780 Acc: 0.5564 Embedding-Loss: 0.0221 Classification-Loss: 1.2559
test  Loss: 1.3300 Acc: 0.5270 Embedding-Loss: 0.0176 Classification-Loss: 1.3124
Epoch 49/100
----------
train Loss: 1.2774 Acc: 0.5558 Embedding-Loss: 0.0230 Classification-Loss: 1.2544
test  Loss: 1.3254 Acc: 0.5295 Embedding-Loss: 0.0180 Classification-Loss: 1.3074
Epoch 50/100
----------
train Loss: 1.2622 Acc: 0.5563 Embedding-Loss: 0.0114 Classification-Loss: 1.2508
test  Loss: 1.3181 Acc: 0.5282 Embedding-Loss: 0.0123 Classification-Loss: 1.3057
Epoch 51/100
----------
train Loss: 1.2609 Acc: 0.5585 Embedding-Loss: 0.0115 Classification-Loss: 1.2495
test  Loss: 1.3151 Acc: 0.5300 Embedding-Loss: 0.0097 Classification-Loss: 1.3054
Epoch 52/100
----------
train Loss: 1.2601 Acc: 0.5582 Embedding-Loss: 0.0114 Classification-Loss: 1.2487
test  Loss: 1.3161 Acc: 0.5291 Embedding-Loss: 0.0076 Classification-Loss: 1.3085
Epoch 53/100
----------
train Loss: 1.2594 Acc: 0.5581 Embedding-Loss: 0.0113 Classification-Loss: 1.2481
test  Loss: 1.3153 Acc: 0.5288 Embedding-Loss: 0.0091 Classification-Loss: 1.3062
Epoch 54/100
----------
train Loss: 1.2585 Acc: 0.5589 Embedding-Loss: 0.0115 Classification-Loss: 1.2469
test  Loss: 1.3173 Acc: 0.5293 Embedding-Loss: 0.0125 Classification-Loss: 1.3048
Epoch 55/100
----------
train Loss: 1.2581 Acc: 0.5574 Embedding-Loss: 0.0112 Classification-Loss: 1.2468
test  Loss: 1.3122 Acc: 0.5328 Embedding-Loss: 0.0095 Classification-Loss: 1.3028
Epoch 56/100
----------
train Loss: 1.2560 Acc: 0.5594 Embedding-Loss: 0.0103 Classification-Loss: 1.2457
test  Loss: 1.3118 Acc: 0.5316 Embedding-Loss: 0.0084 Classification-Loss: 1.3035
Epoch 57/100
----------
train Loss: 1.2571 Acc: 0.5601 Embedding-Loss: 0.0117 Classification-Loss: 1.2454
test  Loss: 1.3119 Acc: 0.5304 Embedding-Loss: 0.0099 Classification-Loss: 1.3019
Epoch 58/100
----------
train Loss: 1.2545 Acc: 0.5595 Embedding-Loss: 0.0108 Classification-Loss: 1.2438
test  Loss: 1.3098 Acc: 0.5329 Embedding-Loss: 0.0073 Classification-Loss: 1.3025
Epoch 59/100
----------
train Loss: 1.2539 Acc: 0.5602 Embedding-Loss: 0.0103 Classification-Loss: 1.2436
test  Loss: 1.3156 Acc: 0.5326 Embedding-Loss: 0.0126 Classification-Loss: 1.3030
Epoch 60/100
----------
train Loss: 1.2473 Acc: 0.5619 Embedding-Loss: 0.0057 Classification-Loss: 1.2415
test  Loss: 1.3072 Acc: 0.5322 Embedding-Loss: 0.0054 Classification-Loss: 1.3018
Epoch 61/100
----------
train Loss: 1.2464 Acc: 0.5607 Embedding-Loss: 0.0056 Classification-Loss: 1.2408
test  Loss: 1.3078 Acc: 0.5335 Embedding-Loss: 0.0066 Classification-Loss: 1.3012
Epoch 62/100
----------
train Loss: 1.2465 Acc: 0.5607 Embedding-Loss: 0.0062 Classification-Loss: 1.2403
test  Loss: 1.3081 Acc: 0.5309 Embedding-Loss: 0.0072 Classification-Loss: 1.3009
Epoch 63/100
----------
train Loss: 1.2458 Acc: 0.5617 Embedding-Loss: 0.0056 Classification-Loss: 1.2402
test  Loss: 1.3029 Acc: 0.5307 Embedding-Loss: 0.0033 Classification-Loss: 1.2996
Epoch 64/100
----------
train Loss: 1.2452 Acc: 0.5615 Embedding-Loss: 0.0054 Classification-Loss: 1.2397
test  Loss: 1.3124 Acc: 0.5328 Embedding-Loss: 0.0124 Classification-Loss: 1.3000
Epoch 65/100
----------
train Loss: 1.2449 Acc: 0.5615 Embedding-Loss: 0.0058 Classification-Loss: 1.2391
test  Loss: 1.3068 Acc: 0.5314 Embedding-Loss: 0.0077 Classification-Loss: 1.2992
Epoch 66/100
----------
train Loss: 1.2448 Acc: 0.5612 Embedding-Loss: 0.0058 Classification-Loss: 1.2390
test  Loss: 1.3050 Acc: 0.5307 Embedding-Loss: 0.0067 Classification-Loss: 1.2984
Epoch 67/100
----------
train Loss: 1.2445 Acc: 0.5618 Embedding-Loss: 0.0058 Classification-Loss: 1.2387
test  Loss: 1.3044 Acc: 0.5310 Embedding-Loss: 0.0058 Classification-Loss: 1.2986
Epoch 68/100
----------
train Loss: 1.2437 Acc: 0.5617 Embedding-Loss: 0.0055 Classification-Loss: 1.2382
test  Loss: 1.3038 Acc: 0.5333 Embedding-Loss: 0.0049 Classification-Loss: 1.2989
Epoch 69/100
----------
train Loss: 1.2439 Acc: 0.5623 Embedding-Loss: 0.0062 Classification-Loss: 1.2377
test  Loss: 1.3046 Acc: 0.5329 Embedding-Loss: 0.0060 Classification-Loss: 1.2986
Epoch 70/100
----------
train Loss: 1.2399 Acc: 0.5627 Embedding-Loss: 0.0031 Classification-Loss: 1.2368
test  Loss: 1.3001 Acc: 0.5323 Embedding-Loss: 0.0026 Classification-Loss: 1.2975
Epoch 71/100
----------
train Loss: 1.2396 Acc: 0.5626 Embedding-Loss: 0.0032 Classification-Loss: 1.2364
test  Loss: 1.2999 Acc: 0.5323 Embedding-Loss: 0.0025 Classification-Loss: 1.2974
Epoch 72/100
----------
train Loss: 1.2392 Acc: 0.5623 Embedding-Loss: 0.0029 Classification-Loss: 1.2363
test  Loss: 1.3032 Acc: 0.5337 Embedding-Loss: 0.0060 Classification-Loss: 1.2971
Epoch 73/100
----------
train Loss: 1.2390 Acc: 0.5625 Embedding-Loss: 0.0029 Classification-Loss: 1.2361
test  Loss: 1.3003 Acc: 0.5329 Embedding-Loss: 0.0032 Classification-Loss: 1.2971
Epoch 74/100
----------
train Loss: 1.2384 Acc: 0.5623 Embedding-Loss: 0.0026 Classification-Loss: 1.2358
test  Loss: 1.2996 Acc: 0.5332 Embedding-Loss: 0.0027 Classification-Loss: 1.2969
Epoch 75/100
----------
train Loss: 1.2384 Acc: 0.5632 Embedding-Loss: 0.0028 Classification-Loss: 1.2357
test  Loss: 1.3002 Acc: 0.5320 Embedding-Loss: 0.0033 Classification-Loss: 1.2970
Epoch 76/100
----------
train Loss: 1.2383 Acc: 0.5635 Embedding-Loss: 0.0028 Classification-Loss: 1.2355
test  Loss: 1.2993 Acc: 0.5332 Embedding-Loss: 0.0024 Classification-Loss: 1.2969
Epoch 77/100
----------
train Loss: 1.2379 Acc: 0.5625 Embedding-Loss: 0.0027 Classification-Loss: 1.2352
test  Loss: 1.3007 Acc: 0.5347 Embedding-Loss: 0.0037 Classification-Loss: 1.2970
Epoch 78/100
----------
train Loss: 1.2382 Acc: 0.5632 Embedding-Loss: 0.0030 Classification-Loss: 1.2352
test  Loss: 1.2996 Acc: 0.5349 Embedding-Loss: 0.0032 Classification-Loss: 1.2965
Epoch 79/100
----------
train Loss: 1.2376 Acc: 0.5634 Embedding-Loss: 0.0026 Classification-Loss: 1.2350
test  Loss: 1.2974 Acc: 0.5316 Embedding-Loss: 0.0013 Classification-Loss: 1.2961
Epoch 80/100
----------
train Loss: 1.2357 Acc: 0.5636 Embedding-Loss: 0.0014 Classification-Loss: 1.2343
test  Loss: 1.2983 Acc: 0.5335 Embedding-Loss: 0.0020 Classification-Loss: 1.2963
Epoch 81/100
----------
train Loss: 1.2356 Acc: 0.5641 Embedding-Loss: 0.0015 Classification-Loss: 1.2341
test  Loss: 1.2979 Acc: 0.5341 Embedding-Loss: 0.0018 Classification-Loss: 1.2961
Epoch 82/100
----------
train Loss: 1.2354 Acc: 0.5632 Embedding-Loss: 0.0013 Classification-Loss: 1.2341
test  Loss: 1.2971 Acc: 0.5322 Embedding-Loss: 0.0012 Classification-Loss: 1.2959
Epoch 83/100
----------
train Loss: 1.2354 Acc: 0.5634 Embedding-Loss: 0.0014 Classification-Loss: 1.2341
test  Loss: 1.2972 Acc: 0.5328 Embedding-Loss: 0.0013 Classification-Loss: 1.2959
Epoch 84/100
----------
train Loss: 1.2355 Acc: 0.5642 Embedding-Loss: 0.0016 Classification-Loss: 1.2339
test  Loss: 1.2994 Acc: 0.5330 Embedding-Loss: 0.0036 Classification-Loss: 1.2958
Epoch 85/100
----------
train Loss: 1.2353 Acc: 0.5638 Embedding-Loss: 0.0015 Classification-Loss: 1.2338
test  Loss: 1.2971 Acc: 0.5329 Embedding-Loss: 0.0014 Classification-Loss: 1.2957
Epoch 86/100
----------
train Loss: 1.2351 Acc: 0.5639 Embedding-Loss: 0.0014 Classification-Loss: 1.2337
test  Loss: 1.2976 Acc: 0.5345 Embedding-Loss: 0.0018 Classification-Loss: 1.2958
Epoch 87/100
----------
train Loss: 1.2353 Acc: 0.5634 Embedding-Loss: 0.0017 Classification-Loss: 1.2337
test  Loss: 1.2980 Acc: 0.5324 Embedding-Loss: 0.0024 Classification-Loss: 1.2956
Epoch 88/100
----------
train Loss: 1.2351 Acc: 0.5635 Embedding-Loss: 0.0015 Classification-Loss: 1.2335
test  Loss: 1.2970 Acc: 0.5332 Embedding-Loss: 0.0014 Classification-Loss: 1.2955
Epoch 89/100
----------
train Loss: 1.2348 Acc: 0.5640 Embedding-Loss: 0.0014 Classification-Loss: 1.2334
test  Loss: 1.2967 Acc: 0.5323 Embedding-Loss: 0.0010 Classification-Loss: 1.2957
Epoch 90/100
----------
train Loss: 1.2338 Acc: 0.5639 Embedding-Loss: 0.0007 Classification-Loss: 1.2332
test  Loss: 1.2963 Acc: 0.5327 Embedding-Loss: 0.0010 Classification-Loss: 1.2953
Epoch 91/100
----------
train Loss: 1.2339 Acc: 0.5641 Embedding-Loss: 0.0008 Classification-Loss: 1.2331
test  Loss: 1.2962 Acc: 0.5328 Embedding-Loss: 0.0009 Classification-Loss: 1.2953
Epoch 92/100
----------
train Loss: 1.2338 Acc: 0.5636 Embedding-Loss: 0.0007 Classification-Loss: 1.2330
test  Loss: 1.2958 Acc: 0.5323 Embedding-Loss: 0.0006 Classification-Loss: 1.2953
Epoch 93/100
----------
train Loss: 1.2337 Acc: 0.5643 Embedding-Loss: 0.0007 Classification-Loss: 1.2330
test  Loss: 1.2956 Acc: 0.5324 Embedding-Loss: 0.0004 Classification-Loss: 1.2952
Epoch 94/100
----------
train Loss: 1.2336 Acc: 0.5639 Embedding-Loss: 0.0007 Classification-Loss: 1.2329
test  Loss: 1.2962 Acc: 0.5333 Embedding-Loss: 0.0009 Classification-Loss: 1.2953
Epoch 95/100
----------
train Loss: 1.2335 Acc: 0.5639 Embedding-Loss: 0.0007 Classification-Loss: 1.2328
test  Loss: 1.2956 Acc: 0.5334 Embedding-Loss: 0.0003 Classification-Loss: 1.2953
Epoch 96/100
----------
train Loss: 1.2335 Acc: 0.5635 Embedding-Loss: 0.0007 Classification-Loss: 1.2329
test  Loss: 1.2964 Acc: 0.5334 Embedding-Loss: 0.0012 Classification-Loss: 1.2952
Epoch 97/100
----------
train Loss: 1.2335 Acc: 0.5646 Embedding-Loss: 0.0008 Classification-Loss: 1.2328
test  Loss: 1.2957 Acc: 0.5334 Embedding-Loss: 0.0005 Classification-Loss: 1.2952
Epoch 98/100
----------
train Loss: 1.2335 Acc: 0.5639 Embedding-Loss: 0.0007 Classification-Loss: 1.2327
test  Loss: 1.2960 Acc: 0.5329 Embedding-Loss: 0.0009 Classification-Loss: 1.2951
Epoch 99/100
----------
train Loss: 1.2335 Acc: 0.5639 Embedding-Loss: 0.0007 Classification-Loss: 1.2327
test  Loss: 1.2955 Acc: 0.5335 Embedding-Loss: 0.0005 Classification-Loss: 1.2951
Epoch 100/100
----------
train Loss: 1.2330 Acc: 0.5642 Embedding-Loss: 0.0004 Classification-Loss: 1.2325
test  Loss: 1.2953 Acc: 0.5330 Embedding-Loss: 0.0003 Classification-Loss: 1.2950
Training complete in 10m 23s
Best val Acc: 0.534900
Accuracy of the network on the 10000 test images: 53.00
Accuracy of horse : 61.70
Accuracy of car   : 68.00
Accuracy of deer  : 41.30
Accuracy of dog   : 47.30
Accuracy of frog  : 67.20
Accuracy of cat   : 29.00
Accuracy of plane : 58.60
Accuracy of truck : 59.00
Accuracy of ship  : 65.00
Accuracy of bird  : 37.80
Checkpoint saved
Accuracy = 53.00
Previous accuracy = 0.00
#################################################################################
#################################################################################
#################################################################################
Training with the following hyper-parameters:
learning-rate = 0.001
batch-size = 128
momentum = 0.9
weight-decay = 0.01
#################################################################################
Files already downloaded and verified
Files already downloaded and verified
Epoch 1/100
----------
train Loss: 2.7320 Acc: 0.1403 Embedding-Loss: 0.4355 Classification-Loss: 2.2965
test  Loss: 2.5556 Acc: 0.1940 Embedding-Loss: 0.2740 Classification-Loss: 2.2816
Epoch 2/100
----------
train Loss: 2.5173 Acc: 0.2009 Embedding-Loss: 0.3178 Classification-Loss: 2.1995
test  Loss: 2.5448 Acc: 0.2248 Embedding-Loss: 0.4351 Classification-Loss: 2.1096
Epoch 3/100
----------
train Loss: 2.4037 Acc: 0.2502 Embedding-Loss: 0.3412 Classification-Loss: 2.0625
test  Loss: 2.6696 Acc: 0.2768 Embedding-Loss: 0.6658 Classification-Loss: 2.0038
Epoch 4/100
----------
train Loss: 2.3367 Acc: 0.2976 Embedding-Loss: 0.3805 Classification-Loss: 1.9562
test  Loss: 2.5157 Acc: 0.3235 Embedding-Loss: 0.6263 Classification-Loss: 1.8894
Epoch 5/100
----------
train Loss: 2.1451 Acc: 0.3403 Embedding-Loss: 0.3049 Classification-Loss: 1.8402
test  Loss: 2.0378 Acc: 0.3587 Embedding-Loss: 0.2615 Classification-Loss: 1.7763
Epoch 6/100
----------
train Loss: 2.0793 Acc: 0.3762 Embedding-Loss: 0.3425 Classification-Loss: 1.7368
test  Loss: 2.1661 Acc: 0.3968 Embedding-Loss: 0.4844 Classification-Loss: 1.6817
Epoch 7/100
----------
train Loss: 1.9905 Acc: 0.4036 Embedding-Loss: 0.3279 Classification-Loss: 1.6626
test  Loss: 2.0899 Acc: 0.4142 Embedding-Loss: 0.4679 Classification-Loss: 1.6221
Epoch 8/100
----------
train Loss: 1.9843 Acc: 0.4240 Embedding-Loss: 0.3769 Classification-Loss: 1.6074
test  Loss: 1.8324 Acc: 0.4349 Embedding-Loss: 0.2604 Classification-Loss: 1.5720
Epoch 9/100
----------
train Loss: 1.9295 Acc: 0.4391 Embedding-Loss: 0.3697 Classification-Loss: 1.5598
test  Loss: 1.8721 Acc: 0.4452 Embedding-Loss: 0.3306 Classification-Loss: 1.5414
Epoch 10/100
----------
train Loss: 1.6788 Acc: 0.4602 Embedding-Loss: 0.1719 Classification-Loss: 1.5068
test  Loss: 1.5944 Acc: 0.4620 Embedding-Loss: 0.0896 Classification-Loss: 1.5047
Epoch 11/100
----------
train Loss: 1.6638 Acc: 0.4670 Embedding-Loss: 0.1773 Classification-Loss: 1.4865
test  Loss: 1.6519 Acc: 0.4643 Embedding-Loss: 0.1527 Classification-Loss: 1.4992
Epoch 12/100
----------
train Loss: 1.6439 Acc: 0.4738 Embedding-Loss: 0.1759 Classification-Loss: 1.4680
test  Loss: 1.6549 Acc: 0.4728 Embedding-Loss: 0.1875 Classification-Loss: 1.4673
Epoch 13/100
----------
train Loss: 1.6378 Acc: 0.4813 Embedding-Loss: 0.1888 Classification-Loss: 1.4490
test  Loss: 1.5551 Acc: 0.4754 Embedding-Loss: 0.0971 Classification-Loss: 1.4580
Epoch 14/100
----------
train Loss: 1.6015 Acc: 0.4864 Embedding-Loss: 0.1668 Classification-Loss: 1.4347
test  Loss: 1.6249 Acc: 0.4841 Embedding-Loss: 0.1845 Classification-Loss: 1.4404
Epoch 15/100
----------
train Loss: 1.5765 Acc: 0.4904 Embedding-Loss: 0.1573 Classification-Loss: 1.4191
test  Loss: 1.5212 Acc: 0.4783 Embedding-Loss: 0.0682 Classification-Loss: 1.4530
Epoch 16/100
----------
train Loss: 1.5749 Acc: 0.4963 Embedding-Loss: 0.1674 Classification-Loss: 1.4075
test  Loss: 1.5579 Acc: 0.4897 Embedding-Loss: 0.1351 Classification-Loss: 1.4228
Epoch 17/100
----------
train Loss: 1.5642 Acc: 0.5034 Embedding-Loss: 0.1722 Classification-Loss: 1.3920
test  Loss: 1.5611 Acc: 0.4955 Embedding-Loss: 0.1457 Classification-Loss: 1.4153
Epoch 18/100
----------
train Loss: 1.5440 Acc: 0.5073 Embedding-Loss: 0.1649 Classification-Loss: 1.3791
test  Loss: 1.4873 Acc: 0.5005 Embedding-Loss: 0.0836 Classification-Loss: 1.4037
Epoch 19/100
----------
train Loss: 1.5301 Acc: 0.5108 Embedding-Loss: 0.1616 Classification-Loss: 1.3685
test  Loss: 1.6209 Acc: 0.5031 Embedding-Loss: 0.2339 Classification-Loss: 1.3870
Epoch 20/100
----------
train Loss: 1.4371 Acc: 0.5181 Embedding-Loss: 0.0906 Classification-Loss: 1.3465
test  Loss: 1.4562 Acc: 0.5068 Embedding-Loss: 0.0781 Classification-Loss: 1.3781
Epoch 21/100
----------
train Loss: 1.4301 Acc: 0.5206 Embedding-Loss: 0.0912 Classification-Loss: 1.3389
test  Loss: 1.4519 Acc: 0.5100 Embedding-Loss: 0.0745 Classification-Loss: 1.3775
Epoch 22/100
----------
train Loss: 1.4286 Acc: 0.5250 Embedding-Loss: 0.0972 Classification-Loss: 1.3314
test  Loss: 1.4548 Acc: 0.5097 Embedding-Loss: 0.0690 Classification-Loss: 1.3858
Epoch 23/100
----------
train Loss: 1.4193 Acc: 0.5260 Embedding-Loss: 0.0921 Classification-Loss: 1.3273
test  Loss: 1.4358 Acc: 0.5117 Embedding-Loss: 0.0675 Classification-Loss: 1.3683
Epoch 24/100
----------
train Loss: 1.3964 Acc: 0.5306 Embedding-Loss: 0.0772 Classification-Loss: 1.3191
test  Loss: 1.5426 Acc: 0.5144 Embedding-Loss: 0.1822 Classification-Loss: 1.3605
Epoch 25/100
----------
train Loss: 1.4011 Acc: 0.5324 Embedding-Loss: 0.0869 Classification-Loss: 1.3142
test  Loss: 1.4814 Acc: 0.5179 Embedding-Loss: 0.1228 Classification-Loss: 1.3586
Epoch 26/100
----------
train Loss: 1.3925 Acc: 0.5333 Embedding-Loss: 0.0828 Classification-Loss: 1.3098
test  Loss: 1.4143 Acc: 0.5162 Embedding-Loss: 0.0519 Classification-Loss: 1.3624
Epoch 27/100
----------
train Loss: 1.3837 Acc: 0.5377 Embedding-Loss: 0.0826 Classification-Loss: 1.3012
test  Loss: 1.4447 Acc: 0.5191 Embedding-Loss: 0.0890 Classification-Loss: 1.3557
Epoch 28/100
----------
train Loss: 1.3862 Acc: 0.5377 Embedding-Loss: 0.0876 Classification-Loss: 1.2985
test  Loss: 1.4360 Acc: 0.5221 Embedding-Loss: 0.0900 Classification-Loss: 1.3460
Epoch 29/100
----------
train Loss: 1.3852 Acc: 0.5400 Embedding-Loss: 0.0935 Classification-Loss: 1.2917
test  Loss: 1.4124 Acc: 0.5257 Embedding-Loss: 0.0695 Classification-Loss: 1.3429
Epoch 30/100
----------
train Loss: 1.3175 Acc: 0.5456 Embedding-Loss: 0.0389 Classification-Loss: 1.2786
test  Loss: 1.3840 Acc: 0.5251 Embedding-Loss: 0.0435 Classification-Loss: 1.3405
Epoch 31/100
----------
train Loss: 1.3183 Acc: 0.5473 Embedding-Loss: 0.0433 Classification-Loss: 1.2750
test  Loss: 1.3813 Acc: 0.5286 Embedding-Loss: 0.0442 Classification-Loss: 1.3372
Epoch 32/100
----------
train Loss: 1.3131 Acc: 0.5499 Embedding-Loss: 0.0409 Classification-Loss: 1.2722
test  Loss: 1.4035 Acc: 0.5276 Embedding-Loss: 0.0711 Classification-Loss: 1.3323
Epoch 33/100
----------
train Loss: 1.3113 Acc: 0.5503 Embedding-Loss: 0.0422 Classification-Loss: 1.2691
test  Loss: 1.3736 Acc: 0.5267 Embedding-Loss: 0.0379 Classification-Loss: 1.3357
Epoch 34/100
----------
train Loss: 1.3082 Acc: 0.5505 Embedding-Loss: 0.0424 Classification-Loss: 1.2657
test  Loss: 1.3530 Acc: 0.5270 Embedding-Loss: 0.0173 Classification-Loss: 1.3357
Epoch 35/100
----------
train Loss: 1.3077 Acc: 0.5499 Embedding-Loss: 0.0438 Classification-Loss: 1.2639
test  Loss: 1.3611 Acc: 0.5323 Embedding-Loss: 0.0355 Classification-Loss: 1.3256
Epoch 36/100
----------
train Loss: 1.3063 Acc: 0.5534 Embedding-Loss: 0.0461 Classification-Loss: 1.2602
test  Loss: 1.3546 Acc: 0.5327 Embedding-Loss: 0.0310 Classification-Loss: 1.3235
Epoch 37/100
----------
train Loss: 1.3009 Acc: 0.5540 Embedding-Loss: 0.0435 Classification-Loss: 1.2574
test  Loss: 1.3746 Acc: 0.5324 Embedding-Loss: 0.0476 Classification-Loss: 1.3270
Epoch 38/100
----------
train Loss: 1.2963 Acc: 0.5556 Embedding-Loss: 0.0418 Classification-Loss: 1.2544
test  Loss: 1.3503 Acc: 0.5331 Embedding-Loss: 0.0250 Classification-Loss: 1.3252
Epoch 39/100
----------
train Loss: 1.2940 Acc: 0.5569 Embedding-Loss: 0.0417 Classification-Loss: 1.2523
test  Loss: 1.3673 Acc: 0.5331 Embedding-Loss: 0.0484 Classification-Loss: 1.3189
Epoch 40/100
----------
train Loss: 1.2663 Acc: 0.5592 Embedding-Loss: 0.0209 Classification-Loss: 1.2454
test  Loss: 1.3425 Acc: 0.5315 Embedding-Loss: 0.0233 Classification-Loss: 1.3192
Epoch 41/100
----------
train Loss: 1.2669 Acc: 0.5598 Embedding-Loss: 0.0234 Classification-Loss: 1.2435
test  Loss: 1.3478 Acc: 0.5344 Embedding-Loss: 0.0313 Classification-Loss: 1.3165
Epoch 42/100
----------
train Loss: 1.2638 Acc: 0.5616 Embedding-Loss: 0.0219 Classification-Loss: 1.2419
test  Loss: 1.3423 Acc: 0.5351 Embedding-Loss: 0.0253 Classification-Loss: 1.3170
Epoch 43/100
----------
train Loss: 1.2630 Acc: 0.5596 Embedding-Loss: 0.0226 Classification-Loss: 1.2404
test  Loss: 1.3465 Acc: 0.5341 Embedding-Loss: 0.0315 Classification-Loss: 1.3150
Epoch 44/100
----------
train Loss: 1.2616 Acc: 0.5605 Embedding-Loss: 0.0226 Classification-Loss: 1.2391
test  Loss: 1.3293 Acc: 0.5330 Embedding-Loss: 0.0125 Classification-Loss: 1.3167
Epoch 45/100
----------
train Loss: 1.2581 Acc: 0.5614 Embedding-Loss: 0.0203 Classification-Loss: 1.2378
test  Loss: 1.3284 Acc: 0.5358 Embedding-Loss: 0.0153 Classification-Loss: 1.3131
Epoch 46/100
----------
train Loss: 1.2589 Acc: 0.5627 Embedding-Loss: 0.0224 Classification-Loss: 1.2365
test  Loss: 1.3421 Acc: 0.5365 Embedding-Loss: 0.0301 Classification-Loss: 1.3120
Epoch 47/100
----------
train Loss: 1.2552 Acc: 0.5631 Embedding-Loss: 0.0205 Classification-Loss: 1.2347
test  Loss: 1.3274 Acc: 0.5359 Embedding-Loss: 0.0154 Classification-Loss: 1.3120
Epoch 48/100
----------
train Loss: 1.2561 Acc: 0.5634 Embedding-Loss: 0.0226 Classification-Loss: 1.2335
test  Loss: 1.3265 Acc: 0.5352 Embedding-Loss: 0.0129 Classification-Loss: 1.3136
Epoch 49/100
----------
train Loss: 1.2537 Acc: 0.5630 Embedding-Loss: 0.0208 Classification-Loss: 1.2329
test  Loss: 1.3464 Acc: 0.5381 Embedding-Loss: 0.0365 Classification-Loss: 1.3099
Epoch 50/100
----------
train Loss: 1.2405 Acc: 0.5654 Embedding-Loss: 0.0119 Classification-Loss: 1.2287
test  Loss: 1.3205 Acc: 0.5370 Embedding-Loss: 0.0108 Classification-Loss: 1.3097
Epoch 51/100
----------
train Loss: 1.2395 Acc: 0.5657 Embedding-Loss: 0.0117 Classification-Loss: 1.2278
test  Loss: 1.3186 Acc: 0.5377 Embedding-Loss: 0.0081 Classification-Loss: 1.3104
Epoch 52/100
----------
train Loss: 1.2375 Acc: 0.5655 Embedding-Loss: 0.0105 Classification-Loss: 1.2270
test  Loss: 1.3248 Acc: 0.5379 Embedding-Loss: 0.0171 Classification-Loss: 1.3077
Epoch 53/100
----------
train Loss: 1.2370 Acc: 0.5662 Embedding-Loss: 0.0109 Classification-Loss: 1.2261
test  Loss: 1.3210 Acc: 0.5385 Embedding-Loss: 0.0140 Classification-Loss: 1.3070
Epoch 54/100
----------
train Loss: 1.2365 Acc: 0.5661 Embedding-Loss: 0.0107 Classification-Loss: 1.2258
test  Loss: 1.3156 Acc: 0.5393 Embedding-Loss: 0.0086 Classification-Loss: 1.3070
Epoch 55/100
----------
train Loss: 1.2351 Acc: 0.5670 Embedding-Loss: 0.0103 Classification-Loss: 1.2248
test  Loss: 1.3152 Acc: 0.5380 Embedding-Loss: 0.0084 Classification-Loss: 1.3069
Epoch 56/100
----------
train Loss: 1.2347 Acc: 0.5665 Embedding-Loss: 0.0105 Classification-Loss: 1.2242
test  Loss: 1.3178 Acc: 0.5368 Embedding-Loss: 0.0112 Classification-Loss: 1.3066
Epoch 57/100
----------
train Loss: 1.2344 Acc: 0.5671 Embedding-Loss: 0.0110 Classification-Loss: 1.2233
test  Loss: 1.3134 Acc: 0.5399 Embedding-Loss: 0.0073 Classification-Loss: 1.3061
Epoch 58/100
----------
train Loss: 1.2350 Acc: 0.5666 Embedding-Loss: 0.0125 Classification-Loss: 1.2226
test  Loss: 1.3131 Acc: 0.5376 Embedding-Loss: 0.0071 Classification-Loss: 1.3060
Epoch 59/100
----------
train Loss: 1.2324 Acc: 0.5678 Embedding-Loss: 0.0101 Classification-Loss: 1.2223
test  Loss: 1.3146 Acc: 0.5378 Embedding-Loss: 0.0093 Classification-Loss: 1.3053
Epoch 60/100
----------
train Loss: 1.2252 Acc: 0.5678 Embedding-Loss: 0.0053 Classification-Loss: 1.2199
test  Loss: 1.3114 Acc: 0.5397 Embedding-Loss: 0.0059 Classification-Loss: 1.3055
Epoch 61/100
----------
train Loss: 1.2254 Acc: 0.5690 Embedding-Loss: 0.0059 Classification-Loss: 1.2195
test  Loss: 1.3119 Acc: 0.5398 Embedding-Loss: 0.0062 Classification-Loss: 1.3058
Epoch 62/100
----------
train Loss: 1.2246 Acc: 0.5691 Embedding-Loss: 0.0056 Classification-Loss: 1.2191
test  Loss: 1.3106 Acc: 0.5381 Embedding-Loss: 0.0054 Classification-Loss: 1.3052
Epoch 63/100
----------
train Loss: 1.2237 Acc: 0.5689 Embedding-Loss: 0.0049 Classification-Loss: 1.2188
test  Loss: 1.3074 Acc: 0.5390 Embedding-Loss: 0.0030 Classification-Loss: 1.3045
Epoch 64/100
----------
train Loss: 1.2238 Acc: 0.5686 Embedding-Loss: 0.0055 Classification-Loss: 1.2183
test  Loss: 1.3092 Acc: 0.5399 Embedding-Loss: 0.0052 Classification-Loss: 1.3041
Epoch 65/100
----------
train Loss: 1.2234 Acc: 0.5700 Embedding-Loss: 0.0054 Classification-Loss: 1.2180
test  Loss: 1.3086 Acc: 0.5381 Embedding-Loss: 0.0041 Classification-Loss: 1.3044
Epoch 66/100
----------
train Loss: 1.2230 Acc: 0.5693 Embedding-Loss: 0.0053 Classification-Loss: 1.2177
test  Loss: 1.3072 Acc: 0.5401 Embedding-Loss: 0.0037 Classification-Loss: 1.3035
Epoch 67/100
----------
train Loss: 1.2226 Acc: 0.5695 Embedding-Loss: 0.0053 Classification-Loss: 1.2173
test  Loss: 1.3097 Acc: 0.5386 Embedding-Loss: 0.0062 Classification-Loss: 1.3035
Epoch 68/100
----------
train Loss: 1.2227 Acc: 0.5699 Embedding-Loss: 0.0058 Classification-Loss: 1.2169
test  Loss: 1.3100 Acc: 0.5382 Embedding-Loss: 0.0063 Classification-Loss: 1.3038
Epoch 69/100
----------
train Loss: 1.2223 Acc: 0.5699 Embedding-Loss: 0.0056 Classification-Loss: 1.2167
test  Loss: 1.3068 Acc: 0.5389 Embedding-Loss: 0.0033 Classification-Loss: 1.3035
Epoch 70/100
----------
train Loss: 1.2188 Acc: 0.5693 Embedding-Loss: 0.0030 Classification-Loss: 1.2158
test  Loss: 1.3061 Acc: 0.5391 Embedding-Loss: 0.0033 Classification-Loss: 1.3028
Epoch 71/100
----------
train Loss: 1.2187 Acc: 0.5704 Embedding-Loss: 0.0033 Classification-Loss: 1.2154
test  Loss: 1.3099 Acc: 0.5396 Embedding-Loss: 0.0066 Classification-Loss: 1.3032
Epoch 72/100
----------
train Loss: 1.2180 Acc: 0.5703 Embedding-Loss: 0.0028 Classification-Loss: 1.2152
test  Loss: 1.3050 Acc: 0.5399 Embedding-Loss: 0.0026 Classification-Loss: 1.3024
Epoch 73/100
----------
train Loss: 1.2177 Acc: 0.5705 Embedding-Loss: 0.0027 Classification-Loss: 1.2150
test  Loss: 1.3062 Acc: 0.5387 Embedding-Loss: 0.0037 Classification-Loss: 1.3025
Epoch 74/100
----------
train Loss: 1.2174 Acc: 0.5700 Embedding-Loss: 0.0025 Classification-Loss: 1.2149
test  Loss: 1.3045 Acc: 0.5383 Embedding-Loss: 0.0020 Classification-Loss: 1.3025
Epoch 75/100
----------
train Loss: 1.2178 Acc: 0.5700 Embedding-Loss: 0.0031 Classification-Loss: 1.2147
test  Loss: 1.3048 Acc: 0.5388 Embedding-Loss: 0.0025 Classification-Loss: 1.3023
Epoch 76/100
----------
train Loss: 1.2173 Acc: 0.5706 Embedding-Loss: 0.0030 Classification-Loss: 1.2143
test  Loss: 1.3076 Acc: 0.5391 Embedding-Loss: 0.0047 Classification-Loss: 1.3028
Epoch 77/100
----------
train Loss: 1.2173 Acc: 0.5704 Embedding-Loss: 0.0029 Classification-Loss: 1.2144
test  Loss: 1.3043 Acc: 0.5395 Embedding-Loss: 0.0021 Classification-Loss: 1.3022
Epoch 78/100
----------
train Loss: 1.2168 Acc: 0.5706 Embedding-Loss: 0.0026 Classification-Loss: 1.2142
test  Loss: 1.3053 Acc: 0.5404 Embedding-Loss: 0.0033 Classification-Loss: 1.3020
Epoch 79/100
----------
train Loss: 1.2170 Acc: 0.5704 Embedding-Loss: 0.0028 Classification-Loss: 1.2141
test  Loss: 1.3066 Acc: 0.5398 Embedding-Loss: 0.0045 Classification-Loss: 1.3020
Epoch 80/100
----------
train Loss: 1.2148 Acc: 0.5710 Embedding-Loss: 0.0014 Classification-Loss: 1.2135
test  Loss: 1.3036 Acc: 0.5398 Embedding-Loss: 0.0019 Classification-Loss: 1.3017
Epoch 81/100
----------
train Loss: 1.2147 Acc: 0.5710 Embedding-Loss: 0.0014 Classification-Loss: 1.2133
test  Loss: 1.3035 Acc: 0.5399 Embedding-Loss: 0.0016 Classification-Loss: 1.3019
Epoch 82/100
----------
train Loss: 1.2146 Acc: 0.5710 Embedding-Loss: 0.0013 Classification-Loss: 1.2133
test  Loss: 1.3052 Acc: 0.5400 Embedding-Loss: 0.0033 Classification-Loss: 1.3019
Epoch 83/100
----------
train Loss: 1.2147 Acc: 0.5710 Embedding-Loss: 0.0015 Classification-Loss: 1.2132
test  Loss: 1.3023 Acc: 0.5401 Embedding-Loss: 0.0007 Classification-Loss: 1.3016
Epoch 84/100
----------
train Loss: 1.2142 Acc: 0.5708 Embedding-Loss: 0.0013 Classification-Loss: 1.2129
test  Loss: 1.3034 Acc: 0.5392 Embedding-Loss: 0.0015 Classification-Loss: 1.3018
Epoch 85/100
----------
train Loss: 1.2145 Acc: 0.5707 Embedding-Loss: 0.0014 Classification-Loss: 1.2130
test  Loss: 1.3030 Acc: 0.5406 Embedding-Loss: 0.0012 Classification-Loss: 1.3018
Epoch 86/100
----------
train Loss: 1.2143 Acc: 0.5711 Embedding-Loss: 0.0015 Classification-Loss: 1.2129
test  Loss: 1.3034 Acc: 0.5405 Embedding-Loss: 0.0017 Classification-Loss: 1.3017
Epoch 87/100
----------
train Loss: 1.2142 Acc: 0.5710 Embedding-Loss: 0.0014 Classification-Loss: 1.2128
test  Loss: 1.3032 Acc: 0.5406 Embedding-Loss: 0.0015 Classification-Loss: 1.3017
Epoch 88/100
----------
train Loss: 1.2141 Acc: 0.5710 Embedding-Loss: 0.0014 Classification-Loss: 1.2127
test  Loss: 1.3032 Acc: 0.5394 Embedding-Loss: 0.0017 Classification-Loss: 1.3016
Epoch 89/100
----------
train Loss: 1.2139 Acc: 0.5706 Embedding-Loss: 0.0013 Classification-Loss: 1.2126
test  Loss: 1.3032 Acc: 0.5411 Embedding-Loss: 0.0018 Classification-Loss: 1.3015
Epoch 90/100
----------
train Loss: 1.2130 Acc: 0.5708 Embedding-Loss: 0.0007 Classification-Loss: 1.2123
test  Loss: 1.3020 Acc: 0.5403 Embedding-Loss: 0.0007 Classification-Loss: 1.3014
Epoch 91/100
----------
train Loss: 1.2131 Acc: 0.5710 Embedding-Loss: 0.0008 Classification-Loss: 1.2123
test  Loss: 1.3021 Acc: 0.5405 Embedding-Loss: 0.0007 Classification-Loss: 1.3014
Epoch 92/100
----------
train Loss: 1.2130 Acc: 0.5719 Embedding-Loss: 0.0007 Classification-Loss: 1.2123
test  Loss: 1.3026 Acc: 0.5394 Embedding-Loss: 0.0012 Classification-Loss: 1.3014
Epoch 93/100
----------
train Loss: 1.2132 Acc: 0.5714 Embedding-Loss: 0.0009 Classification-Loss: 1.2122
test  Loss: 1.3016 Acc: 0.5401 Embedding-Loss: 0.0003 Classification-Loss: 1.3013
Epoch 94/100
----------
train Loss: 1.2129 Acc: 0.5713 Embedding-Loss: 0.0007 Classification-Loss: 1.2122
test  Loss: 1.3026 Acc: 0.5402 Embedding-Loss: 0.0014 Classification-Loss: 1.3013
Epoch 95/100
----------
train Loss: 1.2129 Acc: 0.5712 Embedding-Loss: 0.0008 Classification-Loss: 1.2121
test  Loss: 1.3020 Acc: 0.5402 Embedding-Loss: 0.0006 Classification-Loss: 1.3013
Epoch 96/100
----------
train Loss: 1.2128 Acc: 0.5714 Embedding-Loss: 0.0007 Classification-Loss: 1.2121
test  Loss: 1.3020 Acc: 0.5400 Embedding-Loss: 0.0007 Classification-Loss: 1.3013
Epoch 97/100
----------
train Loss: 1.2126 Acc: 0.5715 Embedding-Loss: 0.0006 Classification-Loss: 1.2120
test  Loss: 1.3018 Acc: 0.5397 Embedding-Loss: 0.0004 Classification-Loss: 1.3013
Epoch 98/100
----------
train Loss: 1.2128 Acc: 0.5716 Embedding-Loss: 0.0009 Classification-Loss: 1.2120
test  Loss: 1.3024 Acc: 0.5405 Embedding-Loss: 0.0011 Classification-Loss: 1.3013
Epoch 99/100
----------
train Loss: 1.2126 Acc: 0.5719 Embedding-Loss: 0.0006 Classification-Loss: 1.2120
test  Loss: 1.3019 Acc: 0.5407 Embedding-Loss: 0.0006 Classification-Loss: 1.3013
Epoch 100/100
----------
train Loss: 1.2121 Acc: 0.5714 Embedding-Loss: 0.0003 Classification-Loss: 1.2118
test  Loss: 1.3017 Acc: 0.5402 Embedding-Loss: 0.0005 Classification-Loss: 1.3012
Training complete in 10m 31s
Best val Acc: 0.541100
Accuracy of the network on the 10000 test images: 54.00
Accuracy of horse : 63.10
Accuracy of car   : 65.20
Accuracy of deer  : 45.50
Accuracy of dog   : 48.60
Accuracy of frog  : 66.70
Accuracy of cat   : 32.70
Accuracy of plane : 60.70
Accuracy of truck : 57.80
Accuracy of ship  : 64.80
Accuracy of bird  : 36.00
