Started at 2019-08-25_21-19-21
Using device: cuda:1
Initializing the embedding layer with a random initialization (PyTorch default initialization).
#################################################################################
#################################################################################
#################################################################################
Training with the following hyper-parameters:
learning-rate = 0.001
batch-size = 128
momentum = 0.9
weight-decay = 0.001
#################################################################################
Files already downloaded and verified
Files already downloaded and verified
Epoch 1/100
----------
train Loss: 45.8299 Acc: 0.1036 Embedding-Loss: 43.5272 Classification-Loss: 2.3028
test  Loss: 14.2986 Acc: 0.1005 Embedding-Loss: 11.9964 Classification-Loss: 2.3022
Epoch 2/100
----------
train Loss: 8.1139 Acc: 0.1043 Embedding-Loss: 5.8120 Classification-Loss: 2.3020
test  Loss: 4.4619 Acc: 0.1068 Embedding-Loss: 2.1603 Classification-Loss: 2.3016
Epoch 3/100
----------
train Loss: 3.7370 Acc: 0.1073 Embedding-Loss: 1.4357 Classification-Loss: 2.3013
test  Loss: 3.1864 Acc: 0.1018 Embedding-Loss: 0.8854 Classification-Loss: 2.3009
Epoch 4/100
----------
train Loss: 3.1304 Acc: 0.1101 Embedding-Loss: 0.8300 Classification-Loss: 2.3004
test  Loss: 3.1151 Acc: 0.1100 Embedding-Loss: 0.8151 Classification-Loss: 2.3000
Epoch 5/100
----------
train Loss: 3.0460 Acc: 0.1143 Embedding-Loss: 0.7467 Classification-Loss: 2.2993
test  Loss: 2.8776 Acc: 0.1167 Embedding-Loss: 0.5789 Classification-Loss: 2.2987
Epoch 6/100
----------
train Loss: 2.8761 Acc: 0.1225 Embedding-Loss: 0.5784 Classification-Loss: 2.2978
test  Loss: 2.8443 Acc: 0.1130 Embedding-Loss: 0.5474 Classification-Loss: 2.2969
Epoch 7/100
----------
train Loss: 2.8636 Acc: 0.1300 Embedding-Loss: 0.5684 Classification-Loss: 2.2953
test  Loss: 2.5859 Acc: 0.1243 Embedding-Loss: 0.2920 Classification-Loss: 2.2938
Epoch 8/100
----------
train Loss: 2.8465 Acc: 0.1347 Embedding-Loss: 0.5556 Classification-Loss: 2.2909
test  Loss: 2.6185 Acc: 0.1355 Embedding-Loss: 0.3305 Classification-Loss: 2.2880
Epoch 9/100
----------
train Loss: 2.7473 Acc: 0.1470 Embedding-Loss: 0.4656 Classification-Loss: 2.2817
test  Loss: 3.0088 Acc: 0.1584 Embedding-Loss: 0.7344 Classification-Loss: 2.2744
Epoch 10/100
----------
train Loss: 2.5612 Acc: 0.1586 Embedding-Loss: 0.2934 Classification-Loss: 2.2678
test  Loss: 2.4763 Acc: 0.1529 Embedding-Loss: 0.2139 Classification-Loss: 2.2623
Epoch 11/100
----------
train Loss: 2.5138 Acc: 0.1600 Embedding-Loss: 0.2606 Classification-Loss: 2.2532
test  Loss: 2.7244 Acc: 0.1594 Embedding-Loss: 0.4779 Classification-Loss: 2.2465
Epoch 12/100
----------
train Loss: 2.5128 Acc: 0.1671 Embedding-Loss: 0.2779 Classification-Loss: 2.2350
test  Loss: 2.5903 Acc: 0.1707 Embedding-Loss: 0.3633 Classification-Loss: 2.2270
Epoch 13/100
----------
train Loss: 2.5247 Acc: 0.1776 Embedding-Loss: 0.3115 Classification-Loss: 2.2132
test  Loss: 2.3919 Acc: 0.1779 Embedding-Loss: 0.1884 Classification-Loss: 2.2035
Epoch 14/100
----------
train Loss: 2.4754 Acc: 0.1829 Embedding-Loss: 0.2887 Classification-Loss: 2.1867
test  Loss: 2.5558 Acc: 0.1860 Embedding-Loss: 0.3790 Classification-Loss: 2.1768
Epoch 15/100
----------
train Loss: 2.4298 Acc: 0.1928 Embedding-Loss: 0.2727 Classification-Loss: 2.1571
test  Loss: 2.3428 Acc: 0.1947 Embedding-Loss: 0.1943 Classification-Loss: 2.1484
Epoch 16/100
----------
train Loss: 2.3859 Acc: 0.2026 Embedding-Loss: 0.2579 Classification-Loss: 2.1279
test  Loss: 2.3383 Acc: 0.2016 Embedding-Loss: 0.2146 Classification-Loss: 2.1237
Epoch 17/100
----------
train Loss: 2.3470 Acc: 0.2088 Embedding-Loss: 0.2379 Classification-Loss: 2.1091
test  Loss: 2.2333 Acc: 0.2050 Embedding-Loss: 0.1212 Classification-Loss: 2.1122
Epoch 18/100
----------
train Loss: 2.3355 Acc: 0.2151 Embedding-Loss: 0.2394 Classification-Loss: 2.0960
test  Loss: 2.3660 Acc: 0.2083 Embedding-Loss: 0.2658 Classification-Loss: 2.1002
Epoch 19/100
----------
train Loss: 2.3163 Acc: 0.2203 Embedding-Loss: 0.2301 Classification-Loss: 2.0862
test  Loss: 2.2694 Acc: 0.2150 Embedding-Loss: 0.1737 Classification-Loss: 2.0957
Epoch 20/100
----------
train Loss: 2.2119 Acc: 0.2234 Embedding-Loss: 0.1340 Classification-Loss: 2.0780
test  Loss: 2.1990 Acc: 0.2206 Embedding-Loss: 0.1117 Classification-Loss: 2.0873
Epoch 21/100
----------
train Loss: 2.2104 Acc: 0.2247 Embedding-Loss: 0.1367 Classification-Loss: 2.0738
test  Loss: 2.1960 Acc: 0.2210 Embedding-Loss: 0.1139 Classification-Loss: 2.0820
Epoch 22/100
----------
train Loss: 2.2045 Acc: 0.2273 Embedding-Loss: 0.1345 Classification-Loss: 2.0701
test  Loss: 2.1829 Acc: 0.2261 Embedding-Loss: 0.1043 Classification-Loss: 2.0786
Epoch 23/100
----------
train Loss: 2.1886 Acc: 0.2298 Embedding-Loss: 0.1224 Classification-Loss: 2.0663
test  Loss: 2.1537 Acc: 0.2245 Embedding-Loss: 0.0770 Classification-Loss: 2.0766
Epoch 24/100
----------
train Loss: 2.1781 Acc: 0.2312 Embedding-Loss: 0.1160 Classification-Loss: 2.0621
test  Loss: 2.1235 Acc: 0.2264 Embedding-Loss: 0.0509 Classification-Loss: 2.0726
Epoch 25/100
----------
train Loss: 2.2094 Acc: 0.2315 Embedding-Loss: 0.1504 Classification-Loss: 2.0589
test  Loss: 2.2035 Acc: 0.2243 Embedding-Loss: 0.1306 Classification-Loss: 2.0728
Epoch 26/100
----------
train Loss: 2.1917 Acc: 0.2333 Embedding-Loss: 0.1367 Classification-Loss: 2.0550
test  Loss: 2.1535 Acc: 0.2329 Embedding-Loss: 0.0877 Classification-Loss: 2.0658
Epoch 27/100
----------
train Loss: 2.1757 Acc: 0.2340 Embedding-Loss: 0.1242 Classification-Loss: 2.0515
test  Loss: 2.2138 Acc: 0.2289 Embedding-Loss: 0.1515 Classification-Loss: 2.0623
Epoch 28/100
----------
train Loss: 2.1776 Acc: 0.2361 Embedding-Loss: 0.1294 Classification-Loss: 2.0482
test  Loss: 2.1714 Acc: 0.2329 Embedding-Loss: 0.1110 Classification-Loss: 2.0604
Epoch 29/100
----------
train Loss: 2.1743 Acc: 0.2359 Embedding-Loss: 0.1287 Classification-Loss: 2.0455
test  Loss: 2.1680 Acc: 0.2359 Embedding-Loss: 0.1116 Classification-Loss: 2.0564
Epoch 30/100
----------
train Loss: 2.1240 Acc: 0.2405 Embedding-Loss: 0.0828 Classification-Loss: 2.0412
test  Loss: 2.0954 Acc: 0.2347 Embedding-Loss: 0.0410 Classification-Loss: 2.0544
Epoch 31/100
----------
train Loss: 2.1386 Acc: 0.2398 Embedding-Loss: 0.0990 Classification-Loss: 2.0396
test  Loss: 2.1260 Acc: 0.2350 Embedding-Loss: 0.0730 Classification-Loss: 2.0531
Epoch 32/100
----------
train Loss: 2.1044 Acc: 0.2407 Embedding-Loss: 0.0663 Classification-Loss: 2.0380
test  Loss: 2.1048 Acc: 0.2357 Embedding-Loss: 0.0538 Classification-Loss: 2.0511
Epoch 33/100
----------
train Loss: 2.1161 Acc: 0.2417 Embedding-Loss: 0.0795 Classification-Loss: 2.0366
test  Loss: 2.1695 Acc: 0.2369 Embedding-Loss: 0.1196 Classification-Loss: 2.0498
Epoch 34/100
----------
train Loss: 2.1026 Acc: 0.2417 Embedding-Loss: 0.0676 Classification-Loss: 2.0349
test  Loss: 2.1232 Acc: 0.2377 Embedding-Loss: 0.0749 Classification-Loss: 2.0483
Epoch 35/100
----------
train Loss: 2.0959 Acc: 0.2429 Embedding-Loss: 0.0626 Classification-Loss: 2.0333
test  Loss: 2.0893 Acc: 0.2404 Embedding-Loss: 0.0416 Classification-Loss: 2.0477
Epoch 36/100
----------
train Loss: 2.1063 Acc: 0.2425 Embedding-Loss: 0.0742 Classification-Loss: 2.0322
test  Loss: 2.1571 Acc: 0.2374 Embedding-Loss: 0.1100 Classification-Loss: 2.0471
Epoch 37/100
----------
train Loss: 2.0902 Acc: 0.2445 Embedding-Loss: 0.0595 Classification-Loss: 2.0307
test  Loss: 2.1216 Acc: 0.2388 Embedding-Loss: 0.0773 Classification-Loss: 2.0443
Epoch 38/100
----------
train Loss: 2.0850 Acc: 0.2446 Embedding-Loss: 0.0558 Classification-Loss: 2.0292
test  Loss: 2.1521 Acc: 0.2405 Embedding-Loss: 0.1094 Classification-Loss: 2.0426
Epoch 39/100
----------
train Loss: 2.0727 Acc: 0.2464 Embedding-Loss: 0.0457 Classification-Loss: 2.0270
test  Loss: 2.0617 Acc: 0.2396 Embedding-Loss: 0.0187 Classification-Loss: 2.0431
Epoch 40/100
----------
train Loss: 2.0481 Acc: 0.2466 Embedding-Loss: 0.0224 Classification-Loss: 2.0257
test  Loss: 2.0784 Acc: 0.2412 Embedding-Loss: 0.0381 Classification-Loss: 2.0403
Epoch 41/100
----------
train Loss: 2.0699 Acc: 0.2484 Embedding-Loss: 0.0451 Classification-Loss: 2.0248
test  Loss: 2.1062 Acc: 0.2419 Embedding-Loss: 0.0664 Classification-Loss: 2.0398
Epoch 42/100
----------
train Loss: 2.0787 Acc: 0.2477 Embedding-Loss: 0.0546 Classification-Loss: 2.0241
test  Loss: 2.0539 Acc: 0.2422 Embedding-Loss: 0.0150 Classification-Loss: 2.0390
Epoch 43/100
----------
train Loss: 2.0668 Acc: 0.2482 Embedding-Loss: 0.0434 Classification-Loss: 2.0233
test  Loss: 2.0512 Acc: 0.2412 Embedding-Loss: 0.0126 Classification-Loss: 2.0386
Epoch 44/100
----------
train Loss: 2.0713 Acc: 0.2490 Embedding-Loss: 0.0487 Classification-Loss: 2.0226
test  Loss: 2.0848 Acc: 0.2418 Embedding-Loss: 0.0469 Classification-Loss: 2.0379
Epoch 45/100
----------
train Loss: 2.0814 Acc: 0.2493 Embedding-Loss: 0.0595 Classification-Loss: 2.0219
test  Loss: 2.0776 Acc: 0.2418 Embedding-Loss: 0.0407 Classification-Loss: 2.0369
Epoch 46/100
----------
train Loss: 2.0689 Acc: 0.2496 Embedding-Loss: 0.0477 Classification-Loss: 2.0211
test  Loss: 2.1112 Acc: 0.2443 Embedding-Loss: 0.0749 Classification-Loss: 2.0363
Epoch 47/100
----------
train Loss: 2.0551 Acc: 0.2499 Embedding-Loss: 0.0346 Classification-Loss: 2.0205
test  Loss: 2.0818 Acc: 0.2438 Embedding-Loss: 0.0460 Classification-Loss: 2.0358
Epoch 48/100
----------
train Loss: 2.0545 Acc: 0.2508 Embedding-Loss: 0.0345 Classification-Loss: 2.0199
test  Loss: 2.0594 Acc: 0.2427 Embedding-Loss: 0.0242 Classification-Loss: 2.0352
Epoch 49/100
----------
train Loss: 2.0501 Acc: 0.2503 Embedding-Loss: 0.0312 Classification-Loss: 2.0188
test  Loss: 2.0713 Acc: 0.2407 Embedding-Loss: 0.0363 Classification-Loss: 2.0350
Epoch 50/100
----------
train Loss: 2.0426 Acc: 0.2518 Embedding-Loss: 0.0245 Classification-Loss: 2.0181
test  Loss: 2.0907 Acc: 0.2439 Embedding-Loss: 0.0568 Classification-Loss: 2.0339
Epoch 51/100
----------
train Loss: 2.0461 Acc: 0.2512 Embedding-Loss: 0.0284 Classification-Loss: 2.0177
test  Loss: 2.0677 Acc: 0.2431 Embedding-Loss: 0.0342 Classification-Loss: 2.0335
Epoch 52/100
----------
train Loss: 2.0440 Acc: 0.2514 Embedding-Loss: 0.0267 Classification-Loss: 2.0173
test  Loss: 2.0624 Acc: 0.2446 Embedding-Loss: 0.0292 Classification-Loss: 2.0333
Epoch 53/100
----------
train Loss: 2.0422 Acc: 0.2525 Embedding-Loss: 0.0252 Classification-Loss: 2.0170
test  Loss: 2.0404 Acc: 0.2425 Embedding-Loss: 0.0070 Classification-Loss: 2.0334
Epoch 54/100
----------
train Loss: 2.0442 Acc: 0.2515 Embedding-Loss: 0.0276 Classification-Loss: 2.0166
test  Loss: 2.0691 Acc: 0.2449 Embedding-Loss: 0.0367 Classification-Loss: 2.0324
Epoch 55/100
----------
train Loss: 2.0389 Acc: 0.2518 Embedding-Loss: 0.0228 Classification-Loss: 2.0161
test  Loss: 2.0618 Acc: 0.2424 Embedding-Loss: 0.0284 Classification-Loss: 2.0333
Epoch 56/100
----------
train Loss: 2.0342 Acc: 0.2519 Embedding-Loss: 0.0183 Classification-Loss: 2.0159
test  Loss: 2.0638 Acc: 0.2428 Embedding-Loss: 0.0319 Classification-Loss: 2.0320
Epoch 57/100
----------
train Loss: 2.0472 Acc: 0.2524 Embedding-Loss: 0.0316 Classification-Loss: 2.0156
test  Loss: 2.0431 Acc: 0.2464 Embedding-Loss: 0.0117 Classification-Loss: 2.0314
Epoch 58/100
----------
train Loss: 2.0346 Acc: 0.2530 Embedding-Loss: 0.0194 Classification-Loss: 2.0151
test  Loss: 2.0841 Acc: 0.2448 Embedding-Loss: 0.0530 Classification-Loss: 2.0310
Epoch 59/100
----------
train Loss: 2.0402 Acc: 0.2522 Embedding-Loss: 0.0255 Classification-Loss: 2.0147
test  Loss: 2.0471 Acc: 0.2442 Embedding-Loss: 0.0155 Classification-Loss: 2.0317
Epoch 60/100
----------
train Loss: 2.0290 Acc: 0.2533 Embedding-Loss: 0.0146 Classification-Loss: 2.0144
test  Loss: 2.0577 Acc: 0.2447 Embedding-Loss: 0.0271 Classification-Loss: 2.0306
Epoch 61/100
----------
train Loss: 2.0195 Acc: 0.2524 Embedding-Loss: 0.0054 Classification-Loss: 2.0141
test  Loss: 2.0362 Acc: 0.2451 Embedding-Loss: 0.0056 Classification-Loss: 2.0305
Epoch 62/100
----------
train Loss: 2.0349 Acc: 0.2530 Embedding-Loss: 0.0210 Classification-Loss: 2.0140
test  Loss: 2.0356 Acc: 0.2461 Embedding-Loss: 0.0053 Classification-Loss: 2.0302
Epoch 63/100
----------
train Loss: 2.0350 Acc: 0.2535 Embedding-Loss: 0.0212 Classification-Loss: 2.0137
test  Loss: 2.0609 Acc: 0.2443 Embedding-Loss: 0.0307 Classification-Loss: 2.0302
Epoch 64/100
----------
train Loss: 2.0256 Acc: 0.2538 Embedding-Loss: 0.0120 Classification-Loss: 2.0137
test  Loss: 2.0836 Acc: 0.2446 Embedding-Loss: 0.0536 Classification-Loss: 2.0300
Epoch 65/100
----------
train Loss: 2.0331 Acc: 0.2536 Embedding-Loss: 0.0198 Classification-Loss: 2.0134
test  Loss: 2.0593 Acc: 0.2461 Embedding-Loss: 0.0295 Classification-Loss: 2.0298
Epoch 66/100
----------
train Loss: 2.0234 Acc: 0.2539 Embedding-Loss: 0.0101 Classification-Loss: 2.0133
test  Loss: 2.0365 Acc: 0.2460 Embedding-Loss: 0.0069 Classification-Loss: 2.0296
Epoch 67/100
----------
train Loss: 2.0323 Acc: 0.2538 Embedding-Loss: 0.0192 Classification-Loss: 2.0131
test  Loss: 2.0612 Acc: 0.2462 Embedding-Loss: 0.0317 Classification-Loss: 2.0295
Epoch 68/100
----------
train Loss: 2.0249 Acc: 0.2538 Embedding-Loss: 0.0120 Classification-Loss: 2.0129
test  Loss: 2.0322 Acc: 0.2451 Embedding-Loss: 0.0028 Classification-Loss: 2.0294
Epoch 69/100
----------
train Loss: 2.0234 Acc: 0.2540 Embedding-Loss: 0.0107 Classification-Loss: 2.0127
test  Loss: 2.0362 Acc: 0.2470 Embedding-Loss: 0.0070 Classification-Loss: 2.0292
Epoch 70/100
----------
train Loss: 2.0248 Acc: 0.2539 Embedding-Loss: 0.0123 Classification-Loss: 2.0125
test  Loss: 2.0311 Acc: 0.2463 Embedding-Loss: 0.0021 Classification-Loss: 2.0290
Epoch 71/100
----------
train Loss: 2.0398 Acc: 0.2538 Embedding-Loss: 0.0275 Classification-Loss: 2.0123
test  Loss: 2.0315 Acc: 0.2464 Embedding-Loss: 0.0026 Classification-Loss: 2.0289
Epoch 72/100
----------
train Loss: 2.0324 Acc: 0.2539 Embedding-Loss: 0.0202 Classification-Loss: 2.0122
test  Loss: 2.0788 Acc: 0.2453 Embedding-Loss: 0.0500 Classification-Loss: 2.0288
Epoch 73/100
----------
train Loss: 2.0258 Acc: 0.2539 Embedding-Loss: 0.0136 Classification-Loss: 2.0122
test  Loss: 2.0543 Acc: 0.2465 Embedding-Loss: 0.0256 Classification-Loss: 2.0287
Epoch 74/100
----------
train Loss: 2.0350 Acc: 0.2540 Embedding-Loss: 0.0229 Classification-Loss: 2.0121
test  Loss: 2.0541 Acc: 0.2467 Embedding-Loss: 0.0254 Classification-Loss: 2.0287
Epoch 75/100
----------
train Loss: 2.0191 Acc: 0.2545 Embedding-Loss: 0.0071 Classification-Loss: 2.0120
test  Loss: 2.0303 Acc: 0.2469 Embedding-Loss: 0.0017 Classification-Loss: 2.0286
Epoch 76/100
----------
train Loss: 2.0147 Acc: 0.2541 Embedding-Loss: 0.0028 Classification-Loss: 2.0119
test  Loss: 2.0852 Acc: 0.2467 Embedding-Loss: 0.0567 Classification-Loss: 2.0285
Epoch 77/100
----------
train Loss: 2.0191 Acc: 0.2541 Embedding-Loss: 0.0073 Classification-Loss: 2.0118
test  Loss: 2.0295 Acc: 0.2460 Embedding-Loss: 0.0010 Classification-Loss: 2.0284
Epoch 78/100
----------
train Loss: 2.0320 Acc: 0.2541 Embedding-Loss: 0.0202 Classification-Loss: 2.0118
test  Loss: 2.0524 Acc: 0.2463 Embedding-Loss: 0.0240 Classification-Loss: 2.0284
Epoch 79/100
----------
train Loss: 2.0457 Acc: 0.2539 Embedding-Loss: 0.0341 Classification-Loss: 2.0117
test  Loss: 2.0329 Acc: 0.2467 Embedding-Loss: 0.0046 Classification-Loss: 2.0282
Epoch 80/100
----------
train Loss: 2.0311 Acc: 0.2542 Embedding-Loss: 0.0196 Classification-Loss: 2.0115
test  Loss: 2.0289 Acc: 0.2464 Embedding-Loss: 0.0007 Classification-Loss: 2.0282
Epoch 81/100
----------
train Loss: 2.0174 Acc: 0.2541 Embedding-Loss: 0.0059 Classification-Loss: 2.0115
test  Loss: 2.0530 Acc: 0.2464 Embedding-Loss: 0.0248 Classification-Loss: 2.0282
Epoch 82/100
----------
train Loss: 2.0369 Acc: 0.2542 Embedding-Loss: 0.0255 Classification-Loss: 2.0114
test  Loss: 2.0302 Acc: 0.2467 Embedding-Loss: 0.0021 Classification-Loss: 2.0282
Epoch 83/100
----------
train Loss: 2.0286 Acc: 0.2542 Embedding-Loss: 0.0172 Classification-Loss: 2.0114
test  Loss: 2.0286 Acc: 0.2465 Embedding-Loss: 0.0005 Classification-Loss: 2.0281
Epoch 84/100
----------
train Loss: 2.0309 Acc: 0.2542 Embedding-Loss: 0.0195 Classification-Loss: 2.0114
test  Loss: 2.0752 Acc: 0.2465 Embedding-Loss: 0.0471 Classification-Loss: 2.0281
Epoch 85/100
----------
train Loss: 2.0417 Acc: 0.2546 Embedding-Loss: 0.0304 Classification-Loss: 2.0113
test  Loss: 2.0294 Acc: 0.2469 Embedding-Loss: 0.0014 Classification-Loss: 2.0280
Epoch 86/100
----------
train Loss: 2.0308 Acc: 0.2544 Embedding-Loss: 0.0196 Classification-Loss: 2.0113
test  Loss: 2.0519 Acc: 0.2466 Embedding-Loss: 0.0239 Classification-Loss: 2.0280
Epoch 87/100
----------
train Loss: 2.0217 Acc: 0.2545 Embedding-Loss: 0.0104 Classification-Loss: 2.0112
test  Loss: 2.0752 Acc: 0.2470 Embedding-Loss: 0.0472 Classification-Loss: 2.0280
Epoch 88/100
----------
train Loss: 2.0281 Acc: 0.2540 Embedding-Loss: 0.0169 Classification-Loss: 2.0112
test  Loss: 2.0530 Acc: 0.2462 Embedding-Loss: 0.0251 Classification-Loss: 2.0279
Epoch 89/100
----------
train Loss: 2.0236 Acc: 0.2541 Embedding-Loss: 0.0125 Classification-Loss: 2.0111
test  Loss: 2.0530 Acc: 0.2463 Embedding-Loss: 0.0252 Classification-Loss: 2.0278
Epoch 90/100
----------
train Loss: 2.0287 Acc: 0.2541 Embedding-Loss: 0.0177 Classification-Loss: 2.0111
test  Loss: 2.0285 Acc: 0.2469 Embedding-Loss: 0.0007 Classification-Loss: 2.0278
Epoch 91/100
----------
train Loss: 2.0253 Acc: 0.2543 Embedding-Loss: 0.0143 Classification-Loss: 2.0111
test  Loss: 2.0284 Acc: 0.2467 Embedding-Loss: 0.0006 Classification-Loss: 2.0278
Epoch 92/100
----------
train Loss: 2.0382 Acc: 0.2543 Embedding-Loss: 0.0272 Classification-Loss: 2.0110
test  Loss: 2.0742 Acc: 0.2461 Embedding-Loss: 0.0464 Classification-Loss: 2.0278
Epoch 93/100
----------
train Loss: 2.0362 Acc: 0.2543 Embedding-Loss: 0.0252 Classification-Loss: 2.0110
test  Loss: 2.0293 Acc: 0.2465 Embedding-Loss: 0.0015 Classification-Loss: 2.0278
Epoch 94/100
----------
train Loss: 2.0163 Acc: 0.2542 Embedding-Loss: 0.0053 Classification-Loss: 2.0110
test  Loss: 2.0735 Acc: 0.2468 Embedding-Loss: 0.0457 Classification-Loss: 2.0277
Epoch 95/100
----------
train Loss: 2.0318 Acc: 0.2543 Embedding-Loss: 0.0208 Classification-Loss: 2.0110
test  Loss: 2.0509 Acc: 0.2469 Embedding-Loss: 0.0232 Classification-Loss: 2.0277
Epoch 96/100
----------
train Loss: 2.0207 Acc: 0.2544 Embedding-Loss: 0.0098 Classification-Loss: 2.0109
test  Loss: 2.0282 Acc: 0.2468 Embedding-Loss: 0.0005 Classification-Loss: 2.0277
Epoch 97/100
----------
train Loss: 2.0207 Acc: 0.2540 Embedding-Loss: 0.0098 Classification-Loss: 2.0109
test  Loss: 2.0281 Acc: 0.2463 Embedding-Loss: 0.0004 Classification-Loss: 2.0277
Epoch 98/100
----------
train Loss: 2.0381 Acc: 0.2544 Embedding-Loss: 0.0272 Classification-Loss: 2.0109
test  Loss: 2.0741 Acc: 0.2465 Embedding-Loss: 0.0465 Classification-Loss: 2.0277
Epoch 99/100
----------
train Loss: 2.0253 Acc: 0.2541 Embedding-Loss: 0.0144 Classification-Loss: 2.0109
test  Loss: 2.0826 Acc: 0.2468 Embedding-Loss: 0.0549 Classification-Loss: 2.0276
Epoch 100/100
----------
train Loss: 2.0240 Acc: 0.2542 Embedding-Loss: 0.0132 Classification-Loss: 2.0109
test  Loss: 2.0509 Acc: 0.2468 Embedding-Loss: 0.0233 Classification-Loss: 2.0276
Training complete in 10m 36s
Best val Acc: 0.247000
Accuracy of the network on the 10000 test images: 24.00
Accuracy of horse : 24.50
Accuracy of car   : 41.70
Accuracy of deer  : 11.20
Accuracy of dog   : 2.20
Accuracy of frog  : 55.20
Accuracy of cat   : 2.60
Accuracy of plane : 38.60
Accuracy of truck : 18.60
Accuracy of ship  : 33.00
Accuracy of bird  : 19.40
Checkpoint saved
Accuracy = 24.00
Previous accuracy = 0.00
#################################################################################
#################################################################################
#################################################################################
Training with the following hyper-parameters:
learning-rate = 0.001
batch-size = 128
momentum = 0.9
weight-decay = 0.01
#################################################################################
Files already downloaded and verified
Files already downloaded and verified
Epoch 1/100
----------
train Loss: 46.0890 Acc: 0.0989 Embedding-Loss: 43.7850 Classification-Loss: 2.3040
test  Loss: 14.3747 Acc: 0.0992 Embedding-Loss: 12.0718 Classification-Loss: 2.3029
Epoch 2/100
----------
train Loss: 8.2790 Acc: 0.1016 Embedding-Loss: 5.9766 Classification-Loss: 2.3024
test  Loss: 4.5758 Acc: 0.1023 Embedding-Loss: 2.2738 Classification-Loss: 2.3020
Epoch 3/100
----------
train Loss: 3.7198 Acc: 0.1065 Embedding-Loss: 1.4183 Classification-Loss: 2.3016
test  Loss: 3.3825 Acc: 0.1058 Embedding-Loss: 1.0813 Classification-Loss: 2.3013
Epoch 4/100
----------
train Loss: 3.1341 Acc: 0.1106 Embedding-Loss: 0.8334 Classification-Loss: 2.3007
test  Loss: 3.0065 Acc: 0.1097 Embedding-Loss: 0.7061 Classification-Loss: 2.3004
Epoch 5/100
----------
train Loss: 2.9151 Acc: 0.1200 Embedding-Loss: 0.6156 Classification-Loss: 2.2995
test  Loss: 2.7331 Acc: 0.1236 Embedding-Loss: 0.4340 Classification-Loss: 2.2991
Epoch 6/100
----------
train Loss: 2.8367 Acc: 0.1314 Embedding-Loss: 0.5389 Classification-Loss: 2.2978
test  Loss: 2.8405 Acc: 0.1267 Embedding-Loss: 0.5436 Classification-Loss: 2.2969
Epoch 7/100
----------
train Loss: 2.7468 Acc: 0.1401 Embedding-Loss: 0.4525 Classification-Loss: 2.2943
test  Loss: 2.6497 Acc: 0.1383 Embedding-Loss: 0.3578 Classification-Loss: 2.2919
Epoch 8/100
----------
train Loss: 2.8166 Acc: 0.1493 Embedding-Loss: 0.5305 Classification-Loss: 2.2861
test  Loss: 2.7340 Acc: 0.1549 Embedding-Loss: 0.4550 Classification-Loss: 2.2790
Epoch 9/100
----------
train Loss: 2.7355 Acc: 0.1596 Embedding-Loss: 0.4700 Classification-Loss: 2.2655
test  Loss: 2.8142 Acc: 0.1622 Embedding-Loss: 0.5657 Classification-Loss: 2.2485
Epoch 10/100
----------
train Loss: 2.5339 Acc: 0.1705 Embedding-Loss: 0.2969 Classification-Loss: 2.2370
test  Loss: 2.3793 Acc: 0.1685 Embedding-Loss: 0.1542 Classification-Loss: 2.2251
Epoch 11/100
----------
train Loss: 2.5277 Acc: 0.1789 Embedding-Loss: 0.3196 Classification-Loss: 2.2081
test  Loss: 2.6062 Acc: 0.1766 Embedding-Loss: 0.4143 Classification-Loss: 2.1919
Epoch 12/100
----------
train Loss: 2.4435 Acc: 0.1943 Embedding-Loss: 0.2748 Classification-Loss: 2.1687
test  Loss: 2.3011 Acc: 0.1942 Embedding-Loss: 0.1498 Classification-Loss: 2.1513
Epoch 13/100
----------
train Loss: 2.4036 Acc: 0.2037 Embedding-Loss: 0.2654 Classification-Loss: 2.1381
test  Loss: 2.5187 Acc: 0.2008 Embedding-Loss: 0.3856 Classification-Loss: 2.1331
Epoch 14/100
----------
train Loss: 2.4210 Acc: 0.2069 Embedding-Loss: 0.2979 Classification-Loss: 2.1231
test  Loss: 2.3436 Acc: 0.1995 Embedding-Loss: 0.2234 Classification-Loss: 2.1202
Epoch 15/100
----------
train Loss: 2.3443 Acc: 0.2105 Embedding-Loss: 0.2324 Classification-Loss: 2.1119
test  Loss: 2.3613 Acc: 0.2059 Embedding-Loss: 0.2479 Classification-Loss: 2.1134
Epoch 16/100
----------
train Loss: 2.3281 Acc: 0.2156 Embedding-Loss: 0.2264 Classification-Loss: 2.1018
test  Loss: 2.3596 Acc: 0.2160 Embedding-Loss: 0.2514 Classification-Loss: 2.1081
Epoch 17/100
----------
train Loss: 2.3582 Acc: 0.2180 Embedding-Loss: 0.2646 Classification-Loss: 2.0936
test  Loss: 2.3691 Acc: 0.2174 Embedding-Loss: 0.2738 Classification-Loss: 2.0953
Epoch 18/100
----------
train Loss: 2.3073 Acc: 0.2233 Embedding-Loss: 0.2224 Classification-Loss: 2.0850
test  Loss: 2.3352 Acc: 0.2189 Embedding-Loss: 0.2436 Classification-Loss: 2.0916
Epoch 19/100
----------
train Loss: 2.3325 Acc: 0.2269 Embedding-Loss: 0.2553 Classification-Loss: 2.0771
test  Loss: 2.2780 Acc: 0.2178 Embedding-Loss: 0.1904 Classification-Loss: 2.0876
Epoch 20/100
----------
train Loss: 2.2549 Acc: 0.2299 Embedding-Loss: 0.1845 Classification-Loss: 2.0704
test  Loss: 2.2365 Acc: 0.2243 Embedding-Loss: 0.1573 Classification-Loss: 2.0793
Epoch 21/100
----------
train Loss: 2.2301 Acc: 0.2319 Embedding-Loss: 0.1629 Classification-Loss: 2.0672
test  Loss: 2.1991 Acc: 0.2220 Embedding-Loss: 0.1226 Classification-Loss: 2.0765
Epoch 22/100
----------
train Loss: 2.2085 Acc: 0.2325 Embedding-Loss: 0.1449 Classification-Loss: 2.0636
test  Loss: 2.2655 Acc: 0.2254 Embedding-Loss: 0.1925 Classification-Loss: 2.0730
Epoch 23/100
----------
train Loss: 2.2004 Acc: 0.2331 Embedding-Loss: 0.1390 Classification-Loss: 2.0614
test  Loss: 2.2303 Acc: 0.2263 Embedding-Loss: 0.1569 Classification-Loss: 2.0734
Epoch 24/100
----------
train Loss: 2.1833 Acc: 0.2360 Embedding-Loss: 0.1258 Classification-Loss: 2.0575
test  Loss: 2.1834 Acc: 0.2281 Embedding-Loss: 0.1135 Classification-Loss: 2.0699
Epoch 25/100
----------
train Loss: 2.2123 Acc: 0.2368 Embedding-Loss: 0.1578 Classification-Loss: 2.0545
test  Loss: 2.2020 Acc: 0.2305 Embedding-Loss: 0.1365 Classification-Loss: 2.0655
Epoch 26/100
----------
train Loss: 2.1960 Acc: 0.2366 Embedding-Loss: 0.1434 Classification-Loss: 2.0526
test  Loss: 2.1832 Acc: 0.2306 Embedding-Loss: 0.1180 Classification-Loss: 2.0653
Epoch 27/100
----------
train Loss: 2.1757 Acc: 0.2401 Embedding-Loss: 0.1269 Classification-Loss: 2.0488
test  Loss: 2.1586 Acc: 0.2324 Embedding-Loss: 0.0952 Classification-Loss: 2.0635
Epoch 28/100
----------
train Loss: 2.1897 Acc: 0.2397 Embedding-Loss: 0.1421 Classification-Loss: 2.0476
test  Loss: 2.1991 Acc: 0.2338 Embedding-Loss: 0.1407 Classification-Loss: 2.0584
Epoch 29/100
----------
train Loss: 2.1678 Acc: 0.2414 Embedding-Loss: 0.1238 Classification-Loss: 2.0440
test  Loss: 2.1303 Acc: 0.2351 Embedding-Loss: 0.0744 Classification-Loss: 2.0559
Epoch 30/100
----------
train Loss: 2.1181 Acc: 0.2440 Embedding-Loss: 0.0775 Classification-Loss: 2.0406
test  Loss: 2.1760 Acc: 0.2336 Embedding-Loss: 0.1213 Classification-Loss: 2.0547
Epoch 31/100
----------
train Loss: 2.1305 Acc: 0.2437 Embedding-Loss: 0.0909 Classification-Loss: 2.0396
test  Loss: 2.1033 Acc: 0.2334 Embedding-Loss: 0.0490 Classification-Loss: 2.0542
Epoch 32/100
----------
train Loss: 2.1204 Acc: 0.2451 Embedding-Loss: 0.0826 Classification-Loss: 2.0379
test  Loss: 2.1062 Acc: 0.2349 Embedding-Loss: 0.0532 Classification-Loss: 2.0530
Epoch 33/100
----------
train Loss: 2.1185 Acc: 0.2441 Embedding-Loss: 0.0817 Classification-Loss: 2.0367
test  Loss: 2.1151 Acc: 0.2362 Embedding-Loss: 0.0624 Classification-Loss: 2.0527
Epoch 34/100
----------
train Loss: 2.1135 Acc: 0.2460 Embedding-Loss: 0.0783 Classification-Loss: 2.0353
test  Loss: 2.1897 Acc: 0.2345 Embedding-Loss: 0.1388 Classification-Loss: 2.0509
Epoch 35/100
----------
train Loss: 2.1003 Acc: 0.2465 Embedding-Loss: 0.0661 Classification-Loss: 2.0342
test  Loss: 2.1042 Acc: 0.2360 Embedding-Loss: 0.0547 Classification-Loss: 2.0495
Epoch 36/100
----------
train Loss: 2.1232 Acc: 0.2463 Embedding-Loss: 0.0904 Classification-Loss: 2.0328
test  Loss: 2.1334 Acc: 0.2387 Embedding-Loss: 0.0822 Classification-Loss: 2.0512
Epoch 37/100
----------
train Loss: 2.0990 Acc: 0.2460 Embedding-Loss: 0.0674 Classification-Loss: 2.0316
test  Loss: 2.0934 Acc: 0.2373 Embedding-Loss: 0.0459 Classification-Loss: 2.0475
Epoch 38/100
----------
train Loss: 2.1030 Acc: 0.2486 Embedding-Loss: 0.0729 Classification-Loss: 2.0302
test  Loss: 2.0947 Acc: 0.2380 Embedding-Loss: 0.0484 Classification-Loss: 2.0463
Epoch 39/100
----------
train Loss: 2.1005 Acc: 0.2480 Embedding-Loss: 0.0712 Classification-Loss: 2.0293
test  Loss: 2.0828 Acc: 0.2331 Embedding-Loss: 0.0361 Classification-Loss: 2.0466
Epoch 40/100
----------
train Loss: 2.0923 Acc: 0.2485 Embedding-Loss: 0.0645 Classification-Loss: 2.0278
test  Loss: 2.0843 Acc: 0.2383 Embedding-Loss: 0.0397 Classification-Loss: 2.0446
Epoch 41/100
----------
train Loss: 2.0797 Acc: 0.2498 Embedding-Loss: 0.0526 Classification-Loss: 2.0271
test  Loss: 2.0650 Acc: 0.2383 Embedding-Loss: 0.0208 Classification-Loss: 2.0442
Epoch 42/100
----------
train Loss: 2.0735 Acc: 0.2499 Embedding-Loss: 0.0472 Classification-Loss: 2.0263
test  Loss: 2.1178 Acc: 0.2384 Embedding-Loss: 0.0742 Classification-Loss: 2.0436
Epoch 43/100
----------
train Loss: 2.0616 Acc: 0.2493 Embedding-Loss: 0.0359 Classification-Loss: 2.0257
test  Loss: 2.0935 Acc: 0.2358 Embedding-Loss: 0.0497 Classification-Loss: 2.0438
Epoch 44/100
----------
train Loss: 2.0624 Acc: 0.2501 Embedding-Loss: 0.0372 Classification-Loss: 2.0251
test  Loss: 2.0940 Acc: 0.2392 Embedding-Loss: 0.0511 Classification-Loss: 2.0429
Epoch 45/100
----------
train Loss: 2.0684 Acc: 0.2508 Embedding-Loss: 0.0440 Classification-Loss: 2.0243
test  Loss: 2.0734 Acc: 0.2384 Embedding-Loss: 0.0312 Classification-Loss: 2.0422
Epoch 46/100
----------
train Loss: 2.0645 Acc: 0.2509 Embedding-Loss: 0.0406 Classification-Loss: 2.0239
test  Loss: 2.0949 Acc: 0.2360 Embedding-Loss: 0.0523 Classification-Loss: 2.0426
Epoch 47/100
----------
train Loss: 2.0678 Acc: 0.2518 Embedding-Loss: 0.0444 Classification-Loss: 2.0234
test  Loss: 2.0616 Acc: 0.2384 Embedding-Loss: 0.0199 Classification-Loss: 2.0417
Epoch 48/100
----------
train Loss: 2.0623 Acc: 0.2516 Embedding-Loss: 0.0396 Classification-Loss: 2.0228
test  Loss: 2.0926 Acc: 0.2417 Embedding-Loss: 0.0513 Classification-Loss: 2.0413
Epoch 49/100
----------
train Loss: 2.0815 Acc: 0.2518 Embedding-Loss: 0.0594 Classification-Loss: 2.0221
test  Loss: 2.1060 Acc: 0.2398 Embedding-Loss: 0.0655 Classification-Loss: 2.0405
Epoch 50/100
----------
train Loss: 2.0585 Acc: 0.2523 Embedding-Loss: 0.0370 Classification-Loss: 2.0214
test  Loss: 2.0813 Acc: 0.2406 Embedding-Loss: 0.0411 Classification-Loss: 2.0401
Epoch 51/100
----------
train Loss: 2.0420 Acc: 0.2525 Embedding-Loss: 0.0208 Classification-Loss: 2.0211
test  Loss: 2.0968 Acc: 0.2406 Embedding-Loss: 0.0568 Classification-Loss: 2.0399
Epoch 52/100
----------
train Loss: 2.0471 Acc: 0.2528 Embedding-Loss: 0.0263 Classification-Loss: 2.0208
test  Loss: 2.0512 Acc: 0.2372 Embedding-Loss: 0.0114 Classification-Loss: 2.0398
Epoch 53/100
----------
train Loss: 2.0435 Acc: 0.2523 Embedding-Loss: 0.0228 Classification-Loss: 2.0206
test  Loss: 2.0546 Acc: 0.2388 Embedding-Loss: 0.0153 Classification-Loss: 2.0392
Epoch 54/100
----------
train Loss: 2.0504 Acc: 0.2531 Embedding-Loss: 0.0302 Classification-Loss: 2.0202
test  Loss: 2.0892 Acc: 0.2390 Embedding-Loss: 0.0502 Classification-Loss: 2.0391
Epoch 55/100
----------
train Loss: 2.0419 Acc: 0.2525 Embedding-Loss: 0.0219 Classification-Loss: 2.0200
test  Loss: 2.0743 Acc: 0.2390 Embedding-Loss: 0.0354 Classification-Loss: 2.0389
Epoch 56/100
----------
train Loss: 2.0559 Acc: 0.2533 Embedding-Loss: 0.0362 Classification-Loss: 2.0197
test  Loss: 2.0524 Acc: 0.2413 Embedding-Loss: 0.0137 Classification-Loss: 2.0388
Epoch 57/100
----------
train Loss: 2.0470 Acc: 0.2532 Embedding-Loss: 0.0276 Classification-Loss: 2.0194
test  Loss: 2.0751 Acc: 0.2394 Embedding-Loss: 0.0367 Classification-Loss: 2.0385
Epoch 58/100
----------
train Loss: 2.0550 Acc: 0.2534 Embedding-Loss: 0.0359 Classification-Loss: 2.0191
test  Loss: 2.0842 Acc: 0.2393 Embedding-Loss: 0.0459 Classification-Loss: 2.0383
Epoch 59/100
----------
train Loss: 2.0416 Acc: 0.2528 Embedding-Loss: 0.0228 Classification-Loss: 2.0188
test  Loss: 2.0764 Acc: 0.2390 Embedding-Loss: 0.0383 Classification-Loss: 2.0381
Epoch 60/100
----------
train Loss: 2.0391 Acc: 0.2533 Embedding-Loss: 0.0206 Classification-Loss: 2.0184
test  Loss: 2.0959 Acc: 0.2394 Embedding-Loss: 0.0581 Classification-Loss: 2.0378
Epoch 61/100
----------
train Loss: 2.0469 Acc: 0.2539 Embedding-Loss: 0.0286 Classification-Loss: 2.0182
test  Loss: 2.0665 Acc: 0.2417 Embedding-Loss: 0.0284 Classification-Loss: 2.0381
Epoch 62/100
----------
train Loss: 2.0444 Acc: 0.2539 Embedding-Loss: 0.0263 Classification-Loss: 2.0181
test  Loss: 2.0465 Acc: 0.2394 Embedding-Loss: 0.0089 Classification-Loss: 2.0377
Epoch 63/100
----------
train Loss: 2.0439 Acc: 0.2537 Embedding-Loss: 0.0260 Classification-Loss: 2.0179
test  Loss: 2.0478 Acc: 0.2416 Embedding-Loss: 0.0102 Classification-Loss: 2.0375
Epoch 64/100
----------
train Loss: 2.0319 Acc: 0.2539 Embedding-Loss: 0.0141 Classification-Loss: 2.0178
test  Loss: 2.0687 Acc: 0.2392 Embedding-Loss: 0.0313 Classification-Loss: 2.0374
Epoch 65/100
----------
train Loss: 2.0347 Acc: 0.2543 Embedding-Loss: 0.0169 Classification-Loss: 2.0177
test  Loss: 2.0897 Acc: 0.2386 Embedding-Loss: 0.0524 Classification-Loss: 2.0373
Epoch 66/100
----------
train Loss: 2.0353 Acc: 0.2536 Embedding-Loss: 0.0177 Classification-Loss: 2.0176
test  Loss: 2.0827 Acc: 0.2406 Embedding-Loss: 0.0455 Classification-Loss: 2.0372
Epoch 67/100
----------
train Loss: 2.0372 Acc: 0.2535 Embedding-Loss: 0.0198 Classification-Loss: 2.0174
test  Loss: 2.0459 Acc: 0.2411 Embedding-Loss: 0.0086 Classification-Loss: 2.0372
Epoch 68/100
----------
train Loss: 2.0384 Acc: 0.2541 Embedding-Loss: 0.0211 Classification-Loss: 2.0174
test  Loss: 2.0647 Acc: 0.2384 Embedding-Loss: 0.0278 Classification-Loss: 2.0369
Epoch 69/100
----------
train Loss: 2.0524 Acc: 0.2540 Embedding-Loss: 0.0352 Classification-Loss: 2.0171
test  Loss: 2.0457 Acc: 0.2394 Embedding-Loss: 0.0089 Classification-Loss: 2.0368
Epoch 70/100
----------
train Loss: 2.0270 Acc: 0.2544 Embedding-Loss: 0.0101 Classification-Loss: 2.0169
test  Loss: 2.0637 Acc: 0.2392 Embedding-Loss: 0.0269 Classification-Loss: 2.0368
Epoch 71/100
----------
train Loss: 2.0452 Acc: 0.2541 Embedding-Loss: 0.0284 Classification-Loss: 2.0169
test  Loss: 2.0646 Acc: 0.2395 Embedding-Loss: 0.0279 Classification-Loss: 2.0367
Epoch 72/100
----------
train Loss: 2.0325 Acc: 0.2545 Embedding-Loss: 0.0158 Classification-Loss: 2.0168
test  Loss: 2.0969 Acc: 0.2398 Embedding-Loss: 0.0603 Classification-Loss: 2.0366
Epoch 73/100
----------
train Loss: 2.0259 Acc: 0.2545 Embedding-Loss: 0.0092 Classification-Loss: 2.0167
test  Loss: 2.0399 Acc: 0.2408 Embedding-Loss: 0.0033 Classification-Loss: 2.0366
Epoch 74/100
----------
train Loss: 2.0307 Acc: 0.2543 Embedding-Loss: 0.0140 Classification-Loss: 2.0167
test  Loss: 2.0649 Acc: 0.2392 Embedding-Loss: 0.0284 Classification-Loss: 2.0365
Epoch 75/100
----------
train Loss: 2.0431 Acc: 0.2540 Embedding-Loss: 0.0266 Classification-Loss: 2.0166
test  Loss: 2.1004 Acc: 0.2419 Embedding-Loss: 0.0636 Classification-Loss: 2.0367
Epoch 76/100
----------
train Loss: 2.0209 Acc: 0.2545 Embedding-Loss: 0.0044 Classification-Loss: 2.0165
test  Loss: 2.0413 Acc: 0.2388 Embedding-Loss: 0.0048 Classification-Loss: 2.0364
Epoch 77/100
----------
train Loss: 2.0255 Acc: 0.2544 Embedding-Loss: 0.0091 Classification-Loss: 2.0164
test  Loss: 2.0398 Acc: 0.2409 Embedding-Loss: 0.0035 Classification-Loss: 2.0364
Epoch 78/100
----------
train Loss: 2.0356 Acc: 0.2539 Embedding-Loss: 0.0193 Classification-Loss: 2.0164
test  Loss: 2.0405 Acc: 0.2394 Embedding-Loss: 0.0042 Classification-Loss: 2.0363
Epoch 79/100
----------
train Loss: 2.0321 Acc: 0.2545 Embedding-Loss: 0.0158 Classification-Loss: 2.0163
test  Loss: 2.0638 Acc: 0.2396 Embedding-Loss: 0.0276 Classification-Loss: 2.0362
Epoch 80/100
----------
train Loss: 2.0402 Acc: 0.2542 Embedding-Loss: 0.0240 Classification-Loss: 2.0162
test  Loss: 2.0620 Acc: 0.2395 Embedding-Loss: 0.0259 Classification-Loss: 2.0362
Epoch 81/100
----------
train Loss: 2.0290 Acc: 0.2539 Embedding-Loss: 0.0129 Classification-Loss: 2.0162
test  Loss: 2.0603 Acc: 0.2414 Embedding-Loss: 0.0241 Classification-Loss: 2.0362
Epoch 82/100
----------
train Loss: 2.0263 Acc: 0.2544 Embedding-Loss: 0.0102 Classification-Loss: 2.0161
test  Loss: 2.0596 Acc: 0.2403 Embedding-Loss: 0.0234 Classification-Loss: 2.0362
Epoch 83/100
----------
train Loss: 2.0378 Acc: 0.2544 Embedding-Loss: 0.0217 Classification-Loss: 2.0161
test  Loss: 2.0826 Acc: 0.2404 Embedding-Loss: 0.0465 Classification-Loss: 2.0361
Epoch 84/100
----------
train Loss: 2.0277 Acc: 0.2541 Embedding-Loss: 0.0117 Classification-Loss: 2.0161
test  Loss: 2.0381 Acc: 0.2411 Embedding-Loss: 0.0020 Classification-Loss: 2.0362
Epoch 85/100
----------
train Loss: 2.0333 Acc: 0.2545 Embedding-Loss: 0.0172 Classification-Loss: 2.0160
test  Loss: 2.0389 Acc: 0.2393 Embedding-Loss: 0.0028 Classification-Loss: 2.0361
Epoch 86/100
----------
train Loss: 2.0363 Acc: 0.2541 Embedding-Loss: 0.0203 Classification-Loss: 2.0160
test  Loss: 2.0394 Acc: 0.2416 Embedding-Loss: 0.0032 Classification-Loss: 2.0361
Epoch 87/100
----------
train Loss: 2.0185 Acc: 0.2545 Embedding-Loss: 0.0026 Classification-Loss: 2.0160
test  Loss: 2.0385 Acc: 0.2411 Embedding-Loss: 0.0024 Classification-Loss: 2.0361
Epoch 88/100
----------
train Loss: 2.0233 Acc: 0.2545 Embedding-Loss: 0.0073 Classification-Loss: 2.0159
test  Loss: 2.0998 Acc: 0.2402 Embedding-Loss: 0.0638 Classification-Loss: 2.0360
Epoch 89/100
----------
train Loss: 2.0391 Acc: 0.2544 Embedding-Loss: 0.0232 Classification-Loss: 2.0159
test  Loss: 2.0410 Acc: 0.2407 Embedding-Loss: 0.0050 Classification-Loss: 2.0360
Epoch 90/100
----------
train Loss: 2.0312 Acc: 0.2544 Embedding-Loss: 0.0153 Classification-Loss: 2.0158
test  Loss: 2.0875 Acc: 0.2403 Embedding-Loss: 0.0515 Classification-Loss: 2.0360
Epoch 91/100
----------
train Loss: 2.0187 Acc: 0.2542 Embedding-Loss: 0.0029 Classification-Loss: 2.0158
test  Loss: 2.0378 Acc: 0.2408 Embedding-Loss: 0.0018 Classification-Loss: 2.0360
Epoch 92/100
----------
train Loss: 2.0330 Acc: 0.2545 Embedding-Loss: 0.0172 Classification-Loss: 2.0158
test  Loss: 2.0576 Acc: 0.2402 Embedding-Loss: 0.0217 Classification-Loss: 2.0359
Epoch 93/100
----------
train Loss: 2.0268 Acc: 0.2543 Embedding-Loss: 0.0110 Classification-Loss: 2.0158
test  Loss: 2.0380 Acc: 0.2408 Embedding-Loss: 0.0021 Classification-Loss: 2.0359
Epoch 94/100
----------
train Loss: 2.0268 Acc: 0.2546 Embedding-Loss: 0.0110 Classification-Loss: 2.0158
test  Loss: 2.0375 Acc: 0.2404 Embedding-Loss: 0.0016 Classification-Loss: 2.0359
Epoch 95/100
----------
train Loss: 2.0265 Acc: 0.2544 Embedding-Loss: 0.0107 Classification-Loss: 2.0158
test  Loss: 2.0365 Acc: 0.2413 Embedding-Loss: 0.0006 Classification-Loss: 2.0359
Epoch 96/100
----------
train Loss: 2.0268 Acc: 0.2543 Embedding-Loss: 0.0110 Classification-Loss: 2.0158
test  Loss: 2.0389 Acc: 0.2406 Embedding-Loss: 0.0030 Classification-Loss: 2.0359
Epoch 97/100
----------
train Loss: 2.0388 Acc: 0.2545 Embedding-Loss: 0.0231 Classification-Loss: 2.0157
test  Loss: 2.0389 Acc: 0.2407 Embedding-Loss: 0.0030 Classification-Loss: 2.0359
Epoch 98/100
----------
train Loss: 2.0288 Acc: 0.2545 Embedding-Loss: 0.0131 Classification-Loss: 2.0157
test  Loss: 2.0387 Acc: 0.2410 Embedding-Loss: 0.0028 Classification-Loss: 2.0359
Epoch 99/100
----------
train Loss: 2.0228 Acc: 0.2541 Embedding-Loss: 0.0071 Classification-Loss: 2.0157
test  Loss: 2.0586 Acc: 0.2412 Embedding-Loss: 0.0227 Classification-Loss: 2.0359
Epoch 100/100
----------
train Loss: 2.0325 Acc: 0.2544 Embedding-Loss: 0.0169 Classification-Loss: 2.0157
test  Loss: 2.0379 Acc: 0.2412 Embedding-Loss: 0.0020 Classification-Loss: 2.0359
Training complete in 10m 26s
Best val Acc: 0.241900
Accuracy of the network on the 10000 test images: 24.00
Accuracy of horse : 20.60
Accuracy of car   : 39.40
Accuracy of deer  : 10.40
Accuracy of dog   : 4.00
Accuracy of frog  : 58.50
Accuracy of cat   : 4.70
Accuracy of plane : 41.10
Accuracy of truck : 16.00
Accuracy of ship  : 33.90
Accuracy of bird  : 13.30
