Using device: cuda:1
################################################################
Training with the following hyper-parameters:
learning-rate = 0.001
batch-size = 16
momentum = 0.9
weight-decay = 0.01
Files already downloaded and verified
Files already downloaded and verified
Epoch 1/50
----------
train Loss: 2.3098 Acc: 0.1919 Embedding-Loss: 0.1627 Classification-Loss: 2.1471
test  Loss: 2.1313 Acc: 0.2800 Embedding-Loss: 0.1628 Classification-Loss: 1.9686
Epoch 2/50
----------
train Loss: 1.9003 Acc: 0.3672 Embedding-Loss: 0.1628 Classification-Loss: 1.7375
test  Loss: 1.7041 Acc: 0.4388 Embedding-Loss: 0.1628 Classification-Loss: 1.5412
Epoch 3/50
----------
train Loss: 1.6625 Acc: 0.4545 Embedding-Loss: 0.1629 Classification-Loss: 1.4996
test  Loss: 1.5798 Acc: 0.4890 Embedding-Loss: 0.1629 Classification-Loss: 1.4169
Epoch 4/50
----------
train Loss: 1.5455 Acc: 0.5017 Embedding-Loss: 0.1630 Classification-Loss: 1.3826
test  Loss: 1.4914 Acc: 0.5213 Embedding-Loss: 0.1630 Classification-Loss: 1.3283
Epoch 5/50
----------
train Loss: 1.4604 Acc: 0.5373 Embedding-Loss: 0.1631 Classification-Loss: 1.2973
test  Loss: 1.4127 Acc: 0.5514 Embedding-Loss: 0.1632 Classification-Loss: 1.2496
Epoch 6/50
----------
train Loss: 1.3918 Acc: 0.5633 Embedding-Loss: 0.1633 Classification-Loss: 1.2286
test  Loss: 1.3829 Acc: 0.5663 Embedding-Loss: 0.1633 Classification-Loss: 1.2195
Epoch 7/50
----------
