Using device: cuda:0
Files already downloaded and verified
Files already downloaded and verified
Epoch 1/3
----------
train Loss: 1.8745 Acc: 0.3019
test  Loss: 1.7584 Acc: 0.3319
Epoch 2/3
----------
train Loss: 1.7637 Acc: 0.3611
test  Loss: 1.6397 Acc: 0.3896
Epoch 3/3
----------
train Loss: 1.7516 Acc: 0.3714
test  Loss: 1.8118 Acc: 0.3450
Training complete in 0m 38s
Best val Acc: 0.389600
Accuracy of the network on the 10000 test images: 38.00
Accuracy of horse : 42.80
Accuracy of car   : 71.40
Accuracy of deer  : 11.00
Accuracy of dog   : 38.90
Accuracy of frog  : 66.20
Accuracy of cat   : 7.20
Accuracy of plane : 57.90
Accuracy of truck : 20.50
Accuracy of ship  : 36.60
Accuracy of bird  : 37.10
