Using device: cuda:0
Files already downloaded and verified
Files already downloaded and verified
Epoch 1/100
----------
train Loss: 2.3023 Acc: 0.1183
test  Loss: 2.3000 Acc: 0.1468
Epoch 2/100
----------
train Loss: 2.2399 Acc: 0.1524
test  Loss: 2.2255 Acc: 0.1751
Epoch 3/100
----------
train Loss: 2.2073 Acc: 0.1677
test  Loss: 2.2160 Acc: 0.1687
Epoch 4/100
----------
train Loss: 2.1859 Acc: 0.1798
test  Loss: 2.1829 Acc: 0.1800
Epoch 5/100
----------
train Loss: 2.1650 Acc: 0.1920
test  Loss: 2.2074 Acc: 0.1841
Epoch 6/100
----------
train Loss: 2.1489 Acc: 0.1992
test  Loss: 2.1986 Acc: 0.1944
Epoch 7/100
----------
train Loss: 2.1273 Acc: 0.2096
test  Loss: 2.1660 Acc: 0.1922
Epoch 8/100
----------
train Loss: 2.1051 Acc: 0.2161
test  Loss: 2.1877 Acc: 0.1877
Epoch 9/100
----------
train Loss: 2.0801 Acc: 0.2307
test  Loss: 2.1822 Acc: 0.1925
Epoch 10/100
----------
train Loss: 2.0025 Acc: 0.2631
test  Loss: 2.2088 Acc: 0.1845
Epoch 11/100
----------
train Loss: 1.9656 Acc: 0.2794
test  Loss: 2.2441 Acc: 0.1871
Epoch 12/100
----------
train Loss: 1.9288 Acc: 0.2939
test  Loss: 2.2627 Acc: 0.1879
Epoch 13/100
----------
train Loss: 1.8880 Acc: 0.3098
test  Loss: 2.3051 Acc: 0.1864
Epoch 14/100
----------
train Loss: 1.8430 Acc: 0.3298
test  Loss: 2.3256 Acc: 0.1788
Epoch 15/100
----------
train Loss: 1.7872 Acc: 0.3547
test  Loss: 2.4288 Acc: 0.1803
Epoch 16/100
----------
train Loss: 1.7345 Acc: 0.3735
test  Loss: 2.4420 Acc: 0.1695
Epoch 17/100
----------
train Loss: 1.6664 Acc: 0.4001
test  Loss: 2.5707 Acc: 0.1727
Epoch 18/100
----------
train Loss: 1.5858 Acc: 0.4295
test  Loss: 2.6055 Acc: 0.1712
Epoch 19/100
----------
train Loss: 1.4990 Acc: 0.4600
test  Loss: 2.7601 Acc: 0.1719
Epoch 20/100
----------
train Loss: 1.1830 Acc: 0.5809
test  Loss: 3.2310 Acc: 0.1698
Epoch 21/100
----------
train Loss: 1.0398 Acc: 0.6339
test  Loss: 3.3585 Acc: 0.1657
Epoch 22/100
----------
train Loss: 0.9394 Acc: 0.6676
test  Loss: 3.6747 Acc: 0.1677
Epoch 23/100
----------
train Loss: 0.8558 Acc: 0.6966
test  Loss: 3.8661 Acc: 0.1633
Epoch 24/100
----------
train Loss: 0.7716 Acc: 0.7264
test  Loss: 4.1776 Acc: 0.1671
Epoch 25/100
----------
train Loss: 0.6885 Acc: 0.7584
test  Loss: 4.3297 Acc: 0.1606
Epoch 26/100
----------
train Loss: 0.5975 Acc: 0.7895
test  Loss: 4.8587 Acc: 0.1709
Epoch 27/100
----------
train Loss: 0.5300 Acc: 0.8143
test  Loss: 4.8196 Acc: 0.1676
Epoch 28/100
----------
train Loss: 0.4562 Acc: 0.8411
test  Loss: 5.2834 Acc: 0.1601
Epoch 29/100
----------
train Loss: 0.3866 Acc: 0.8656
test  Loss: 5.6433 Acc: 0.1606
Epoch 30/100
----------
train Loss: 0.1795 Acc: 0.9444
test  Loss: 6.3772 Acc: 0.1620
Epoch 31/100
----------
train Loss: 0.0764 Acc: 0.9817
test  Loss: 6.9597 Acc: 0.1645
Epoch 32/100
----------
train Loss: 0.0497 Acc: 0.9890
test  Loss: 7.3506 Acc: 0.1683
Epoch 33/100
----------
train Loss: 0.0377 Acc: 0.9919
test  Loss: 7.7530 Acc: 0.1637
Epoch 34/100
----------
train Loss: 0.0338 Acc: 0.9930
test  Loss: 8.0035 Acc: 0.1642
Epoch 35/100
----------
train Loss: 0.0284 Acc: 0.9937
test  Loss: 8.2404 Acc: 0.1653
Epoch 36/100
----------
train Loss: 0.0252 Acc: 0.9944
test  Loss: 8.4343 Acc: 0.1658
Epoch 37/100
----------
train Loss: 0.0211 Acc: 0.9959
test  Loss: 8.5767 Acc: 0.1641
Epoch 38/100
----------
train Loss: 0.0225 Acc: 0.9951
test  Loss: 8.6365 Acc: 0.1645
Epoch 39/100
----------
train Loss: 0.0205 Acc: 0.9955
test  Loss: 8.7949 Acc: 0.1649
Epoch 40/100
----------
train Loss: 0.0148 Acc: 0.9969
test  Loss: 8.8876 Acc: 0.1627
Epoch 41/100
----------
train Loss: 0.0110 Acc: 0.9983
test  Loss: 8.8973 Acc: 0.1642
Epoch 42/100
----------
train Loss: 0.0103 Acc: 0.9981
test  Loss: 8.9947 Acc: 0.1633
Epoch 43/100
----------
train Loss: 0.0086 Acc: 0.9987
test  Loss: 9.1402 Acc: 0.1659
Epoch 44/100
----------
train Loss: 0.0076 Acc: 0.9989
test  Loss: 9.0201 Acc: 0.1650
Epoch 45/100
----------
train Loss: 0.0064 Acc: 0.9991
test  Loss: 9.1428 Acc: 0.1635
Epoch 46/100
----------
train Loss: 0.0062 Acc: 0.9992
test  Loss: 9.1414 Acc: 0.1652
Epoch 47/100
----------
train Loss: 0.0062 Acc: 0.9992
test  Loss: 9.3938 Acc: 0.1644
Epoch 48/100
----------
train Loss: 0.0057 Acc: 0.9992
test  Loss: 9.3524 Acc: 0.1644
Epoch 49/100
----------
train Loss: 0.0062 Acc: 0.9989
test  Loss: 9.4079 Acc: 0.1660
Epoch 50/100
----------
train Loss: 0.0050 Acc: 0.9994
test  Loss: 9.3613 Acc: 0.1660
Epoch 51/100
----------
train Loss: 0.0045 Acc: 0.9995
test  Loss: 9.4687 Acc: 0.1651
Epoch 52/100
----------
train Loss: 0.0047 Acc: 0.9993
test  Loss: 9.5653 Acc: 0.1648
Epoch 53/100
----------
train Loss: 0.0044 Acc: 0.9996
test  Loss: 9.4830 Acc: 0.1642
Epoch 54/100
----------
train Loss: 0.0044 Acc: 0.9993
test  Loss: 9.5463 Acc: 0.1650
Epoch 55/100
----------
train Loss: 0.0044 Acc: 0.9993
test  Loss: 9.4473 Acc: 0.1657
Epoch 56/100
----------
train Loss: 0.0044 Acc: 0.9994
test  Loss: 9.5672 Acc: 0.1658
Epoch 57/100
----------
train Loss: 0.0040 Acc: 0.9995
test  Loss: 9.4783 Acc: 0.1629
Epoch 58/100
----------
train Loss: 0.0037 Acc: 0.9996
test  Loss: 9.6316 Acc: 0.1654
Epoch 59/100
----------
train Loss: 0.0034 Acc: 0.9997
test  Loss: 9.5798 Acc: 0.1640
Epoch 60/100
----------
train Loss: 0.0039 Acc: 0.9994
test  Loss: 9.6213 Acc: 0.1641
Epoch 61/100
----------
train Loss: 0.0033 Acc: 0.9997
test  Loss: 9.5779 Acc: 0.1651
Epoch 62/100
----------
train Loss: 0.0037 Acc: 0.9995
test  Loss: 9.7018 Acc: 0.1643
Epoch 63/100
----------
train Loss: 0.0030 Acc: 0.9997
test  Loss: 9.8230 Acc: 0.1653
Epoch 64/100
----------
train Loss: 0.0033 Acc: 0.9996
test  Loss: 9.5076 Acc: 0.1652
Epoch 65/100
----------
train Loss: 0.0029 Acc: 0.9998
test  Loss: 9.7095 Acc: 0.1646
Epoch 66/100
----------
train Loss: 0.0032 Acc: 0.9996
test  Loss: 9.6092 Acc: 0.1630
Epoch 67/100
----------
train Loss: 0.0035 Acc: 0.9995
test  Loss: 9.6105 Acc: 0.1643
Epoch 68/100
----------
train Loss: 0.0028 Acc: 0.9998
test  Loss: 9.5568 Acc: 0.1643
Epoch 69/100
----------
train Loss: 0.0031 Acc: 0.9996
test  Loss: 9.8943 Acc: 0.1635
Epoch 70/100
----------
train Loss: 0.0031 Acc: 0.9996
test  Loss: 9.7404 Acc: 0.1638
Epoch 71/100
----------
train Loss: 0.0031 Acc: 0.9996
test  Loss: 9.7436 Acc: 0.1639
Epoch 72/100
----------
train Loss: 0.0031 Acc: 0.9996
test  Loss: 9.7014 Acc: 0.1633
Epoch 73/100
----------
train Loss: 0.0032 Acc: 0.9996
test  Loss: 9.7741 Acc: 0.1652
Epoch 74/100
----------
train Loss: 0.0031 Acc: 0.9996
test  Loss: 9.6653 Acc: 0.1641
Epoch 75/100
----------
train Loss: 0.0027 Acc: 0.9998
test  Loss: 9.8044 Acc: 0.1645
Epoch 76/100
----------
train Loss: 0.0031 Acc: 0.9997
test  Loss: 9.9022 Acc: 0.1632
Epoch 77/100
----------
train Loss: 0.0028 Acc: 0.9997
test  Loss: 9.7608 Acc: 0.1637
Epoch 78/100
----------
train Loss: 0.0027 Acc: 0.9997
test  Loss: 9.8506 Acc: 0.1628
Epoch 79/100
----------
train Loss: 0.0027 Acc: 0.9998
test  Loss: 9.7243 Acc: 0.1640
Epoch 80/100
----------
train Loss: 0.0030 Acc: 0.9996
test  Loss: 9.7433 Acc: 0.1622
Epoch 81/100
----------
train Loss: 0.0028 Acc: 0.9998
test  Loss: 9.7896 Acc: 0.1646
Epoch 82/100
----------
train Loss: 0.0025 Acc: 0.9998
test  Loss: 9.7985 Acc: 0.1633
Epoch 83/100
----------
train Loss: 0.0027 Acc: 0.9998
test  Loss: 9.7017 Acc: 0.1616
Epoch 84/100
----------
train Loss: 0.0024 Acc: 0.9998
test  Loss: 9.7330 Acc: 0.1646
Epoch 85/100
----------
train Loss: 0.0028 Acc: 0.9997
test  Loss: 9.8359 Acc: 0.1644
Epoch 86/100
----------
train Loss: 0.0026 Acc: 0.9998
test  Loss: 9.7987 Acc: 0.1653
Epoch 87/100
----------
train Loss: 0.0024 Acc: 0.9998
test  Loss: 9.8524 Acc: 0.1644
Epoch 88/100
----------
train Loss: 0.0022 Acc: 0.9998
test  Loss: 9.8464 Acc: 0.1625
Epoch 89/100
----------
train Loss: 0.0032 Acc: 0.9997
test  Loss: 9.7272 Acc: 0.1620
Epoch 90/100
----------
train Loss: 0.0027 Acc: 0.9997
test  Loss: 9.8522 Acc: 0.1620
Epoch 91/100
----------
train Loss: 0.0027 Acc: 0.9997
test  Loss: 9.8932 Acc: 0.1650
Epoch 92/100
----------
train Loss: 0.0028 Acc: 0.9997
test  Loss: 9.7996 Acc: 0.1652
Epoch 93/100
----------
train Loss: 0.0027 Acc: 0.9997
test  Loss: 9.6371 Acc: 0.1637
Epoch 94/100
----------
train Loss: 0.0029 Acc: 0.9996
test  Loss: 9.8158 Acc: 0.1637
Epoch 95/100
----------
train Loss: 0.0026 Acc: 0.9998
test  Loss: 9.8099 Acc: 0.1636
Epoch 96/100
----------
train Loss: 0.0025 Acc: 0.9997
test  Loss: 9.8552 Acc: 0.1630
Epoch 97/100
----------
train Loss: 0.0023 Acc: 0.9998
test  Loss: 9.7868 Acc: 0.1638
Epoch 98/100
----------
train Loss: 0.0024 Acc: 0.9998
test  Loss: 9.9248 Acc: 0.1632
Epoch 99/100
----------
train Loss: 0.0026 Acc: 0.9998
test  Loss: 9.6663 Acc: 0.1644
Epoch 100/100
----------
train Loss: 0.0027 Acc: 0.9997
test  Loss: 9.8515 Acc: 0.1651
Training complete in 65m 52s
Best val Acc: 0.194400
Accuracy of the network on the 10000 test images: 19.00
Accuracy of horse : 0.10
Accuracy of car   : 21.60
Accuracy of deer  : 56.50
Accuracy of dog   : 11.10
Accuracy of frog  : 8.30
Accuracy of cat   : 0.00
Accuracy of plane : 37.30
Accuracy of truck : 17.90
Accuracy of ship  : 31.40
Accuracy of bird  : 10.20
