Using device: cuda:0
Training with the following hyper-parameters:
learning-rate = 0.01
batch-size = 16
momentum = 0.9
weight-decay = 0.0
Files already downloaded and verified
Files already downloaded and verified
Epoch 1/50
----------
train Loss: 2.8967 Acc: 0.4239 Embedding-Loss: 1.3263 Classification-Loss: 1.5703
test  Loss: 3.0620 Acc: 0.5393 Embedding-Loss: 1.7812 Classification-Loss: 1.2808
Epoch 2/50
----------
train Loss: 3.3733 Acc: 0.5825 Embedding-Loss: 2.2062 Classification-Loss: 1.1671
test  Loss: 3.6622 Acc: 0.6209 Embedding-Loss: 2.6096 Classification-Loss: 1.0526
Epoch 3/50
----------
train Loss: 4.0118 Acc: 0.6608 Embedding-Loss: 3.0527 Classification-Loss: 0.9591
test  Loss: 4.4055 Acc: 0.6644 Embedding-Loss: 3.4460 Classification-Loss: 0.9596
Epoch 4/50
----------
