Using device: cuda:3
################################################################
Training with the following hyper-parameters:
learning-rate = 0.01
batch-size = 16
momentum = 0.9
weight-decay = 0.0
Files already downloaded and verified
Files already downloaded and verified
Epoch 1/50
----------
train Loss: 2.9458 Acc: 0.4026 Embedding-Loss: 1.3275 Classification-Loss: 1.6183
test  Loss: 3.1673 Acc: 0.4811 Embedding-Loss: 1.7543 Classification-Loss: 1.4130
Epoch 2/50
----------
train Loss: 3.4238 Acc: 0.5588 Embedding-Loss: 2.1902 Classification-Loss: 1.2336
test  Loss: 3.8461 Acc: 0.5673 Embedding-Loss: 2.6285 Classification-Loss: 1.2176
Epoch 3/50
----------
train Loss: 4.0586 Acc: 0.6412 Embedding-Loss: 3.0463 Classification-Loss: 1.0123
test  Loss: 4.4571 Acc: 0.6494 Embedding-Loss: 3.4732 Classification-Loss: 0.9839
Epoch 4/50
----------
train Loss: 4.6556 Acc: 0.6994 Embedding-Loss: 3.8026 Classification-Loss: 0.8530
test  Loss: 5.0958 Acc: 0.6838 Embedding-Loss: 4.1873 Classification-Loss: 0.9086
Epoch 5/50
----------
train Loss: 5.2447 Acc: 0.7535 Embedding-Loss: 4.5359 Classification-Loss: 0.7088
test  Loss: 5.7263 Acc: 0.6817 Embedding-Loss: 4.8057 Classification-Loss: 0.9206
Epoch 6/50
----------
train Loss: 5.7186 Acc: 0.8018 Embedding-Loss: 5.1507 Classification-Loss: 0.5679
test  Loss: 6.3783 Acc: 0.6843 Embedding-Loss: 5.4192 Classification-Loss: 0.9590
Epoch 7/50
----------
train Loss: 6.1242 Acc: 0.8523 Embedding-Loss: 5.6990 Classification-Loss: 0.4252
test  Loss: 7.0770 Acc: 0.6907 Embedding-Loss: 6.0787 Classification-Loss: 0.9983
Epoch 8/50
----------
train Loss: 6.5860 Acc: 0.8896 Embedding-Loss: 6.2689 Classification-Loss: 0.3172
test  Loss: 7.6620 Acc: 0.6847 Embedding-Loss: 6.5476 Classification-Loss: 1.1143
Epoch 9/50
----------
train Loss: 6.9830 Acc: 0.9156 Embedding-Loss: 6.7385 Classification-Loss: 0.2446
test  Loss: 8.1769 Acc: 0.6633 Embedding-Loss: 6.9194 Classification-Loss: 1.2576
Epoch 10/50
----------
train Loss: 7.0654 Acc: 0.9685 Embedding-Loss: 6.9640 Classification-Loss: 0.1014
test  Loss: 8.3161 Acc: 0.6885 Embedding-Loss: 6.9624 Classification-Loss: 1.3537
Epoch 11/50
----------
train Loss: 6.9860 Acc: 0.9846 Embedding-Loss: 6.9348 Classification-Loss: 0.0512
test  Loss: 8.5412 Acc: 0.6857 Embedding-Loss: 7.0084 Classification-Loss: 1.5328
Epoch 12/50
----------
train Loss: 7.0033 Acc: 0.9878 Embedding-Loss: 6.9635 Classification-Loss: 0.0399
test  Loss: 8.6144 Acc: 0.6841 Embedding-Loss: 7.0005 Classification-Loss: 1.6138
Epoch 13/50
----------
train Loss: 6.9626 Acc: 0.9897 Embedding-Loss: 6.9278 Classification-Loss: 0.0348
test  Loss: 8.5830 Acc: 0.6789 Embedding-Loss: 6.8627 Classification-Loss: 1.7203
Epoch 14/50
----------
train Loss: 6.9920 Acc: 0.9889 Embedding-Loss: 6.9565 Classification-Loss: 0.0355
test  Loss: 8.7085 Acc: 0.6801 Embedding-Loss: 6.9467 Classification-Loss: 1.7618
Epoch 15/50
----------
train Loss: 6.9625 Acc: 0.9896 Embedding-Loss: 6.9296 Classification-Loss: 0.0329
test  Loss: 8.7154 Acc: 0.6818 Embedding-Loss: 6.9096 Classification-Loss: 1.8058
Epoch 16/50
----------
train Loss: 6.9480 Acc: 0.9884 Embedding-Loss: 6.9132 Classification-Loss: 0.0348
test  Loss: 8.6811 Acc: 0.6776 Embedding-Loss: 6.8825 Classification-Loss: 1.7986
Epoch 17/50
----------
train Loss: 6.9232 Acc: 0.9886 Embedding-Loss: 6.8884 Classification-Loss: 0.0348
test  Loss: 8.6039 Acc: 0.6813 Embedding-Loss: 6.8319 Classification-Loss: 1.7720
Epoch 18/50
----------
train Loss: 6.9092 Acc: 0.9885 Embedding-Loss: 6.8724 Classification-Loss: 0.0368
test  Loss: 8.6665 Acc: 0.6764 Embedding-Loss: 6.8447 Classification-Loss: 1.8219
Epoch 19/50
----------
train Loss: 6.8520 Acc: 0.9884 Embedding-Loss: 6.8156 Classification-Loss: 0.0363
test  Loss: 8.6794 Acc: 0.6790 Embedding-Loss: 6.8309 Classification-Loss: 1.8485
Epoch 20/50
----------
train Loss: 6.8006 Acc: 0.9943 Embedding-Loss: 6.7820 Classification-Loss: 0.0186
test  Loss: 8.5914 Acc: 0.6849 Embedding-Loss: 6.7532 Classification-Loss: 1.8382
Epoch 21/50
----------
train Loss: 6.7102 Acc: 0.9968 Embedding-Loss: 6.6980 Classification-Loss: 0.0123
test  Loss: 8.4842 Acc: 0.6823 Embedding-Loss: 6.6070 Classification-Loss: 1.8771
Epoch 22/50
----------
train Loss: 6.5772 Acc: 0.9982 Embedding-Loss: 6.5689 Classification-Loss: 0.0083
test  Loss: 8.5357 Acc: 0.6786 Embedding-Loss: 6.6149 Classification-Loss: 1.9207
Epoch 23/50
----------
train Loss: 6.5399 Acc: 0.9980 Embedding-Loss: 6.5320 Classification-Loss: 0.0079
test  Loss: 8.4523 Acc: 0.6819 Embedding-Loss: 6.5127 Classification-Loss: 1.9396
Epoch 24/50
----------
train Loss: 6.4522 Acc: 0.9985 Embedding-Loss: 6.4452 Classification-Loss: 0.0069
test  Loss: 8.4025 Acc: 0.6811 Embedding-Loss: 6.3810 Classification-Loss: 2.0215
Epoch 25/50
----------
train Loss: 6.3497 Acc: 0.9984 Embedding-Loss: 6.3434 Classification-Loss: 0.0063
test  Loss: 8.3645 Acc: 0.6837 Embedding-Loss: 6.3537 Classification-Loss: 2.0108
Epoch 26/50
----------
train Loss: 6.2768 Acc: 0.9985 Embedding-Loss: 6.2703 Classification-Loss: 0.0065
test  Loss: 8.2481 Acc: 0.6834 Embedding-Loss: 6.2021 Classification-Loss: 2.0461
Epoch 27/50
----------
train Loss: 6.1747 Acc: 0.9987 Embedding-Loss: 6.1690 Classification-Loss: 0.0057
test  Loss: 8.2387 Acc: 0.6811 Embedding-Loss: 6.1622 Classification-Loss: 2.0765
Epoch 28/50
----------
train Loss: 6.1413 Acc: 0.9987 Embedding-Loss: 6.1356 Classification-Loss: 0.0057
test  Loss: 8.1990 Acc: 0.6818 Embedding-Loss: 6.0927 Classification-Loss: 2.1063
Epoch 29/50
----------
train Loss: 6.0343 Acc: 0.9984 Embedding-Loss: 6.0276 Classification-Loss: 0.0067
test  Loss: 8.0534 Acc: 0.6813 Embedding-Loss: 5.9482 Classification-Loss: 2.1052
Epoch 30/50
----------
train Loss: 5.9516 Acc: 0.9988 Embedding-Loss: 5.9462 Classification-Loss: 0.0053
test  Loss: 8.0546 Acc: 0.6850 Embedding-Loss: 5.9566 Classification-Loss: 2.0979
Epoch 31/50
----------
train Loss: 5.9123 Acc: 0.9990 Embedding-Loss: 5.9076 Classification-Loss: 0.0047
test  Loss: 7.9950 Acc: 0.6821 Embedding-Loss: 5.8762 Classification-Loss: 2.1188
Epoch 32/50
----------
train Loss: 5.8655 Acc: 0.9993 Embedding-Loss: 5.8619 Classification-Loss: 0.0036
test  Loss: 7.9543 Acc: 0.6850 Embedding-Loss: 5.8204 Classification-Loss: 2.1339
Epoch 33/50
----------
train Loss: 5.7723 Acc: 0.9993 Embedding-Loss: 5.7684 Classification-Loss: 0.0039
test  Loss: 7.8206 Acc: 0.6849 Embedding-Loss: 5.7160 Classification-Loss: 2.1047
Epoch 34/50
----------
train Loss: 5.7062 Acc: 0.9993 Embedding-Loss: 5.7024 Classification-Loss: 0.0038
test  Loss: 7.9153 Acc: 0.6849 Embedding-Loss: 5.7850 Classification-Loss: 2.1303
Epoch 35/50
----------
train Loss: 5.6657 Acc: 0.9992 Embedding-Loss: 5.6620 Classification-Loss: 0.0037
test  Loss: 7.7515 Acc: 0.6835 Embedding-Loss: 5.5894 Classification-Loss: 2.1621
Epoch 36/50
----------
train Loss: 5.5862 Acc: 0.9993 Embedding-Loss: 5.5826 Classification-Loss: 0.0036
test  Loss: 7.7174 Acc: 0.6815 Embedding-Loss: 5.5526 Classification-Loss: 2.1648
Epoch 37/50
----------
train Loss: 5.5254 Acc: 0.9994 Embedding-Loss: 5.5221 Classification-Loss: 0.0034
test  Loss: 7.6408 Acc: 0.6861 Embedding-Loss: 5.4728 Classification-Loss: 2.1680
Epoch 38/50
----------
train Loss: 5.4725 Acc: 0.9993 Embedding-Loss: 5.4690 Classification-Loss: 0.0035
test  Loss: 7.6195 Acc: 0.6861 Embedding-Loss: 5.4521 Classification-Loss: 2.1674
Epoch 39/50
----------
train Loss: 5.4052 Acc: 0.9993 Embedding-Loss: 5.4017 Classification-Loss: 0.0034
test  Loss: 7.5260 Acc: 0.6849 Embedding-Loss: 5.3604 Classification-Loss: 2.1656
Epoch 40/50
----------
train Loss: 5.3770 Acc: 0.9992 Embedding-Loss: 5.3735 Classification-Loss: 0.0035
test  Loss: 7.5227 Acc: 0.6873 Embedding-Loss: 5.3674 Classification-Loss: 2.1553
Epoch 41/50
----------
train Loss: 5.3299 Acc: 0.9995 Embedding-Loss: 5.3267 Classification-Loss: 0.0031
test  Loss: 7.5261 Acc: 0.6867 Embedding-Loss: 5.3608 Classification-Loss: 2.1652
Epoch 42/50
----------
train Loss: 5.2730 Acc: 0.9995 Embedding-Loss: 5.2701 Classification-Loss: 0.0029
test  Loss: 7.4202 Acc: 0.6851 Embedding-Loss: 5.2272 Classification-Loss: 2.1931
Epoch 43/50
----------
train Loss: 5.2138 Acc: 0.9994 Embedding-Loss: 5.2108 Classification-Loss: 0.0029
test  Loss: 7.3861 Acc: 0.6842 Embedding-Loss: 5.1804 Classification-Loss: 2.2057
Epoch 44/50
----------
train Loss: 5.1837 Acc: 0.9995 Embedding-Loss: 5.1807 Classification-Loss: 0.0029
test  Loss: 7.3581 Acc: 0.6869 Embedding-Loss: 5.1735 Classification-Loss: 2.1846
Epoch 45/50
----------
train Loss: 5.1675 Acc: 0.9995 Embedding-Loss: 5.1648 Classification-Loss: 0.0027
test  Loss: 7.2872 Acc: 0.6859 Embedding-Loss: 5.1199 Classification-Loss: 2.1673
Epoch 46/50
----------
train Loss: 5.1488 Acc: 0.9996 Embedding-Loss: 5.1463 Classification-Loss: 0.0025
test  Loss: 7.3348 Acc: 0.6858 Embedding-Loss: 5.1037 Classification-Loss: 2.2312
Epoch 47/50
----------
train Loss: 5.0669 Acc: 0.9996 Embedding-Loss: 5.0643 Classification-Loss: 0.0026
test  Loss: 7.2560 Acc: 0.6844 Embedding-Loss: 5.0282 Classification-Loss: 2.2277
Epoch 48/50
----------
train Loss: 5.0448 Acc: 0.9995 Embedding-Loss: 5.0421 Classification-Loss: 0.0027
test  Loss: 7.2000 Acc: 0.6839 Embedding-Loss: 4.9807 Classification-Loss: 2.2193
Epoch 49/50
----------
train Loss: 5.0000 Acc: 0.9994 Embedding-Loss: 4.9973 Classification-Loss: 0.0027
test  Loss: 7.2316 Acc: 0.6856 Embedding-Loss: 5.0120 Classification-Loss: 2.2196
Epoch 50/50
----------
train Loss: 4.9894 Acc: 0.9995 Embedding-Loss: 4.9869 Classification-Loss: 0.0026
test  Loss: 7.1535 Acc: 0.6856 Embedding-Loss: 4.9329 Classification-Loss: 2.2205
Training complete in 475m 5s
Best val Acc: 0.690700
Accuracy of the network on the 10000 test images: 69.00
Accuracy of horse : 78.10
Accuracy of car   : 81.20
Accuracy of deer  : 68.70
Accuracy of dog   : 55.50
Accuracy of frog  : 69.50
Accuracy of cat   : 50.30
Accuracy of plane : 80.80
Accuracy of truck : 78.50
Accuracy of ship  : 75.20
Accuracy of bird  : 52.90
################################################################
Training with the following hyper-parameters:
learning-rate = 0.01
batch-size = 16
momentum = 0.9
weight-decay = 0.001
Files already downloaded and verified
Files already downloaded and verified
Epoch 1/50
----------
train Loss: 2.9308 Acc: 0.4160 Embedding-Loss: 1.3339 Classification-Loss: 1.5969
test  Loss: 3.1048 Acc: 0.5141 Embedding-Loss: 1.7629 Classification-Loss: 1.3418
Epoch 2/50
----------
train Loss: 3.3768 Acc: 0.5672 Embedding-Loss: 2.1722 Classification-Loss: 1.2047
test  Loss: 3.6118 Acc: 0.6223 Embedding-Loss: 2.5484 Classification-Loss: 1.0633
Epoch 3/50
----------
train Loss: 4.0109 Acc: 0.6536 Embedding-Loss: 3.0261 Classification-Loss: 0.9848
test  Loss: 4.2918 Acc: 0.6703 Embedding-Loss: 3.3648 Classification-Loss: 0.9270
Epoch 4/50
----------
train Loss: 4.5931 Acc: 0.7111 Embedding-Loss: 3.7759 Classification-Loss: 0.8172
test  Loss: 5.0893 Acc: 0.6845 Embedding-Loss: 4.1726 Classification-Loss: 0.9166
Epoch 5/50
----------
train Loss: 5.1765 Acc: 0.7609 Embedding-Loss: 4.4940 Classification-Loss: 0.6826
test  Loss: 5.6107 Acc: 0.7088 Embedding-Loss: 4.7653 Classification-Loss: 0.8454
Epoch 6/50
----------
train Loss: 5.7079 Acc: 0.8046 Embedding-Loss: 5.1538 Classification-Loss: 0.5541
test  Loss: 6.3291 Acc: 0.7096 Embedding-Loss: 5.4529 Classification-Loss: 0.8763
Epoch 7/50
----------
train Loss: 6.1612 Acc: 0.8495 Embedding-Loss: 5.7315 Classification-Loss: 0.4297
test  Loss: 6.9142 Acc: 0.7020 Embedding-Loss: 5.9575 Classification-Loss: 0.9567
Epoch 8/50
----------
train Loss: 6.5573 Acc: 0.8870 Embedding-Loss: 6.2312 Classification-Loss: 0.3262
test  Loss: 7.5832 Acc: 0.6750 Embedding-Loss: 6.4354 Classification-Loss: 1.1477
Epoch 9/50
----------
train Loss: 6.9758 Acc: 0.9193 Embedding-Loss: 6.7401 Classification-Loss: 0.2356
test  Loss: 8.0180 Acc: 0.6899 Embedding-Loss: 6.8838 Classification-Loss: 1.1341
Epoch 10/50
----------
train Loss: 7.0022 Acc: 0.9674 Embedding-Loss: 6.8990 Classification-Loss: 0.1032
test  Loss: 8.1145 Acc: 0.7167 Embedding-Loss: 6.9119 Classification-Loss: 1.2026
Epoch 11/50
----------
train Loss: 6.9899 Acc: 0.9825 Embedding-Loss: 6.9346 Classification-Loss: 0.0553
test  Loss: 8.2632 Acc: 0.7112 Embedding-Loss: 6.9120 Classification-Loss: 1.3512
Epoch 12/50
----------
train Loss: 6.9555 Acc: 0.9883 Embedding-Loss: 6.9168 Classification-Loss: 0.0387
test  Loss: 8.3537 Acc: 0.7122 Embedding-Loss: 6.9055 Classification-Loss: 1.4482
Epoch 13/50
----------
train Loss: 6.9230 Acc: 0.9896 Embedding-Loss: 6.8884 Classification-Loss: 0.0345
test  Loss: 8.3483 Acc: 0.7010 Embedding-Loss: 6.8052 Classification-Loss: 1.5432
Epoch 14/50
----------
train Loss: 6.8863 Acc: 0.9899 Embedding-Loss: 6.8527 Classification-Loss: 0.0336
test  Loss: 8.5277 Acc: 0.7034 Embedding-Loss: 6.8980 Classification-Loss: 1.6297
Epoch 15/50
----------
train Loss: 6.9110 Acc: 0.9882 Embedding-Loss: 6.8743 Classification-Loss: 0.0366
test  Loss: 8.3440 Acc: 0.7124 Embedding-Loss: 6.7979 Classification-Loss: 1.5461
Epoch 16/50
----------
train Loss: 6.8980 Acc: 0.9880 Embedding-Loss: 6.8597 Classification-Loss: 0.0383
test  Loss: 8.5006 Acc: 0.7051 Embedding-Loss: 6.8565 Classification-Loss: 1.6441
Epoch 17/50
----------
train Loss: 6.8572 Acc: 0.9878 Embedding-Loss: 6.8194 Classification-Loss: 0.0379
test  Loss: 8.4186 Acc: 0.7113 Embedding-Loss: 6.8202 Classification-Loss: 1.5985
Epoch 18/50
----------
train Loss: 6.8620 Acc: 0.9887 Embedding-Loss: 6.8256 Classification-Loss: 0.0364
test  Loss: 8.4735 Acc: 0.7004 Embedding-Loss: 6.8272 Classification-Loss: 1.6463
Epoch 19/50
----------
train Loss: 6.8562 Acc: 0.9882 Embedding-Loss: 6.8200 Classification-Loss: 0.0361
test  Loss: 8.4710 Acc: 0.7031 Embedding-Loss: 6.8377 Classification-Loss: 1.6333
Epoch 20/50
----------
train Loss: 6.7363 Acc: 0.9938 Embedding-Loss: 6.7157 Classification-Loss: 0.0205
test  Loss: 8.3013 Acc: 0.7142 Embedding-Loss: 6.6916 Classification-Loss: 1.6098
Epoch 21/50
----------
train Loss: 6.6759 Acc: 0.9967 Embedding-Loss: 6.6633 Classification-Loss: 0.0126
test  Loss: 8.2621 Acc: 0.7125 Embedding-Loss: 6.5916 Classification-Loss: 1.6705
Epoch 22/50
----------
train Loss: 6.5644 Acc: 0.9976 Embedding-Loss: 6.5545 Classification-Loss: 0.0099
test  Loss: 8.1902 Acc: 0.7154 Embedding-Loss: 6.5223 Classification-Loss: 1.6679
Epoch 23/50
----------
train Loss: 6.4528 Acc: 0.9979 Embedding-Loss: 6.4444 Classification-Loss: 0.0084
test  Loss: 8.0966 Acc: 0.7182 Embedding-Loss: 6.4210 Classification-Loss: 1.6756
Epoch 24/50
----------
train Loss: 6.3825 Acc: 0.9981 Embedding-Loss: 6.3743 Classification-Loss: 0.0081
test  Loss: 8.1518 Acc: 0.7164 Embedding-Loss: 6.4287 Classification-Loss: 1.7231
Epoch 25/50
----------
train Loss: 6.2836 Acc: 0.9983 Embedding-Loss: 6.2768 Classification-Loss: 0.0068
test  Loss: 8.0371 Acc: 0.7151 Embedding-Loss: 6.3013 Classification-Loss: 1.7358
Epoch 26/50
----------
train Loss: 6.2375 Acc: 0.9985 Embedding-Loss: 6.2307 Classification-Loss: 0.0068
test  Loss: 7.9497 Acc: 0.7146 Embedding-Loss: 6.2039 Classification-Loss: 1.7457
Epoch 27/50
----------
train Loss: 6.1448 Acc: 0.9985 Embedding-Loss: 6.1382 Classification-Loss: 0.0066
test  Loss: 7.9132 Acc: 0.7169 Embedding-Loss: 6.1436 Classification-Loss: 1.7696
Epoch 28/50
----------
train Loss: 6.0743 Acc: 0.9982 Embedding-Loss: 6.0674 Classification-Loss: 0.0068
test  Loss: 7.8407 Acc: 0.7164 Embedding-Loss: 6.0622 Classification-Loss: 1.7786
Epoch 29/50
----------
train Loss: 5.9804 Acc: 0.9986 Embedding-Loss: 5.9741 Classification-Loss: 0.0063
test  Loss: 7.7663 Acc: 0.7132 Embedding-Loss: 5.9650 Classification-Loss: 1.8013
Epoch 30/50
----------
train Loss: 5.9330 Acc: 0.9987 Embedding-Loss: 5.9276 Classification-Loss: 0.0054
test  Loss: 7.7092 Acc: 0.7132 Embedding-Loss: 5.8954 Classification-Loss: 1.8139
Epoch 31/50
----------
train Loss: 5.8730 Acc: 0.9990 Embedding-Loss: 5.8682 Classification-Loss: 0.0047
test  Loss: 7.6485 Acc: 0.7163 Embedding-Loss: 5.8290 Classification-Loss: 1.8195
Epoch 32/50
----------
train Loss: 5.7907 Acc: 0.9992 Embedding-Loss: 5.7867 Classification-Loss: 0.0040
test  Loss: 7.6004 Acc: 0.7153 Embedding-Loss: 5.7659 Classification-Loss: 1.8345
Epoch 33/50
----------
train Loss: 5.7296 Acc: 0.9992 Embedding-Loss: 5.7253 Classification-Loss: 0.0043
test  Loss: 7.5336 Acc: 0.7170 Embedding-Loss: 5.6895 Classification-Loss: 1.8441
Epoch 34/50
----------
train Loss: 5.6764 Acc: 0.9992 Embedding-Loss: 5.6725 Classification-Loss: 0.0039
test  Loss: 7.5221 Acc: 0.7184 Embedding-Loss: 5.6663 Classification-Loss: 1.8558
Epoch 35/50
----------
train Loss: 5.6055 Acc: 0.9992 Embedding-Loss: 5.6018 Classification-Loss: 0.0037
test  Loss: 7.4081 Acc: 0.7146 Embedding-Loss: 5.5761 Classification-Loss: 1.8320
Epoch 36/50
----------
train Loss: 5.5400 Acc: 0.9995 Embedding-Loss: 5.5367 Classification-Loss: 0.0034
test  Loss: 7.3729 Acc: 0.7139 Embedding-Loss: 5.5136 Classification-Loss: 1.8593
Epoch 37/50
----------
train Loss: 5.4593 Acc: 0.9992 Embedding-Loss: 5.4556 Classification-Loss: 0.0037
test  Loss: 7.3446 Acc: 0.7137 Embedding-Loss: 5.4620 Classification-Loss: 1.8825
Epoch 38/50
----------
train Loss: 5.4239 Acc: 0.9994 Embedding-Loss: 5.4208 Classification-Loss: 0.0031
test  Loss: 7.2609 Acc: 0.7118 Embedding-Loss: 5.3711 Classification-Loss: 1.8898
Epoch 39/50
----------
train Loss: 5.3626 Acc: 0.9993 Embedding-Loss: 5.3589 Classification-Loss: 0.0037
test  Loss: 7.2033 Acc: 0.7138 Embedding-Loss: 5.3269 Classification-Loss: 1.8764
Epoch 40/50
----------
train Loss: 5.3107 Acc: 0.9994 Embedding-Loss: 5.3077 Classification-Loss: 0.0030
test  Loss: 7.0967 Acc: 0.7149 Embedding-Loss: 5.2363 Classification-Loss: 1.8604
Epoch 41/50
----------
train Loss: 5.2534 Acc: 0.9994 Embedding-Loss: 5.2499 Classification-Loss: 0.0035
test  Loss: 7.1192 Acc: 0.7145 Embedding-Loss: 5.2238 Classification-Loss: 1.8954
Epoch 42/50
----------
train Loss: 5.2328 Acc: 0.9993 Embedding-Loss: 5.2294 Classification-Loss: 0.0034
test  Loss: 7.1248 Acc: 0.7150 Embedding-Loss: 5.2319 Classification-Loss: 1.8929
Epoch 43/50
----------
train Loss: 5.2263 Acc: 0.9997 Embedding-Loss: 5.2234 Classification-Loss: 0.0029
test  Loss: 7.0936 Acc: 0.7159 Embedding-Loss: 5.2182 Classification-Loss: 1.8753
Epoch 44/50
----------
train Loss: 5.1535 Acc: 0.9994 Embedding-Loss: 5.1504 Classification-Loss: 0.0032
test  Loss: 7.0097 Acc: 0.7135 Embedding-Loss: 5.1221 Classification-Loss: 1.8876
Epoch 45/50
----------
train Loss: 5.1203 Acc: 0.9995 Embedding-Loss: 5.1174 Classification-Loss: 0.0029
test  Loss: 6.9919 Acc: 0.7122 Embedding-Loss: 5.1077 Classification-Loss: 1.8842
Epoch 46/50
----------
train Loss: 5.0682 Acc: 0.9994 Embedding-Loss: 5.0651 Classification-Loss: 0.0031
test  Loss: 6.9732 Acc: 0.7155 Embedding-Loss: 5.0962 Classification-Loss: 1.8769
Epoch 47/50
----------
train Loss: 5.0557 Acc: 0.9996 Embedding-Loss: 5.0532 Classification-Loss: 0.0026
test  Loss: 6.8618 Acc: 0.7170 Embedding-Loss: 4.9893 Classification-Loss: 1.8725
Epoch 48/50
----------
train Loss: 5.0201 Acc: 0.9994 Embedding-Loss: 5.0173 Classification-Loss: 0.0028
test  Loss: 6.8675 Acc: 0.7156 Embedding-Loss: 4.9715 Classification-Loss: 1.8960
Epoch 49/50
----------
train Loss: 4.9651 Acc: 0.9995 Embedding-Loss: 4.9622 Classification-Loss: 0.0029
test  Loss: 6.8246 Acc: 0.7166 Embedding-Loss: 4.9327 Classification-Loss: 1.8919
Epoch 50/50
----------
train Loss: 4.9369 Acc: 0.9996 Embedding-Loss: 4.9341 Classification-Loss: 0.0027
test  Loss: 6.7917 Acc: 0.7177 Embedding-Loss: 4.8996 Classification-Loss: 1.8920
Training complete in 474m 48s
Best val Acc: 0.718400
Accuracy of the network on the 10000 test images: 71.00
Accuracy of horse : 76.70
Accuracy of car   : 84.10
Accuracy of deer  : 64.90
Accuracy of dog   : 63.90
Accuracy of frog  : 81.90
Accuracy of cat   : 46.60
Accuracy of plane : 80.10
Accuracy of truck : 78.70
Accuracy of ship  : 84.00
Accuracy of bird  : 57.50
Checkpoint saved
Accuracy = 71.00
Previous accuracy = 71.00
################################################################
Training with the following hyper-parameters:
learning-rate = 0.01
batch-size = 16
momentum = 0.9
weight-decay = 0.005
Files already downloaded and verified
Files already downloaded and verified
Epoch 1/50
----------
train Loss: 2.9326 Acc: 0.4131 Embedding-Loss: 1.3297 Classification-Loss: 1.6029
test  Loss: 3.0796 Acc: 0.5089 Embedding-Loss: 1.7319 Classification-Loss: 1.3478
Epoch 2/50
----------
train Loss: 3.4056 Acc: 0.5590 Embedding-Loss: 2.1788 Classification-Loss: 1.2267
test  Loss: 3.6950 Acc: 0.6166 Embedding-Loss: 2.6270 Classification-Loss: 1.0680
Epoch 3/50
----------
train Loss: 4.0136 Acc: 0.6416 Embedding-Loss: 3.0066 Classification-Loss: 1.0071
test  Loss: 4.3482 Acc: 0.6561 Embedding-Loss: 3.3922 Classification-Loss: 0.9560
Epoch 4/50
----------
train Loss: 4.6375 Acc: 0.6976 Embedding-Loss: 3.7838 Classification-Loss: 0.8538
test  Loss: 5.1372 Acc: 0.6552 Embedding-Loss: 4.1633 Classification-Loss: 0.9739
Epoch 5/50
----------
train Loss: 5.1883 Acc: 0.7449 Embedding-Loss: 4.4596 Classification-Loss: 0.7287
test  Loss: 5.7314 Acc: 0.6775 Embedding-Loss: 4.8146 Classification-Loss: 0.9168
Epoch 6/50
----------
train Loss: 5.6845 Acc: 0.7893 Embedding-Loss: 5.0862 Classification-Loss: 0.5983
test  Loss: 6.2637 Acc: 0.6963 Embedding-Loss: 5.3596 Classification-Loss: 0.9041
Epoch 7/50
----------
train Loss: 6.1651 Acc: 0.8317 Embedding-Loss: 5.6858 Classification-Loss: 0.4793
test  Loss: 6.9215 Acc: 0.6886 Embedding-Loss: 5.9324 Classification-Loss: 0.9891
Epoch 8/50
----------
train Loss: 6.5532 Acc: 0.8712 Embedding-Loss: 6.1869 Classification-Loss: 0.3664
test  Loss: 7.4358 Acc: 0.6946 Embedding-Loss: 6.4094 Classification-Loss: 1.0264
Epoch 9/50
----------
train Loss: 6.9384 Acc: 0.9021 Embedding-Loss: 6.6605 Classification-Loss: 0.2779
test  Loss: 7.9692 Acc: 0.6739 Embedding-Loss: 6.7890 Classification-Loss: 1.1802
Epoch 10/50
----------
train Loss: 6.9756 Acc: 0.9606 Embedding-Loss: 6.8556 Classification-Loss: 0.1200
test  Loss: 8.0292 Acc: 0.7016 Embedding-Loss: 6.8024 Classification-Loss: 1.2268
Epoch 11/50
----------
train Loss: 6.9129 Acc: 0.9815 Embedding-Loss: 6.8505 Classification-Loss: 0.0624
test  Loss: 8.1795 Acc: 0.7056 Embedding-Loss: 6.8364 Classification-Loss: 1.3431
Epoch 12/50
----------
train Loss: 6.9015 Acc: 0.9846 Embedding-Loss: 6.8534 Classification-Loss: 0.0481
test  Loss: 8.2860 Acc: 0.7000 Embedding-Loss: 6.8481 Classification-Loss: 1.4378
Epoch 13/50
----------
train Loss: 6.8577 Acc: 0.9870 Embedding-Loss: 6.8166 Classification-Loss: 0.0411
test  Loss: 8.3398 Acc: 0.7002 Embedding-Loss: 6.7872 Classification-Loss: 1.5526
Epoch 14/50
----------
train Loss: 6.8715 Acc: 0.9855 Embedding-Loss: 6.8278 Classification-Loss: 0.0437
test  Loss: 8.3550 Acc: 0.6958 Embedding-Loss: 6.7433 Classification-Loss: 1.6117
Epoch 15/50
----------
train Loss: 6.8617 Acc: 0.9858 Embedding-Loss: 6.8194 Classification-Loss: 0.0423
test  Loss: 8.3803 Acc: 0.7040 Embedding-Loss: 6.8175 Classification-Loss: 1.5628
Epoch 16/50
----------
train Loss: 6.8699 Acc: 0.9872 Embedding-Loss: 6.8309 Classification-Loss: 0.0390
test  Loss: 8.4068 Acc: 0.6952 Embedding-Loss: 6.7970 Classification-Loss: 1.6098
Epoch 17/50
----------
train Loss: 6.8467 Acc: 0.9859 Embedding-Loss: 6.8036 Classification-Loss: 0.0431
test  Loss: 8.3451 Acc: 0.6974 Embedding-Loss: 6.7298 Classification-Loss: 1.6153
Epoch 18/50
----------
train Loss: 6.7897 Acc: 0.9878 Embedding-Loss: 6.7522 Classification-Loss: 0.0376
test  Loss: 8.4423 Acc: 0.6958 Embedding-Loss: 6.7488 Classification-Loss: 1.6935
Epoch 19/50
----------
train Loss: 6.8006 Acc: 0.9863 Embedding-Loss: 6.7589 Classification-Loss: 0.0417
test  Loss: 8.3146 Acc: 0.6959 Embedding-Loss: 6.6802 Classification-Loss: 1.6343
Epoch 20/50
----------
train Loss: 6.6993 Acc: 0.9938 Embedding-Loss: 6.6782 Classification-Loss: 0.0211
test  Loss: 8.3567 Acc: 0.7047 Embedding-Loss: 6.7167 Classification-Loss: 1.6400
Epoch 21/50
----------
train Loss: 6.5898 Acc: 0.9968 Embedding-Loss: 6.5778 Classification-Loss: 0.0120
test  Loss: 8.2227 Acc: 0.7035 Embedding-Loss: 6.5707 Classification-Loss: 1.6520
Epoch 22/50
----------
train Loss: 6.5076 Acc: 0.9978 Embedding-Loss: 6.4982 Classification-Loss: 0.0094
test  Loss: 8.1294 Acc: 0.7050 Embedding-Loss: 6.4251 Classification-Loss: 1.7043
Epoch 23/50
----------
train Loss: 6.4421 Acc: 0.9982 Embedding-Loss: 6.4341 Classification-Loss: 0.0080
test  Loss: 8.1785 Acc: 0.7082 Embedding-Loss: 6.4528 Classification-Loss: 1.7257
Epoch 24/50
----------
train Loss: 6.3381 Acc: 0.9984 Embedding-Loss: 6.3307 Classification-Loss: 0.0075
test  Loss: 8.0428 Acc: 0.7042 Embedding-Loss: 6.2741 Classification-Loss: 1.7687
Epoch 25/50
----------
train Loss: 6.2459 Acc: 0.9987 Embedding-Loss: 6.2396 Classification-Loss: 0.0062
test  Loss: 8.0455 Acc: 0.7038 Embedding-Loss: 6.2488 Classification-Loss: 1.7967
Epoch 26/50
----------
train Loss: 6.1892 Acc: 0.9984 Embedding-Loss: 6.1823 Classification-Loss: 0.0069
test  Loss: 7.9303 Acc: 0.7024 Embedding-Loss: 6.1055 Classification-Loss: 1.8247
Epoch 27/50
----------
train Loss: 6.0909 Acc: 0.9985 Embedding-Loss: 6.0846 Classification-Loss: 0.0063
test  Loss: 7.8588 Acc: 0.7064 Embedding-Loss: 6.0070 Classification-Loss: 1.8518
Epoch 28/50
----------
train Loss: 6.0264 Acc: 0.9987 Embedding-Loss: 6.0203 Classification-Loss: 0.0061
test  Loss: 7.8267 Acc: 0.7029 Embedding-Loss: 6.0043 Classification-Loss: 1.8224
Epoch 29/50
----------
train Loss: 5.9311 Acc: 0.9987 Embedding-Loss: 5.9253 Classification-Loss: 0.0058
test  Loss: 7.8128 Acc: 0.7039 Embedding-Loss: 5.9330 Classification-Loss: 1.8798
Epoch 30/50
----------
train Loss: 5.8669 Acc: 0.9988 Embedding-Loss: 5.8616 Classification-Loss: 0.0052
test  Loss: 7.7162 Acc: 0.7036 Embedding-Loss: 5.8593 Classification-Loss: 1.8570
Epoch 31/50
----------
train Loss: 5.8512 Acc: 0.9991 Embedding-Loss: 5.8470 Classification-Loss: 0.0043
test  Loss: 7.7382 Acc: 0.7021 Embedding-Loss: 5.8626 Classification-Loss: 1.8756
Epoch 32/50
----------
train Loss: 5.7345 Acc: 0.9993 Embedding-Loss: 5.7306 Classification-Loss: 0.0039
test  Loss: 7.5553 Acc: 0.7049 Embedding-Loss: 5.6849 Classification-Loss: 1.8704
Epoch 33/50
----------
train Loss: 5.6869 Acc: 0.9992 Embedding-Loss: 5.6827 Classification-Loss: 0.0041
test  Loss: 7.5530 Acc: 0.7064 Embedding-Loss: 5.6625 Classification-Loss: 1.8905
Epoch 34/50
----------
train Loss: 5.6202 Acc: 0.9992 Embedding-Loss: 5.6162 Classification-Loss: 0.0040
test  Loss: 7.5087 Acc: 0.7034 Embedding-Loss: 5.5918 Classification-Loss: 1.9169
Epoch 35/50
----------
train Loss: 5.5607 Acc: 0.9993 Embedding-Loss: 5.5570 Classification-Loss: 0.0037
test  Loss: 7.4538 Acc: 0.7052 Embedding-Loss: 5.5119 Classification-Loss: 1.9419
Epoch 36/50
----------
train Loss: 5.5106 Acc: 0.9995 Embedding-Loss: 5.5070 Classification-Loss: 0.0036
test  Loss: 7.3613 Acc: 0.7052 Embedding-Loss: 5.4367 Classification-Loss: 1.9246
Epoch 37/50
----------
train Loss: 5.4447 Acc: 0.9993 Embedding-Loss: 5.4410 Classification-Loss: 0.0038
test  Loss: 7.3508 Acc: 0.7042 Embedding-Loss: 5.4300 Classification-Loss: 1.9208
Epoch 38/50
----------
train Loss: 5.3593 Acc: 0.9994 Embedding-Loss: 5.3557 Classification-Loss: 0.0037
test  Loss: 7.2435 Acc: 0.6994 Embedding-Loss: 5.3121 Classification-Loss: 1.9315
Epoch 39/50
----------
train Loss: 5.2903 Acc: 0.9993 Embedding-Loss: 5.2867 Classification-Loss: 0.0036
test  Loss: 7.1874 Acc: 0.7043 Embedding-Loss: 5.2480 Classification-Loss: 1.9394
Epoch 40/50
----------
train Loss: 5.2583 Acc: 0.9994 Embedding-Loss: 5.2550 Classification-Loss: 0.0034
test  Loss: 7.1976 Acc: 0.7024 Embedding-Loss: 5.2487 Classification-Loss: 1.9489
Epoch 41/50
----------
train Loss: 5.2257 Acc: 0.9995 Embedding-Loss: 5.2224 Classification-Loss: 0.0033
test  Loss: 7.1353 Acc: 0.7040 Embedding-Loss: 5.1805 Classification-Loss: 1.9548
Epoch 42/50
----------
train Loss: 5.1959 Acc: 0.9994 Embedding-Loss: 5.1927 Classification-Loss: 0.0032
test  Loss: 7.1114 Acc: 0.7055 Embedding-Loss: 5.1700 Classification-Loss: 1.9414
Epoch 43/50
----------
train Loss: 5.1328 Acc: 0.9996 Embedding-Loss: 5.1301 Classification-Loss: 0.0028
test  Loss: 7.0804 Acc: 0.7061 Embedding-Loss: 5.1348 Classification-Loss: 1.9456
Epoch 44/50
----------
train Loss: 5.1176 Acc: 0.9995 Embedding-Loss: 5.1145 Classification-Loss: 0.0031
test  Loss: 7.0682 Acc: 0.7059 Embedding-Loss: 5.1132 Classification-Loss: 1.9549
Epoch 45/50
----------
train Loss: 5.0565 Acc: 0.9994 Embedding-Loss: 5.0535 Classification-Loss: 0.0031
test  Loss: 7.0415 Acc: 0.7054 Embedding-Loss: 5.0885 Classification-Loss: 1.9529
Epoch 46/50
----------
train Loss: 5.0227 Acc: 0.9995 Embedding-Loss: 5.0200 Classification-Loss: 0.0028
test  Loss: 6.8903 Acc: 0.7051 Embedding-Loss: 4.9433 Classification-Loss: 1.9469
Epoch 47/50
----------
train Loss: 4.9982 Acc: 0.9995 Embedding-Loss: 4.9954 Classification-Loss: 0.0028
test  Loss: 6.9368 Acc: 0.7041 Embedding-Loss: 4.9867 Classification-Loss: 1.9502
Epoch 48/50
----------
train Loss: 4.9704 Acc: 0.9995 Embedding-Loss: 4.9675 Classification-Loss: 0.0029
test  Loss: 6.9098 Acc: 0.7032 Embedding-Loss: 4.9429 Classification-Loss: 1.9668
Epoch 49/50
----------
train Loss: 4.9298 Acc: 0.9995 Embedding-Loss: 4.9272 Classification-Loss: 0.0027
test  Loss: 6.8685 Acc: 0.7026 Embedding-Loss: 4.9059 Classification-Loss: 1.9625
Epoch 50/50
----------
train Loss: 4.8971 Acc: 0.9995 Embedding-Loss: 4.8942 Classification-Loss: 0.0029
test  Loss: 6.8630 Acc: 0.7065 Embedding-Loss: 4.9009 Classification-Loss: 1.9621
Training complete in 476m 38s
Best val Acc: 0.708200
Accuracy of the network on the 10000 test images: 70.00
Accuracy of horse : 75.00
Accuracy of car   : 82.50
Accuracy of deer  : 66.30
Accuracy of dog   : 57.00
Accuracy of frog  : 77.70
Accuracy of cat   : 55.00
Accuracy of plane : 77.10
Accuracy of truck : 78.80
Accuracy of ship  : 84.00
Accuracy of bird  : 54.80
################################################################
Training with the following hyper-parameters:
learning-rate = 0.01
batch-size = 16
momentum = 0.9
weight-decay = 0.01
Files already downloaded and verified
Files already downloaded and verified
Epoch 1/50
----------
train Loss: 2.8970 Acc: 0.4251 Embedding-Loss: 1.3300 Classification-Loss: 1.5670
test  Loss: 3.0132 Acc: 0.5511 Embedding-Loss: 1.7492 Classification-Loss: 1.2639
Epoch 2/50
----------
train Loss: 3.3461 Acc: 0.5932 Embedding-Loss: 2.2030 Classification-Loss: 1.1431
test  Loss: 3.6281 Acc: 0.6358 Embedding-Loss: 2.5947 Classification-Loss: 1.0334
Epoch 3/50
----------
train Loss: 3.9409 Acc: 0.6732 Embedding-Loss: 3.0130 Classification-Loss: 0.9280
test  Loss: 4.3134 Acc: 0.6714 Embedding-Loss: 3.3812 Classification-Loss: 0.9322
Epoch 4/50
----------
train Loss: 4.5824 Acc: 0.7304 Embedding-Loss: 3.8171 Classification-Loss: 0.7654
test  Loss: 5.0527 Acc: 0.6905 Embedding-Loss: 4.1610 Classification-Loss: 0.8917
Epoch 5/50
----------
train Loss: 5.1287 Acc: 0.7832 Embedding-Loss: 4.5122 Classification-Loss: 0.6165
test  Loss: 5.8044 Acc: 0.6809 Embedding-Loss: 4.8578 Classification-Loss: 0.9466
Epoch 6/50
----------
train Loss: 5.6491 Acc: 0.8369 Embedding-Loss: 5.1809 Classification-Loss: 0.4682
test  Loss: 6.4137 Acc: 0.6918 Embedding-Loss: 5.4626 Classification-Loss: 0.9511
Epoch 7/50
----------
train Loss: 6.0870 Acc: 0.8811 Embedding-Loss: 5.7410 Classification-Loss: 0.3460
test  Loss: 7.0828 Acc: 0.6846 Embedding-Loss: 6.0307 Classification-Loss: 1.0520
Epoch 8/50
----------
train Loss: 6.5506 Acc: 0.9118 Embedding-Loss: 6.2912 Classification-Loss: 0.2594
test  Loss: 7.7502 Acc: 0.6804 Embedding-Loss: 6.5762 Classification-Loss: 1.1740
Epoch 9/50
----------
train Loss: 6.9346 Acc: 0.9322 Embedding-Loss: 6.7345 Classification-Loss: 0.2001
test  Loss: 8.2111 Acc: 0.6834 Embedding-Loss: 6.9263 Classification-Loss: 1.2849
Epoch 10/50
----------
train Loss: 7.0823 Acc: 0.9726 Embedding-Loss: 6.9949 Classification-Loss: 0.0874
test  Loss: 8.3277 Acc: 0.6967 Embedding-Loss: 6.9815 Classification-Loss: 1.3461
Epoch 11/50
----------
train Loss: 6.9870 Acc: 0.9887 Embedding-Loss: 6.9475 Classification-Loss: 0.0395
test  Loss: 8.4263 Acc: 0.6910 Embedding-Loss: 6.9105 Classification-Loss: 1.5158
Epoch 12/50
----------
train Loss: 6.9893 Acc: 0.9917 Embedding-Loss: 6.9607 Classification-Loss: 0.0286
test  Loss: 8.6015 Acc: 0.6914 Embedding-Loss: 7.0307 Classification-Loss: 1.5708
Epoch 13/50
----------
train Loss: 6.9336 Acc: 0.9924 Embedding-Loss: 6.9070 Classification-Loss: 0.0266
test  Loss: 8.6410 Acc: 0.6917 Embedding-Loss: 6.9811 Classification-Loss: 1.6599
Epoch 14/50
----------
train Loss: 6.9222 Acc: 0.9925 Embedding-Loss: 6.8963 Classification-Loss: 0.0260
test  Loss: 8.6350 Acc: 0.6858 Embedding-Loss: 6.8984 Classification-Loss: 1.7366
Epoch 15/50
----------
train Loss: 6.8873 Acc: 0.9921 Embedding-Loss: 6.8616 Classification-Loss: 0.0257
test  Loss: 8.5997 Acc: 0.6877 Embedding-Loss: 6.8546 Classification-Loss: 1.7451
Epoch 16/50
----------
train Loss: 6.9220 Acc: 0.9924 Embedding-Loss: 6.8969 Classification-Loss: 0.0251
test  Loss: 8.6610 Acc: 0.6915 Embedding-Loss: 6.8722 Classification-Loss: 1.7888
Epoch 17/50
----------
train Loss: 6.8638 Acc: 0.9921 Embedding-Loss: 6.8382 Classification-Loss: 0.0256
test  Loss: 8.5892 Acc: 0.6937 Embedding-Loss: 6.8429 Classification-Loss: 1.7463
Epoch 18/50
----------
train Loss: 6.8397 Acc: 0.9921 Embedding-Loss: 6.8139 Classification-Loss: 0.0257
test  Loss: 8.7270 Acc: 0.6916 Embedding-Loss: 6.9154 Classification-Loss: 1.8116
Epoch 19/50
----------
train Loss: 6.8604 Acc: 0.9901 Embedding-Loss: 6.8304 Classification-Loss: 0.0300
test  Loss: 8.6364 Acc: 0.6858 Embedding-Loss: 6.8377 Classification-Loss: 1.7986
Epoch 20/50
----------
train Loss: 6.7784 Acc: 0.9951 Embedding-Loss: 6.7621 Classification-Loss: 0.0162
test  Loss: 8.5010 Acc: 0.6916 Embedding-Loss: 6.6832 Classification-Loss: 1.8178
Epoch 21/50
----------
train Loss: 6.6622 Acc: 0.9977 Embedding-Loss: 6.6524 Classification-Loss: 0.0098
test  Loss: 8.3925 Acc: 0.6947 Embedding-Loss: 6.5720 Classification-Loss: 1.8205
Epoch 22/50
----------
train Loss: 6.5818 Acc: 0.9983 Embedding-Loss: 6.5742 Classification-Loss: 0.0076
test  Loss: 8.3914 Acc: 0.6941 Embedding-Loss: 6.5477 Classification-Loss: 1.8437
Epoch 23/50
----------
train Loss: 6.4915 Acc: 0.9985 Embedding-Loss: 6.4847 Classification-Loss: 0.0068
test  Loss: 8.2726 Acc: 0.6937 Embedding-Loss: 6.3816 Classification-Loss: 1.8910
Epoch 24/50
----------
train Loss: 6.4260 Acc: 0.9981 Embedding-Loss: 6.4187 Classification-Loss: 0.0074
test  Loss: 8.3057 Acc: 0.6901 Embedding-Loss: 6.4045 Classification-Loss: 1.9012
Epoch 25/50
----------
train Loss: 6.3298 Acc: 0.9985 Embedding-Loss: 6.3235 Classification-Loss: 0.0063
test  Loss: 8.2288 Acc: 0.6934 Embedding-Loss: 6.3032 Classification-Loss: 1.9257
Epoch 26/50
----------
train Loss: 6.2578 Acc: 0.9985 Embedding-Loss: 6.2515 Classification-Loss: 0.0063
test  Loss: 8.1296 Acc: 0.6909 Embedding-Loss: 6.2047 Classification-Loss: 1.9249
Epoch 27/50
----------
train Loss: 6.1808 Acc: 0.9985 Embedding-Loss: 6.1746 Classification-Loss: 0.0061
test  Loss: 8.0720 Acc: 0.6926 Embedding-Loss: 6.0905 Classification-Loss: 1.9815
Epoch 28/50
----------
train Loss: 6.1184 Acc: 0.9983 Embedding-Loss: 6.1118 Classification-Loss: 0.0066
test  Loss: 8.0347 Acc: 0.6930 Embedding-Loss: 6.0516 Classification-Loss: 1.9831
Epoch 29/50
----------
train Loss: 6.0146 Acc: 0.9982 Embedding-Loss: 6.0081 Classification-Loss: 0.0065
test  Loss: 7.9442 Acc: 0.6946 Embedding-Loss: 5.9603 Classification-Loss: 1.9840
Epoch 30/50
----------
train Loss: 5.9527 Acc: 0.9989 Embedding-Loss: 5.9479 Classification-Loss: 0.0048
test  Loss: 7.9107 Acc: 0.6906 Embedding-Loss: 5.9125 Classification-Loss: 1.9983
Epoch 31/50
----------
train Loss: 5.8964 Acc: 0.9994 Embedding-Loss: 5.8924 Classification-Loss: 0.0040
test  Loss: 7.7937 Acc: 0.6922 Embedding-Loss: 5.7711 Classification-Loss: 2.0226
Epoch 32/50
----------
train Loss: 5.8140 Acc: 0.9992 Embedding-Loss: 5.8098 Classification-Loss: 0.0041
test  Loss: 7.7400 Acc: 0.6908 Embedding-Loss: 5.7175 Classification-Loss: 2.0225
Epoch 33/50
----------
train Loss: 5.7393 Acc: 0.9994 Embedding-Loss: 5.7360 Classification-Loss: 0.0033
test  Loss: 7.6942 Acc: 0.6901 Embedding-Loss: 5.6458 Classification-Loss: 2.0484
Epoch 34/50
----------
train Loss: 5.6735 Acc: 0.9995 Embedding-Loss: 5.6704 Classification-Loss: 0.0032
test  Loss: 7.6585 Acc: 0.6938 Embedding-Loss: 5.6350 Classification-Loss: 2.0235
Epoch 35/50
----------
train Loss: 5.5981 Acc: 0.9995 Embedding-Loss: 5.5949 Classification-Loss: 0.0032
test  Loss: 7.5600 Acc: 0.6950 Embedding-Loss: 5.5404 Classification-Loss: 2.0196
Epoch 36/50
----------
train Loss: 5.5564 Acc: 0.9992 Embedding-Loss: 5.5529 Classification-Loss: 0.0035
test  Loss: 7.5496 Acc: 0.6942 Embedding-Loss: 5.5162 Classification-Loss: 2.0334
Epoch 37/50
----------
train Loss: 5.5018 Acc: 0.9996 Embedding-Loss: 5.4989 Classification-Loss: 0.0029
test  Loss: 7.5128 Acc: 0.6941 Embedding-Loss: 5.4487 Classification-Loss: 2.0641
Epoch 38/50
----------
train Loss: 5.4258 Acc: 0.9993 Embedding-Loss: 5.4223 Classification-Loss: 0.0035
test  Loss: 7.5098 Acc: 0.6934 Embedding-Loss: 5.4360 Classification-Loss: 2.0738
Epoch 39/50
----------
train Loss: 5.3600 Acc: 0.9993 Embedding-Loss: 5.3566 Classification-Loss: 0.0033
test  Loss: 7.4817 Acc: 0.6930 Embedding-Loss: 5.3787 Classification-Loss: 2.1029
Epoch 40/50
----------
train Loss: 5.3339 Acc: 0.9995 Embedding-Loss: 5.3312 Classification-Loss: 0.0027
test  Loss: 7.4010 Acc: 0.6938 Embedding-Loss: 5.3093 Classification-Loss: 2.0917
Epoch 41/50
----------
train Loss: 5.2971 Acc: 0.9996 Embedding-Loss: 5.2946 Classification-Loss: 0.0025
test  Loss: 7.3443 Acc: 0.6932 Embedding-Loss: 5.2494 Classification-Loss: 2.0949
Epoch 42/50
----------
train Loss: 5.2438 Acc: 0.9998 Embedding-Loss: 5.2416 Classification-Loss: 0.0022
test  Loss: 7.3206 Acc: 0.6920 Embedding-Loss: 5.2153 Classification-Loss: 2.1054
Epoch 43/50
----------
train Loss: 5.2357 Acc: 0.9996 Embedding-Loss: 5.2332 Classification-Loss: 0.0025
test  Loss: 7.2497 Acc: 0.6935 Embedding-Loss: 5.1814 Classification-Loss: 2.0682
Epoch 44/50
----------
