Using device: cuda:0
Training with the following hyper-parameters:
learning-rate = 0.001
batch-size = 16
momentum = 0.9
weight-decay = 0.0
Files already downloaded and verified
Files already downloaded and verified
Epoch 1/10
----------
train Loss: 1.7432 Acc: 0.3501 Embedding-Loss: 0.0000 Classification-Loss: 1.7432
test  Loss: 1.4734 Acc: 0.4575 Embedding-Loss: 0.0000 Classification-Loss: 1.4734
Epoch 2/10
----------
train Loss: 1.4484 Acc: 0.4729 Embedding-Loss: 0.0000 Classification-Loss: 1.4484
test  Loss: 1.3841 Acc: 0.4891 Embedding-Loss: 0.0000 Classification-Loss: 1.3841
Epoch 3/10
----------
train Loss: 1.3091 Acc: 0.5271 Embedding-Loss: 0.0000 Classification-Loss: 1.3091
test  Loss: 1.2212 Acc: 0.5567 Embedding-Loss: 0.0000 Classification-Loss: 1.2212
Epoch 4/10
----------
train Loss: 1.1918 Acc: 0.5729 Embedding-Loss: 0.0000 Classification-Loss: 1.1918
test  Loss: 1.1326 Acc: 0.5936 Embedding-Loss: 0.0000 Classification-Loss: 1.1326
Epoch 5/10
----------
train Loss: 1.0972 Acc: 0.6105 Embedding-Loss: 0.0000 Classification-Loss: 1.0972
test  Loss: 1.0608 Acc: 0.6222 Embedding-Loss: 0.0000 Classification-Loss: 1.0608
Epoch 6/10
----------
train Loss: 1.0159 Acc: 0.6393 Embedding-Loss: 0.0000 Classification-Loss: 1.0159
test  Loss: 1.0582 Acc: 0.6236 Embedding-Loss: 0.0000 Classification-Loss: 1.0582
Epoch 7/10
----------
train Loss: 0.9457 Acc: 0.6677 Embedding-Loss: 0.0000 Classification-Loss: 0.9457
test  Loss: 1.0104 Acc: 0.6406 Embedding-Loss: 0.0000 Classification-Loss: 1.0104
Epoch 8/10
----------
train Loss: 0.8773 Acc: 0.6909 Embedding-Loss: 0.0000 Classification-Loss: 0.8773
test  Loss: 0.9941 Acc: 0.6498 Embedding-Loss: 0.0000 Classification-Loss: 0.9941
Epoch 9/10
----------
train Loss: 0.8238 Acc: 0.7108 Embedding-Loss: 0.0000 Classification-Loss: 0.8238
test  Loss: 0.9907 Acc: 0.6543 Embedding-Loss: 0.0000 Classification-Loss: 0.9907
Epoch 10/10
----------
train Loss: 0.7001 Acc: 0.7548 Embedding-Loss: 0.0000 Classification-Loss: 0.7001
test  Loss: 0.9231 Acc: 0.6803 Embedding-Loss: 0.0000 Classification-Loss: 0.9231
Training complete in 20m 56s
Best val Acc: 0.680300
Accuracy of the network on the 10000 test images: 68.00
Accuracy of horse : 78.20
Accuracy of car   : 81.00
Accuracy of deer  : 55.90
Accuracy of dog   : 53.40
Accuracy of frog  : 74.80
Accuracy of cat   : 48.70
Accuracy of plane : 77.40
Accuracy of truck : 76.00
Accuracy of ship  : 79.80
Accuracy of bird  : 55.10
Training with the following hyper-parameters:
learning-rate = 0.001
batch-size = 16
momentum = 0.9
weight-decay = 0.001
Files already downloaded and verified
Files already downloaded and verified
Epoch 1/10
----------
train Loss: 1.7504 Acc: 0.3465 Embedding-Loss: 0.0000 Classification-Loss: 1.7504
test  Loss: 1.7735 Acc: 0.3703 Embedding-Loss: 0.0000 Classification-Loss: 1.7735
Epoch 2/10
----------
train Loss: 1.4483 Acc: 0.4725 Embedding-Loss: 0.0000 Classification-Loss: 1.4483
test  Loss: 1.3739 Acc: 0.4987 Embedding-Loss: 0.0000 Classification-Loss: 1.3739
Epoch 3/10
----------
